#
# A fatal error has been detected by the Java Runtime Environment:
#
#  EXCEPTION_ACCESS_VIOLATION (0xc0000005) at pc=0x00007ffbe4a6d0d9, pid=8412, tid=6256
#
# JRE version: OpenJDK Runtime Environment (17.0.6) (build 17.0.6+0-b2043.56-9586694)
# Java VM: OpenJDK 64-Bit Server VM (17.0.6+0-b2043.56-9586694, mixed mode, tiered, compressed oops, compressed class ptrs, g1 gc, windows-amd64)
# Problematic frame:
# C  [nvoglv64.dll+0xcdd0d9]
#
# No core dump will be written. Minidumps are not enabled by default on client versions of Windows
#
# If you would like to submit a bug report, please visit:
#   https://bugreport.java.com/bugreport/crash.jsp
# The crash happened outside the Java Virtual Machine in native code.
# See problematic frame for where to report the bug.
#

---------------  S U M M A R Y ------------

Command Line: -Dfile.encoding=windows-1251 -Duser.country=RU -Duser.language=ru -Duser.variant com.tanks_2d.DesktopLauncher

Host: AMD Ryzen 5 1600X Six-Core Processor           , 12 cores, 15G,  Windows 10 , 64 bit Build 19041 (10.0.19041.1023)
Time: Sat Jun  3 14:44:51 2023  Windows 10 , 64 bit Build 19041 (10.0.19041.1023) elapsed time: 5.904231 seconds (0d 0h 0m 5s)

---------------  T H R E A D  ---------------

Current thread (0x000002293a102a30):  JavaThread "main" [_thread_in_native, id=6256, stack(0x000000b336a00000,0x000000b336b00000)]

Stack: [0x000000b336a00000,0x000000b336b00000],  sp=0x000000b336afea20,  free space=1018k
Native frames: (J=compiled Java code, j=interpreted, Vv=VM code, C=native code)
C  [nvoglv64.dll+0xcdd0d9]

Java frames: (J=compiled Java code, j=interpreted, Vv=VM code)
J 1749  org.lwjgl.opengl.GL11C.nglDrawElements(IIIJ)V (0 bytes) @ 0x00000229469a4e76 [0x00000229469a4e20+0x0000000000000056]
J 1751 c1 org.lwjgl.opengl.GL11C.glDrawElements(ILjava/nio/ShortBuffer;)V (16 bytes) @ 0x000002293f0dd6fc [0x000002293f0dd4e0+0x000000000000021c]
J 1728 c1 com.badlogic.gdx.backends.lwjgl3.Lwjgl3GL20.glDrawElements(IIILjava/nio/Buffer;)V (232 bytes) @ 0x000002293f0cf2c4 [0x000002293f0cde40+0x0000000000001484]
J 1649 c1 com.badlogic.gdx.graphics.Mesh.render(Lcom/badlogic/gdx/graphics/glutils/ShaderProgram;IIIZ)V (323 bytes) @ 0x000002293f0a3c04 [0x000002293f0a3680+0x0000000000000584]
J 1682 c1 com.badlogic.gdx.graphics.Mesh.render(Lcom/badlogic/gdx/graphics/glutils/ShaderProgram;III)V (14 bytes) @ 0x000002293f0b4994 [0x000002293f0b4920+0x0000000000000074]
J 1593 c1 com.badlogic.gdx.graphics.g2d.SpriteBatch.flush()V (193 bytes) @ 0x000002293f0880b4 [0x000002293f0871c0+0x0000000000000ef4]
J 1748 c1 com.badlogic.gdx.graphics.g2d.SpriteBatch.draw(Lcom/badlogic/gdx/graphics/Texture;FFFF)V (279 bytes) @ 0x000002293f0dc0ac [0x000002293f0dbe60+0x000000000000024c]
J 1747 c1 com.badlogic.gdx.graphics.g2d.SpriteBatch.draw(Lcom/badlogic/gdx/graphics/Texture;FF)V (18 bytes) @ 0x000002293f0db934 [0x000002293f0db760+0x00000000000001d4]
j  com.tanks_2d.Screens.MenuScreen.render(F)V+215
j  com.badlogic.gdx.Game.render()V+19
j  com.badlogic.gdx.backends.lwjgl3.Lwjgl3Window.update()Z+187
j  com.badlogic.gdx.backends.lwjgl3.Lwjgl3Application.loop()V+111
j  com.badlogic.gdx.backends.lwjgl3.Lwjgl3Application.<init>(Lcom/badlogic/gdx/ApplicationListener;Lcom/badlogic/gdx/backends/lwjgl3/Lwjgl3ApplicationConfiguration;)V+269
j  com.tanks_2d.DesktopLauncher.main([Ljava/lang/String;)V+48
v  ~StubRoutines::call_stub

siginfo: EXCEPTION_ACCESS_VIOLATION (0xc0000005), reading address 0x000002295d63c34a


Register to memory mapping:

RIP=0x00007ffbe4a6d0d9 nvoglv64.dll
RAX=0x000000002bac66f8 is an unknown value
RBX=0x0000000000000001 is an unknown value
RCX=0x0 is NULL
RDX=0x00000001b4bc05b5 is an unknown value
RSP=0x000000b336afea20 is pointing into the stack for thread: 0x000002293a102a30
RBP=0x0000000000000006 is an unknown value
RSI=0x0000000000000006 is an unknown value
RDI=0x0000000000001403 is an unknown value
R8 =0x0000000000000061 is an unknown value
R9 =0x0 is NULL
R10=0x00000000546c6148 is an unknown value
R11=0xfffffffff82c8223 is an unknown value
R12=0x0000000000000004 is an unknown value
R13=0x000002295f2fc080 points into unknown readable memory: 0x0000000000000000 | 00 00 00 00 00 00 00 00
R14=0x000002295d63c340 is an unknown value
R15=0x000002295f2fce58 points into unknown readable memory: 0x0000000000000004 | 04 00 00 00 00 00 00 00


Registers:
RAX=0x000000002bac66f8, RBX=0x0000000000000001, RCX=0x0000000000000000, RDX=0x00000001b4bc05b5
RSP=0x000000b336afea20, RBP=0x0000000000000006, RSI=0x0000000000000006, RDI=0x0000000000001403
R8 =0x0000000000000061, R9 =0x0000000000000000, R10=0x00000000546c6148, R11=0xfffffffff82c8223
R12=0x0000000000000004, R13=0x000002295f2fc080, R14=0x000002295d63c340, R15=0x000002295f2fce58
RIP=0x00007ffbe4a6d0d9, EFLAGS=0x0000000000010246

Top of Stack: (sp=0x000000b336afea20)
0x000000b336afea20:   0000000000000001 0000000700000014
0x000000b336afea30:   000000070f732c28 00007ffbeb7e79c7
0x000000b336afea40:   000000b336aff140 000002293f08ec6c
0x000000b336afea50:   000000b336afec88 000000b336afeb48
0x000000b336afea60:   000000b336aff0e0 000002293ef3bb14
0x000000b336afea70:   000002295f2fce58 00007ffbebb3af8e
0x000000b336afea80:   000002295dfeb1d0 000002293a102a30
0x000000b336afea90:   000000b336aff140 000002295d63c340
0x000000b336afeaa0:   000000b336afebd0 0000000000001403
0x000000b336afeab0:   0000000000000004 000002295f2fc080
0x000000b336afeac0:   0000000000000006 000000b336afebe0
0x000000b336afead0:   0000000000000000 00007ffbe46cfd76
0x000000b336afeae0:   000002295dfe8ddc 0000022900000004
0x000000b336afeaf0:   000000b300000000 00007ffb00000000
0x000000b336afeb00:   000002290000000c 00007ffb00001403
0x000000b336afeb10:   000002295d63c340 0000022900000000 

Instructions: (pc=0x00007ffbe4a6d0d9)
0x00007ffbe4a6cfd9:   00 8b d5 4c 8b b4 24 f0 00 00 00 8b cf 45 8b 57
0x00007ffbe4a6cfe9:   14 41 8b 47 18 41 f7 d2 45 23 57 0c 41 0b c2 d1
0x00007ffbe4a6cff9:   e9 83 e1 03 4c 89 7c 24 50 d3 e2 f7 d0 41 23 47
0x00007ffbe4a6d009:   10 41 80 7f 1e 00 89 94 24 e0 00 00 00 0f 85 64
0x00007ffbe4a6d019:   08 00 00 41 80 bd 5c ec 55 00 00 0f 85 56 08 00
0x00007ffbe4a6d029:   00 85 ed 0f 8e 4e 08 00 00 41 83 f8 0e 0f 87 44
0x00007ffbe4a6d039:   08 00 00 41 3b 95 a8 ee 55 00 0f 8f 37 08 00 00
0x00007ffbe4a6d049:   41 83 7f 08 00 0f 85 2c 08 00 00 41 80 7f 1d 00
0x00007ffbe4a6d059:   0f 85 21 08 00 00 41 80 7f 1c 00 0f 85 16 08 00
0x00007ffbe4a6d069:   00 41 80 bd 65 38 55 00 00 0f 85 08 08 00 00 41
0x00007ffbe4a6d079:   80 bd 6c 38 55 00 00 0f 85 fa 07 00 00 a9 00 00
0x00007ffbe4a6d089:   03 00 0f 85 ef 07 00 00 44 0b d0 45 85 57 20 0f
0x00007ffbe4a6d099:   85 e2 07 00 00 bb 01 00 00 00 49 8d 8d 00 f0 55
0x00007ffbe4a6d0a9:   00 8b d3 e8 bf 93 e7 ff 81 ff 05 14 00 00 75 18
0x00007ffbe4a6d0b9:   41 8b 44 ae fc 4c 8d 65 ff 41 8b 0e 8b f8 3b c8
0x00007ffbe4a6d0c9:   0f 47 f9 0f 42 c1 eb 5b 81 ff 03 14 00 00 75 24
0x00007ffbe4a6d0d9:   41 0f b7 4c 6e fe 4c 8d 65 ff 41 0f b7 16 0f b7
0x00007ffbe4a6d0e9:   c1 66 3b d1 66 0f 47 c2 66 0f 42 ca 0f b7 f8 0f
0x00007ffbe4a6d0f9:   b7 c1 eb 2f 81 ff 01 14 00 00 0f 85 77 07 00 00
0x00007ffbe4a6d109:   42 0f b6 54 35 ff 4c 8d 65 ff 45 0f b6 06 8b ca
0x00007ffbe4a6d119:   44 3a c2 41 0f 47 c8 0f b6 f9 8b ca 41 0f 42 c8
0x00007ffbe4a6d129:   0f b6 c1 49 8b cf 8d 75 ff 2b f8 e8 47 0b 00 00
0x00007ffbe4a6d139:   45 8b 57 78 41 8b c2 0f af c7 44 89 94 24 c0 00
0x00007ffbe4a6d149:   00 00 41 3b 85 ac ee 55 00 0f 8f 21 07 00 00 8b
0x00007ffbe4a6d159:   84 24 e8 00 00 00 0f 29 74 24 60 3d 05 14 00 00
0x00007ffbe4a6d169:   0f 85 f6 00 00 00 45 8b 3e 41 8b ff 49 8d 56 04
0x00007ffbe4a6d179:   3b eb 0f 8e 70 03 00 00 83 fe 08 0f 82 b1 00 00
0x00007ffbe4a6d189:   00 83 3d af d3 1d 02 02 0f 8c a4 00 00 00 81 e6
0x00007ffbe4a6d199:   07 00 00 80 7d 07 ff ce 83 ce f8 ff c6 66 41 0f
0x00007ffbe4a6d1a9:   6e cf 8b c5 66 0f 70 c9 00 2b c6 66 0f 6f d9 66
0x00007ffbe4a6d1b9:   0f 6f e1 66 0f 6f d1 f3 0f 6f 02 83 c3 08 66 0f
0x00007ffbe4a6d1c9:   38 3b c8 66 0f 38 3f d0 f3 0f 6f 42 10 48 83 c2 


Stack slot to memory mapping:
stack at sp + 0 slots: 0x0000000000000001 is an unknown value
stack at sp + 1 slots: 0x0000000700000014 is an unknown value
stack at sp + 2 slots: 0x000000070f732c28 is an oop: [F 
{0x000000070f732c28} - klass: {type array float}
 - length: 16
stack at sp + 3 slots: 0x00007ffbeb7e79c7 jvm.dll
stack at sp + 4 slots: 0x000000b336aff140 is pointing into the stack for thread: 0x000002293a102a30
stack at sp + 5 slots: 0x000002293f08ec6c is at entry_point+76 in (nmethod*)0x000002293f08ea90
stack at sp + 6 slots: 0x000000b336afec88 is pointing into the stack for thread: 0x000002293a102a30
stack at sp + 7 slots: 0x000000b336afeb48 is pointing into the stack for thread: 0x000002293a102a30


---------------  P R O C E S S  ---------------

Threads class SMR info:
_java_thread_list=0x0000022964429250, length=16, elements={
0x000002293a102a30, 0x000002295b845f30, 0x000002295b848cc0, 0x000002295b896f90,
0x000002295b899960, 0x000002295b89a220, 0x000002295b89aae0, 0x000002295b89c8f0,
0x000002295b89dc10, 0x000002295b8c4440, 0x000002295ba14220, 0x000002295ba20fa0,
0x000002295c455690, 0x000002295bb6ee50, 0x000002295d1f64c0, 0x00000229641dc790
}

Java Threads: ( => current thread )
=>0x000002293a102a30 JavaThread "main" [_thread_in_native, id=6256, stack(0x000000b336a00000,0x000000b336b00000)]
  0x000002295b845f30 JavaThread "Reference Handler" daemon [_thread_blocked, id=8276, stack(0x000000b337100000,0x000000b337200000)]
  0x000002295b848cc0 JavaThread "Finalizer" daemon [_thread_blocked, id=6008, stack(0x000000b337200000,0x000000b337300000)]
  0x000002295b896f90 JavaThread "Signal Dispatcher" daemon [_thread_blocked, id=2912, stack(0x000000b337300000,0x000000b337400000)]
  0x000002295b899960 JavaThread "Attach Listener" daemon [_thread_blocked, id=2204, stack(0x000000b337400000,0x000000b337500000)]
  0x000002295b89a220 JavaThread "Service Thread" daemon [_thread_blocked, id=5116, stack(0x000000b337500000,0x000000b337600000)]
  0x000002295b89aae0 JavaThread "Monitor Deflation Thread" daemon [_thread_blocked, id=9092, stack(0x000000b337600000,0x000000b337700000)]
  0x000002295b89c8f0 JavaThread "C2 CompilerThread0" daemon [_thread_blocked, id=1820, stack(0x000000b337700000,0x000000b337800000)]
  0x000002295b89dc10 JavaThread "C1 CompilerThread0" daemon [_thread_blocked, id=1224, stack(0x000000b337800000,0x000000b337900000)]
  0x000002295b8c4440 JavaThread "Sweeper thread" daemon [_thread_blocked, id=7468, stack(0x000000b337900000,0x000000b337a00000)]
  0x000002295ba14220 JavaThread "Notification Thread" daemon [_thread_blocked, id=5548, stack(0x000000b337a00000,0x000000b337b00000)]
  0x000002295ba20fa0 JavaThread "Common-Cleaner" daemon [_thread_blocked, id=3432, stack(0x000000b337c00000,0x000000b337d00000)]
  0x000002295c455690 JavaThread "Client" daemon [_thread_blocked, id=6348, stack(0x000000b337e00000,0x000000b337f00000)]
  0x000002295bb6ee50 JavaThread "Thread-0" [_thread_in_native, id=8032, stack(0x000000b337f00000,0x000000b338000000)]
  0x000002295d1f64c0 JavaThread "AssetManager" daemon [_thread_blocked, id=4496, stack(0x000000b339000000,0x000000b339100000)]
  0x00000229641dc790 JavaThread "LWJGL3 Timer" daemon [_thread_blocked, id=5516, stack(0x000000b339300000,0x000000b339400000)]

Other Threads:
  0x000002295b843410 VMThread "VM Thread" [stack: 0x000000b337000000,0x000000b337100000] [id=3888]
  0x000002293a199cf0 WatcherThread [stack: 0x000000b337b00000,0x000000b337c00000] [id=5772]
  0x000002293a1728f0 GCTaskThread "GC Thread#0" [stack: 0x000000b336b00000,0x000000b336c00000] [id=9028]
  0x000002295c531d30 GCTaskThread "GC Thread#1" [stack: 0x000000b338900000,0x000000b338a00000] [id=3460]
  0x000002295d16d940 GCTaskThread "GC Thread#2" [stack: 0x000000b338a00000,0x000000b338b00000] [id=7868]
  0x000002295d1f0cb0 GCTaskThread "GC Thread#3" [stack: 0x000000b338b00000,0x000000b338c00000] [id=4980]
  0x000002295d1f0f60 GCTaskThread "GC Thread#4" [stack: 0x000000b338c00000,0x000000b338d00000] [id=4976]
  0x000002295d1f1210 GCTaskThread "GC Thread#5" [stack: 0x000000b338d00000,0x000000b338e00000] [id=3116]
  0x000002295d2153c0 GCTaskThread "GC Thread#6" [stack: 0x000000b338e00000,0x000000b338f00000] [id=2640]
  0x000002295d215670 GCTaskThread "GC Thread#7" [stack: 0x000000b338f00000,0x000000b339000000] [id=4988]
  0x000002293a184a90 ConcurrentGCThread "G1 Main Marker" [stack: 0x000000b336c00000,0x000000b336d00000] [id=5908]
  0x000002293a185b50 ConcurrentGCThread "G1 Conc#0" [stack: 0x000000b336d00000,0x000000b336e00000] [id=2892]
  0x000002293a1cdc90 ConcurrentGCThread "G1 Refine#0" [stack: 0x000000b336e00000,0x000000b336f00000] [id=3492]
  0x000002293a1ce5c0 ConcurrentGCThread "G1 Service" [stack: 0x000000b336f00000,0x000000b337000000] [id=7816]

Threads with active compile tasks:

VM state: not at safepoint (normal execution)

VM Mutex/Monitor currently owned by a thread: None

Heap address: 0x0000000700c00000, size: 4084 MB, Compressed Oops mode: Zero based, Oop shift amount: 3

CDS archive(s) not mapped
Compressed class space mapped at: 0x0000000800000000-0x0000000840000000, reserved size: 1073741824
Narrow klass base: 0x0000000800000000, Narrow klass shift: 0, Narrow klass range: 0x40000000

GC Precious Log:
 CPUs: 12 total, 12 available
 Memory: 16332M
 Large Page Support: Disabled
 NUMA Support: Disabled
 Compressed Oops: Enabled (Zero based)
 Heap Region Size: 2M
 Heap Min Capacity: 8M
 Heap Initial Capacity: 256M
 Heap Max Capacity: 4084M
 Pre-touch: Disabled
 Parallel Workers: 10
 Concurrent Workers: 3
 Concurrent Refinement Workers: 10
 Periodic GC: Disabled

Heap:
 garbage-first heap   total 262144K, used 31786K [0x0000000700c00000, 0x0000000800000000)
  region size 2048K, 17 young (34816K), 2 survivors (4096K)
 Metaspace       used 18938K, committed 19136K, reserved 1073152K
  class space    used 1712K, committed 1792K, reserved 1048576K

Heap Regions: E=young(eden), S=young(survivor), O=old, HS=humongous(starts), HC=humongous(continues), CS=collection set, F=free, OA=open archive, CA=closed archive, TAMS=top-at-mark-start (previous, next)
|   0|0x0000000700c00000, 0x0000000700e00000, 0x0000000700e00000|100%|HS|  |TAMS 0x0000000700c00000, 0x0000000700c00000| Complete 
|   1|0x0000000700e00000, 0x0000000700e00000, 0x0000000701000000|  0%| F|  |TAMS 0x0000000700e00000, 0x0000000700e00000| Untracked 
|   2|0x0000000701000000, 0x0000000701000000, 0x0000000701200000|  0%| F|  |TAMS 0x0000000701000000, 0x0000000701000000| Untracked 
|   3|0x0000000701200000, 0x0000000701200000, 0x0000000701400000|  0%| F|  |TAMS 0x0000000701200000, 0x0000000701200000| Untracked 
|   4|0x0000000701400000, 0x0000000701400000, 0x0000000701600000|  0%| F|  |TAMS 0x0000000701400000, 0x0000000701400000| Untracked 
|   5|0x0000000701600000, 0x0000000701600000, 0x0000000701800000|  0%| F|  |TAMS 0x0000000701600000, 0x0000000701600000| Untracked 
|   6|0x0000000701800000, 0x0000000701800000, 0x0000000701a00000|  0%| F|  |TAMS 0x0000000701800000, 0x0000000701800000| Untracked 
|   7|0x0000000701a00000, 0x0000000701a00000, 0x0000000701c00000|  0%| F|  |TAMS 0x0000000701a00000, 0x0000000701a00000| Untracked 
|   8|0x0000000701c00000, 0x0000000701c00000, 0x0000000701e00000|  0%| F|  |TAMS 0x0000000701c00000, 0x0000000701c00000| Untracked 
|   9|0x0000000701e00000, 0x0000000701e00000, 0x0000000702000000|  0%| F|  |TAMS 0x0000000701e00000, 0x0000000701e00000| Untracked 
|  10|0x0000000702000000, 0x0000000702000000, 0x0000000702200000|  0%| F|  |TAMS 0x0000000702000000, 0x0000000702000000| Untracked 
|  11|0x0000000702200000, 0x0000000702200000, 0x0000000702400000|  0%| F|  |TAMS 0x0000000702200000, 0x0000000702200000| Untracked 
|  12|0x0000000702400000, 0x0000000702400000, 0x0000000702600000|  0%| F|  |TAMS 0x0000000702400000, 0x0000000702400000| Untracked 
|  13|0x0000000702600000, 0x0000000702600000, 0x0000000702800000|  0%| F|  |TAMS 0x0000000702600000, 0x0000000702600000| Untracked 
|  14|0x0000000702800000, 0x0000000702800000, 0x0000000702a00000|  0%| F|  |TAMS 0x0000000702800000, 0x0000000702800000| Untracked 
|  15|0x0000000702a00000, 0x0000000702a00000, 0x0000000702c00000|  0%| F|  |TAMS 0x0000000702a00000, 0x0000000702a00000| Untracked 
|  16|0x0000000702c00000, 0x0000000702c00000, 0x0000000702e00000|  0%| F|  |TAMS 0x0000000702c00000, 0x0000000702c00000| Untracked 
|  17|0x0000000702e00000, 0x0000000702e00000, 0x0000000703000000|  0%| F|  |TAMS 0x0000000702e00000, 0x0000000702e00000| Untracked 
|  18|0x0000000703000000, 0x0000000703000000, 0x0000000703200000|  0%| F|  |TAMS 0x0000000703000000, 0x0000000703000000| Untracked 
|  19|0x0000000703200000, 0x0000000703200000, 0x0000000703400000|  0%| F|  |TAMS 0x0000000703200000, 0x0000000703200000| Untracked 
|  20|0x0000000703400000, 0x0000000703400000, 0x0000000703600000|  0%| F|  |TAMS 0x0000000703400000, 0x0000000703400000| Untracked 
|  21|0x0000000703600000, 0x0000000703600000, 0x0000000703800000|  0%| F|  |TAMS 0x0000000703600000, 0x0000000703600000| Untracked 
|  22|0x0000000703800000, 0x0000000703800000, 0x0000000703a00000|  0%| F|  |TAMS 0x0000000703800000, 0x0000000703800000| Untracked 
|  23|0x0000000703a00000, 0x0000000703a00000, 0x0000000703c00000|  0%| F|  |TAMS 0x0000000703a00000, 0x0000000703a00000| Untracked 
|  24|0x0000000703c00000, 0x0000000703c00000, 0x0000000703e00000|  0%| F|  |TAMS 0x0000000703c00000, 0x0000000703c00000| Untracked 
|  25|0x0000000703e00000, 0x0000000703e00000, 0x0000000704000000|  0%| F|  |TAMS 0x0000000703e00000, 0x0000000703e00000| Untracked 
|  26|0x0000000704000000, 0x0000000704000000, 0x0000000704200000|  0%| F|  |TAMS 0x0000000704000000, 0x0000000704000000| Untracked 
|  27|0x0000000704200000, 0x0000000704200000, 0x0000000704400000|  0%| F|  |TAMS 0x0000000704200000, 0x0000000704200000| Untracked 
|  28|0x0000000704400000, 0x0000000704400000, 0x0000000704600000|  0%| F|  |TAMS 0x0000000704400000, 0x0000000704400000| Untracked 
|  29|0x0000000704600000, 0x0000000704600000, 0x0000000704800000|  0%| F|  |TAMS 0x0000000704600000, 0x0000000704600000| Untracked 
|  30|0x0000000704800000, 0x0000000704800000, 0x0000000704a00000|  0%| F|  |TAMS 0x0000000704800000, 0x0000000704800000| Untracked 
|  31|0x0000000704a00000, 0x0000000704a00000, 0x0000000704c00000|  0%| F|  |TAMS 0x0000000704a00000, 0x0000000704a00000| Untracked 
|  32|0x0000000704c00000, 0x0000000704c00000, 0x0000000704e00000|  0%| F|  |TAMS 0x0000000704c00000, 0x0000000704c00000| Untracked 
|  33|0x0000000704e00000, 0x0000000704e00000, 0x0000000705000000|  0%| F|  |TAMS 0x0000000704e00000, 0x0000000704e00000| Untracked 
|  34|0x0000000705000000, 0x0000000705000000, 0x0000000705200000|  0%| F|  |TAMS 0x0000000705000000, 0x0000000705000000| Untracked 
|  35|0x0000000705200000, 0x0000000705200000, 0x0000000705400000|  0%| F|  |TAMS 0x0000000705200000, 0x0000000705200000| Untracked 
|  36|0x0000000705400000, 0x0000000705400000, 0x0000000705600000|  0%| F|  |TAMS 0x0000000705400000, 0x0000000705400000| Untracked 
|  37|0x0000000705600000, 0x0000000705600000, 0x0000000705800000|  0%| F|  |TAMS 0x0000000705600000, 0x0000000705600000| Untracked 
|  38|0x0000000705800000, 0x0000000705800000, 0x0000000705a00000|  0%| F|  |TAMS 0x0000000705800000, 0x0000000705800000| Untracked 
|  39|0x0000000705a00000, 0x0000000705a00000, 0x0000000705c00000|  0%| F|  |TAMS 0x0000000705a00000, 0x0000000705a00000| Untracked 
|  40|0x0000000705c00000, 0x0000000705c00000, 0x0000000705e00000|  0%| F|  |TAMS 0x0000000705c00000, 0x0000000705c00000| Untracked 
|  41|0x0000000705e00000, 0x0000000705e00000, 0x0000000706000000|  0%| F|  |TAMS 0x0000000705e00000, 0x0000000705e00000| Untracked 
|  42|0x0000000706000000, 0x0000000706000000, 0x0000000706200000|  0%| F|  |TAMS 0x0000000706000000, 0x0000000706000000| Untracked 
|  43|0x0000000706200000, 0x0000000706200000, 0x0000000706400000|  0%| F|  |TAMS 0x0000000706200000, 0x0000000706200000| Untracked 
|  44|0x0000000706400000, 0x0000000706400000, 0x0000000706600000|  0%| F|  |TAMS 0x0000000706400000, 0x0000000706400000| Untracked 
|  45|0x0000000706600000, 0x0000000706600000, 0x0000000706800000|  0%| F|  |TAMS 0x0000000706600000, 0x0000000706600000| Untracked 
|  46|0x0000000706800000, 0x0000000706800000, 0x0000000706a00000|  0%| F|  |TAMS 0x0000000706800000, 0x0000000706800000| Untracked 
|  47|0x0000000706a00000, 0x0000000706a00000, 0x0000000706c00000|  0%| F|  |TAMS 0x0000000706a00000, 0x0000000706a00000| Untracked 
|  48|0x0000000706c00000, 0x0000000706c00000, 0x0000000706e00000|  0%| F|  |TAMS 0x0000000706c00000, 0x0000000706c00000| Untracked 
|  49|0x0000000706e00000, 0x0000000706e00000, 0x0000000707000000|  0%| F|  |TAMS 0x0000000706e00000, 0x0000000706e00000| Untracked 
|  50|0x0000000707000000, 0x0000000707000000, 0x0000000707200000|  0%| F|  |TAMS 0x0000000707000000, 0x0000000707000000| Untracked 
|  51|0x0000000707200000, 0x0000000707200000, 0x0000000707400000|  0%| F|  |TAMS 0x0000000707200000, 0x0000000707200000| Untracked 
|  52|0x0000000707400000, 0x0000000707400000, 0x0000000707600000|  0%| F|  |TAMS 0x0000000707400000, 0x0000000707400000| Untracked 
|  53|0x0000000707600000, 0x0000000707600000, 0x0000000707800000|  0%| F|  |TAMS 0x0000000707600000, 0x0000000707600000| Untracked 
|  54|0x0000000707800000, 0x0000000707800000, 0x0000000707a00000|  0%| F|  |TAMS 0x0000000707800000, 0x0000000707800000| Untracked 
|  55|0x0000000707a00000, 0x0000000707a00000, 0x0000000707c00000|  0%| F|  |TAMS 0x0000000707a00000, 0x0000000707a00000| Untracked 
|  56|0x0000000707c00000, 0x0000000707c00000, 0x0000000707e00000|  0%| F|  |TAMS 0x0000000707c00000, 0x0000000707c00000| Untracked 
|  57|0x0000000707e00000, 0x0000000707e00000, 0x0000000708000000|  0%| F|  |TAMS 0x0000000707e00000, 0x0000000707e00000| Untracked 
|  58|0x0000000708000000, 0x0000000708000000, 0x0000000708200000|  0%| F|  |TAMS 0x0000000708000000, 0x0000000708000000| Untracked 
|  59|0x0000000708200000, 0x0000000708200000, 0x0000000708400000|  0%| F|  |TAMS 0x0000000708200000, 0x0000000708200000| Untracked 
|  60|0x0000000708400000, 0x0000000708400000, 0x0000000708600000|  0%| F|  |TAMS 0x0000000708400000, 0x0000000708400000| Untracked 
|  61|0x0000000708600000, 0x0000000708600000, 0x0000000708800000|  0%| F|  |TAMS 0x0000000708600000, 0x0000000708600000| Untracked 
|  62|0x0000000708800000, 0x0000000708800000, 0x0000000708a00000|  0%| F|  |TAMS 0x0000000708800000, 0x0000000708800000| Untracked 
|  63|0x0000000708a00000, 0x0000000708a00000, 0x0000000708c00000|  0%| F|  |TAMS 0x0000000708a00000, 0x0000000708a00000| Untracked 
|  64|0x0000000708c00000, 0x0000000708c00000, 0x0000000708e00000|  0%| F|  |TAMS 0x0000000708c00000, 0x0000000708c00000| Untracked 
|  65|0x0000000708e00000, 0x0000000708e00000, 0x0000000709000000|  0%| F|  |TAMS 0x0000000708e00000, 0x0000000708e00000| Untracked 
|  66|0x0000000709000000, 0x0000000709000000, 0x0000000709200000|  0%| F|  |TAMS 0x0000000709000000, 0x0000000709000000| Untracked 
|  67|0x0000000709200000, 0x0000000709200000, 0x0000000709400000|  0%| F|  |TAMS 0x0000000709200000, 0x0000000709200000| Untracked 
|  68|0x0000000709400000, 0x0000000709400000, 0x0000000709600000|  0%| F|  |TAMS 0x0000000709400000, 0x0000000709400000| Untracked 
|  69|0x0000000709600000, 0x0000000709600000, 0x0000000709800000|  0%| F|  |TAMS 0x0000000709600000, 0x0000000709600000| Untracked 
|  70|0x0000000709800000, 0x0000000709800000, 0x0000000709a00000|  0%| F|  |TAMS 0x0000000709800000, 0x0000000709800000| Untracked 
|  71|0x0000000709a00000, 0x0000000709a00000, 0x0000000709c00000|  0%| F|  |TAMS 0x0000000709a00000, 0x0000000709a00000| Untracked 
|  72|0x0000000709c00000, 0x0000000709c00000, 0x0000000709e00000|  0%| F|  |TAMS 0x0000000709c00000, 0x0000000709c00000| Untracked 
|  73|0x0000000709e00000, 0x0000000709e00000, 0x000000070a000000|  0%| F|  |TAMS 0x0000000709e00000, 0x0000000709e00000| Untracked 
|  74|0x000000070a000000, 0x000000070a000000, 0x000000070a200000|  0%| F|  |TAMS 0x000000070a000000, 0x000000070a000000| Untracked 
|  75|0x000000070a200000, 0x000000070a200000, 0x000000070a400000|  0%| F|  |TAMS 0x000000070a200000, 0x000000070a200000| Untracked 
|  76|0x000000070a400000, 0x000000070a400000, 0x000000070a600000|  0%| F|  |TAMS 0x000000070a400000, 0x000000070a400000| Untracked 
|  77|0x000000070a600000, 0x000000070a600000, 0x000000070a800000|  0%| F|  |TAMS 0x000000070a600000, 0x000000070a600000| Untracked 
|  78|0x000000070a800000, 0x000000070a800000, 0x000000070aa00000|  0%| F|  |TAMS 0x000000070a800000, 0x000000070a800000| Untracked 
|  79|0x000000070aa00000, 0x000000070aa00000, 0x000000070ac00000|  0%| F|  |TAMS 0x000000070aa00000, 0x000000070aa00000| Untracked 
|  80|0x000000070ac00000, 0x000000070ac00000, 0x000000070ae00000|  0%| F|  |TAMS 0x000000070ac00000, 0x000000070ac00000| Untracked 
|  81|0x000000070ae00000, 0x000000070ae00000, 0x000000070b000000|  0%| F|  |TAMS 0x000000070ae00000, 0x000000070ae00000| Untracked 
|  82|0x000000070b000000, 0x000000070b000000, 0x000000070b200000|  0%| F|  |TAMS 0x000000070b000000, 0x000000070b000000| Untracked 
|  83|0x000000070b200000, 0x000000070b200000, 0x000000070b400000|  0%| F|  |TAMS 0x000000070b200000, 0x000000070b200000| Untracked 
|  84|0x000000070b400000, 0x000000070b400000, 0x000000070b600000|  0%| F|  |TAMS 0x000000070b400000, 0x000000070b400000| Untracked 
|  85|0x000000070b600000, 0x000000070b600000, 0x000000070b800000|  0%| F|  |TAMS 0x000000070b600000, 0x000000070b600000| Untracked 
|  86|0x000000070b800000, 0x000000070b800000, 0x000000070ba00000|  0%| F|  |TAMS 0x000000070b800000, 0x000000070b800000| Untracked 
|  87|0x000000070ba00000, 0x000000070ba00000, 0x000000070bc00000|  0%| F|  |TAMS 0x000000070ba00000, 0x000000070ba00000| Untracked 
|  88|0x000000070bc00000, 0x000000070bc00000, 0x000000070be00000|  0%| F|  |TAMS 0x000000070bc00000, 0x000000070bc00000| Untracked 
|  89|0x000000070be00000, 0x000000070be00000, 0x000000070c000000|  0%| F|  |TAMS 0x000000070be00000, 0x000000070be00000| Untracked 
|  90|0x000000070c000000, 0x000000070c000000, 0x000000070c200000|  0%| F|  |TAMS 0x000000070c000000, 0x000000070c000000| Untracked 
|  91|0x000000070c200000, 0x000000070c200000, 0x000000070c400000|  0%| F|  |TAMS 0x000000070c200000, 0x000000070c200000| Untracked 
|  92|0x000000070c400000, 0x000000070c400000, 0x000000070c600000|  0%| F|  |TAMS 0x000000070c400000, 0x000000070c400000| Untracked 
|  93|0x000000070c600000, 0x000000070c600000, 0x000000070c800000|  0%| F|  |TAMS 0x000000070c600000, 0x000000070c600000| Untracked 
|  94|0x000000070c800000, 0x000000070c800000, 0x000000070ca00000|  0%| F|  |TAMS 0x000000070c800000, 0x000000070c800000| Untracked 
|  95|0x000000070ca00000, 0x000000070ca00000, 0x000000070cc00000|  0%| F|  |TAMS 0x000000070ca00000, 0x000000070ca00000| Untracked 
|  96|0x000000070cc00000, 0x000000070cc00000, 0x000000070ce00000|  0%| F|  |TAMS 0x000000070cc00000, 0x000000070cc00000| Untracked 
|  97|0x000000070ce00000, 0x000000070ce00000, 0x000000070d000000|  0%| F|  |TAMS 0x000000070ce00000, 0x000000070ce00000| Untracked 
|  98|0x000000070d000000, 0x000000070d000000, 0x000000070d200000|  0%| F|  |TAMS 0x000000070d000000, 0x000000070d000000| Untracked 
|  99|0x000000070d200000, 0x000000070d200000, 0x000000070d400000|  0%| F|  |TAMS 0x000000070d200000, 0x000000070d200000| Untracked 
| 100|0x000000070d400000, 0x000000070d400000, 0x000000070d600000|  0%| F|  |TAMS 0x000000070d400000, 0x000000070d400000| Untracked 
| 101|0x000000070d600000, 0x000000070d600000, 0x000000070d800000|  0%| F|  |TAMS 0x000000070d600000, 0x000000070d600000| Untracked 
| 102|0x000000070d800000, 0x000000070d800000, 0x000000070da00000|  0%| F|  |TAMS 0x000000070d800000, 0x000000070d800000| Untracked 
| 103|0x000000070da00000, 0x000000070da00000, 0x000000070dc00000|  0%| F|  |TAMS 0x000000070da00000, 0x000000070da00000| Untracked 
| 104|0x000000070dc00000, 0x000000070dc00000, 0x000000070de00000|  0%| F|  |TAMS 0x000000070dc00000, 0x000000070dc00000| Untracked 
| 105|0x000000070de00000, 0x000000070de00000, 0x000000070e000000|  0%| F|  |TAMS 0x000000070de00000, 0x000000070de00000| Untracked 
| 106|0x000000070e000000, 0x000000070e000000, 0x000000070e200000|  0%| F|  |TAMS 0x000000070e000000, 0x000000070e000000| Untracked 
| 107|0x000000070e200000, 0x000000070e200000, 0x000000070e400000|  0%| F|  |TAMS 0x000000070e200000, 0x000000070e200000| Untracked 
| 108|0x000000070e400000, 0x000000070e400000, 0x000000070e600000|  0%| F|  |TAMS 0x000000070e400000, 0x000000070e400000| Untracked 
| 109|0x000000070e600000, 0x000000070e600000, 0x000000070e800000|  0%| F|  |TAMS 0x000000070e600000, 0x000000070e600000| Untracked 
| 110|0x000000070e800000, 0x000000070e800000, 0x000000070ea00000|  0%| F|  |TAMS 0x000000070e800000, 0x000000070e800000| Untracked 
| 111|0x000000070ea00000, 0x000000070ea9bd20, 0x000000070ec00000| 30%| E|  |TAMS 0x000000070ea00000, 0x000000070ea00000| Complete 
| 112|0x000000070ec00000, 0x000000070ee00000, 0x000000070ee00000|100%| E|CS|TAMS 0x000000070ec00000, 0x000000070ec00000| Complete 
| 113|0x000000070ee00000, 0x000000070f000000, 0x000000070f000000|100%| E|CS|TAMS 0x000000070ee00000, 0x000000070ee00000| Complete 
| 114|0x000000070f000000, 0x000000070f200000, 0x000000070f200000|100%| E|CS|TAMS 0x000000070f000000, 0x000000070f000000| Complete 
| 115|0x000000070f200000, 0x000000070f30aa40, 0x000000070f400000| 52%| S|CS|TAMS 0x000000070f200000, 0x000000070f200000| Complete 
| 116|0x000000070f400000, 0x000000070f600000, 0x000000070f600000|100%| S|CS|TAMS 0x000000070f400000, 0x000000070f400000| Complete 
| 117|0x000000070f600000, 0x000000070f800000, 0x000000070f800000|100%| E|CS|TAMS 0x000000070f600000, 0x000000070f600000| Complete 
| 118|0x000000070f800000, 0x000000070fa00000, 0x000000070fa00000|100%| E|  |TAMS 0x000000070f800000, 0x000000070f800000| Complete 
| 119|0x000000070fa00000, 0x000000070fc00000, 0x000000070fc00000|100%| E|CS|TAMS 0x000000070fa00000, 0x000000070fa00000| Complete 
| 120|0x000000070fc00000, 0x000000070fe00000, 0x000000070fe00000|100%| E|CS|TAMS 0x000000070fc00000, 0x000000070fc00000| Complete 
| 121|0x000000070fe00000, 0x0000000710000000, 0x0000000710000000|100%| E|CS|TAMS 0x000000070fe00000, 0x000000070fe00000| Complete 
| 122|0x0000000710000000, 0x0000000710200000, 0x0000000710200000|100%| E|CS|TAMS 0x0000000710000000, 0x0000000710000000| Complete 
| 123|0x0000000710200000, 0x0000000710400000, 0x0000000710400000|100%| E|CS|TAMS 0x0000000710200000, 0x0000000710200000| Complete 
| 124|0x0000000710400000, 0x0000000710600000, 0x0000000710600000|100%| E|CS|TAMS 0x0000000710400000, 0x0000000710400000| Complete 
| 125|0x0000000710600000, 0x0000000710800000, 0x0000000710800000|100%| E|CS|TAMS 0x0000000710600000, 0x0000000710600000| Complete 
| 126|0x0000000710800000, 0x0000000710a00000, 0x0000000710a00000|100%| E|CS|TAMS 0x0000000710800000, 0x0000000710800000| Complete 
| 127|0x0000000710a00000, 0x0000000710c00000, 0x0000000710c00000|100%| E|CS|TAMS 0x0000000710a00000, 0x0000000710a00000| Complete 

Card table byte_map: [0x000002294f250000,0x000002294fa50000] _byte_map_base: 0x000002294ba4a000

Marking Bits (Prev, Next): (CMBitMap*) 0x000002293a174220, (CMBitMap*) 0x000002293a174260
 Prev Bits: [0x0000022950250000, 0x0000022954220000)
 Next Bits: [0x0000022954220000, 0x00000229581f0000)

Polling page: 0x000002293a1d0000

Metaspace:

Usage:
  Non-class:     16.82 MB used.
      Class:      1.67 MB used.
       Both:     18.49 MB used.

Virtual space:
  Non-class space:       24.00 MB reserved,      16.94 MB ( 71%) committed,  3 nodes.
      Class space:        1.00 GB reserved,       1.75 MB ( <1%) committed,  1 nodes.
             Both:        1.02 GB reserved,      18.69 MB (  2%) committed. 

Chunk freelists:
   Non-Class:  2.72 MB
       Class:  2.25 MB
        Both:  4.97 MB

MaxMetaspaceSize: unlimited
CompressedClassSpaceSize: 1.00 GB
Initial GC threshold: 21.00 MB
Current GC threshold: 21.00 MB
CDS: off
MetaspaceReclaimPolicy: balanced
 - commit_granule_bytes: 65536.
 - commit_granule_words: 8192.
 - virtual_space_node_default_size: 1048576.
 - enlarge_chunks_in_place: 1.
 - new_chunks_are_fully_committed: 0.
 - uncommit_free_chunks: 1.
 - use_allocation_guard: 0.
 - handle_deallocations: 1.


Internal statistics:

num_allocs_failed_limit: 0.
num_arena_births: 80.
num_arena_deaths: 0.
num_vsnodes_births: 4.
num_vsnodes_deaths: 0.
num_space_committed: 297.
num_space_uncommitted: 0.
num_chunks_returned_to_freelist: 0.
num_chunks_taken_from_freelist: 372.
num_chunk_merges: 0.
num_chunk_splits: 273.
num_chunks_enlarged: 235.
num_purges: 0.
num_inconsistent_stats: 0.

CodeHeap 'non-profiled nmethods': size=120000Kb used=1137Kb max_used=1137Kb free=118862Kb
 bounds [0x0000022946890000, 0x0000022946b00000, 0x000002294ddc0000]
CodeHeap 'profiled nmethods': size=120000Kb used=3466Kb max_used=3466Kb free=116533Kb
 bounds [0x000002293edc0000, 0x000002293f130000, 0x00000229462f0000]
CodeHeap 'non-nmethods': size=5760Kb used=1630Kb max_used=1646Kb free=4129Kb
 bounds [0x00000229462f0000, 0x0000022946560000, 0x0000022946890000]
 total_blobs=2944 nmethods=1875 adapters=982
 compilation: enabled
              stopped_count=0, restarted_count=0
 full_count=0

Compilation events (20 events):
Event: 5.882 Thread 0x000002295b89dc10 1867       3       com.tanks_2d.ParticleEffect.ParticleSmoke::<init> (69 bytes)
Event: 5.882 Thread 0x000002295b89dc10 nmethod 1867 0x000002293f11cb10 code [0x000002293f11cd00, 0x000002293f11d318]
Event: 5.883 Thread 0x000002295b89dc10 1868       3       com.badlogic.gdx.math.Vector3::<init> (13 bytes)
Event: 5.883 Thread 0x000002295b89dc10 nmethod 1868 0x000002293f11d510 code [0x000002293f11d6c0, 0x000002293f11d8b8]
Event: 5.883 Thread 0x000002295b89dc10 1869       3       com.badlogic.gdx.math.MathUtils::random (10 bytes)
Event: 5.883 Thread 0x000002295b89dc10 nmethod 1869 0x000002293f11d990 code [0x000002293f11db40, 0x000002293f11dd08]
Event: 5.883 Thread 0x000002295b89dc10 1870       3       com.tanks_2d.ParticleEffect.StereoSmoke.Flying_stereo_elements_base::<init> (66 bytes)
Event: 5.884 Thread 0x000002295b89dc10 nmethod 1870 0x000002293f11de10 code [0x000002293f11e000, 0x000002293f11e5a8]
Event: 5.891 Thread 0x000002295b89dc10 1871       3       sun.nio.cs.StreamDecoder::implRead (243 bytes)
Event: 5.891 Thread 0x000002295b89c8f0 1872       4       sun.nio.cs.SingleByte$Decoder::decode (11 bytes)
Event: 5.891 Thread 0x000002295b89c8f0 nmethod 1872 0x00000229469abb90 code [0x00000229469abd00, 0x00000229469abdb8]
Event: 5.891 Thread 0x000002295b89dc10 nmethod 1871 0x000002293f11e790 code [0x000002293f11ea20, 0x000002293f11f8d8]
Event: 5.891 Thread 0x000002295b89dc10 1873       3       sun.nio.cs.SingleByte$Decoder::decodeArrayLoop (205 bytes)
Event: 5.892 Thread 0x000002295b89dc10 nmethod 1873 0x000002293f11fd90 code [0x000002293f1201a0, 0x000002293f121dd8]
Event: 5.896 Thread 0x000002295b89dc10 1874       1       jdk.internal.loader.URLClassPath$FileLoader$1::getURL (5 bytes)
Event: 5.896 Thread 0x000002295b89dc10 nmethod 1874 0x00000229469abe90 code [0x00000229469ac020, 0x00000229469ac0f8]
Event: 5.896 Thread 0x000002295b89c8f0 1875       4       java.lang.String::checkIndex (48 bytes)
Event: 5.897 Thread 0x000002295b89c8f0 nmethod 1875 0x00000229469ac190 code [0x00000229469ac300, 0x00000229469ac398]
Event: 5.897 Thread 0x000002295b89c8f0 1876       4       java.lang.StringUTF16::charAt (11 bytes)
Event: 5.897 Thread 0x000002295b89c8f0 nmethod 1876 0x00000229469ac490 code [0x00000229469ac600, 0x00000229469ac698]

GC Heap History (2 events):
Event: 1.732 GC heap before
{Heap before GC invocations=0 (full 0):
 garbage-first heap   total 262144K, used 22528K [0x0000000700c00000, 0x0000000800000000)
  region size 2048K, 11 young (22528K), 0 survivors (0K)
 Metaspace       used 14515K, committed 14720K, reserved 1064960K
  class space    used 1353K, committed 1472K, reserved 1048576K
}
Event: 1.735 GC heap after
{Heap after GC invocations=1 (full 0):
 garbage-first heap   total 262144K, used 3114K [0x0000000700c00000, 0x0000000800000000)
  region size 2048K, 2 young (4096K), 2 survivors (4096K)
 Metaspace       used 14515K, committed 14720K, reserved 1064960K
  class space    used 1353K, committed 1472K, reserved 1048576K
}

Dll operation events (2 events):
Event: 0.049 Loaded shared library E:\A_STUDO\jbr\bin\java.dll
Event: 0.324 Loaded shared library E:\A_STUDO\jbr\bin\verify.dll

Deoptimization events (20 events):
Event: 2.705 Thread 0x000002293a102a30 Uncommon trap: trap_request=0xffffff45 fr.pc=0x00000229468f81a0 relative=0x0000000000001000
Event: 2.705 Thread 0x000002293a102a30 Uncommon trap: reason=unstable_if action=reinterpret pc=0x00000229468f81a0 method=java.util.concurrent.ConcurrentHashMap.putVal(Ljava/lang/Object;Ljava/lang/Object;Z)Ljava/lang/Object; @ 256 c2
Event: 2.705 Thread 0x000002293a102a30 DEOPT PACKING pc=0x00000229468f81a0 sp=0x000000b336afed70
Event: 2.705 Thread 0x000002293a102a30 DEOPT UNPACKING pc=0x00000229463469a3 sp=0x000000b336afece8 mode 2
Event: 3.365 Thread 0x000002293a102a30 DEOPT PACKING pc=0x000002293f08657e sp=0x000000b336aff130
Event: 3.365 Thread 0x000002293a102a30 DEOPT UNPACKING pc=0x0000022946347143 sp=0x000000b336afe678 mode 0
Event: 3.381 Thread 0x000002293a102a30 DEOPT PACKING pc=0x000002293f08657e sp=0x000000b336aff130
Event: 3.381 Thread 0x000002293a102a30 DEOPT UNPACKING pc=0x0000022946347143 sp=0x000000b336afe678 mode 0
Event: 5.867 Thread 0x000002293a102a30 Uncommon trap: trap_request=0xffffff45 fr.pc=0x00000229469a6e44 relative=0x00000000000004a4
Event: 5.867 Thread 0x000002293a102a30 Uncommon trap: reason=unstable_if action=reinterpret pc=0x00000229469a6e44 method=com.badlogic.gdx.utils.ObjectIntMap.locateKey(Ljava/lang/Object;)I @ 32 c2
Event: 5.867 Thread 0x000002293a102a30 DEOPT PACKING pc=0x00000229469a6e44 sp=0x000000b336afec60
Event: 5.867 Thread 0x000002293a102a30 DEOPT UNPACKING pc=0x00000229463469a3 sp=0x000000b336afec08 mode 2
Event: 5.870 Thread 0x000002293a102a30 Uncommon trap: trap_request=0xffffff45 fr.pc=0x00000229468af314 relative=0x0000000000000194
Event: 5.870 Thread 0x000002293a102a30 Uncommon trap: reason=unstable_if action=reinterpret pc=0x00000229468af314 method=java.lang.String.equals(Ljava/lang/Object;)Z @ 33 c2
Event: 5.870 Thread 0x000002293a102a30 DEOPT PACKING pc=0x00000229468af314 sp=0x000000b336afedc0
Event: 5.870 Thread 0x000002293a102a30 DEOPT UNPACKING pc=0x00000229463469a3 sp=0x000000b336afed60 mode 2
Event: 5.872 Thread 0x000002293a102a30 Uncommon trap: trap_request=0xffffff45 fr.pc=0x000002294694f1c8 relative=0x0000000000001008
Event: 5.872 Thread 0x000002293a102a30 Uncommon trap: reason=unstable_if action=reinterpret pc=0x000002294694f1c8 method=java.io.BufferedReader.readLine(Z[Z)Ljava/lang/String; @ 161 c2
Event: 5.872 Thread 0x000002293a102a30 DEOPT PACKING pc=0x000002294694f1c8 sp=0x000000b336afeba0
Event: 5.872 Thread 0x000002293a102a30 DEOPT UNPACKING pc=0x00000229463469a3 sp=0x000000b336afeb38 mode 2

Classes unloaded (0 events):
No events

Classes redefined (0 events):
No events

Internal exceptions (20 events):
Event: 1.669 Thread 0x000002293a102a30 Exception <a 'sun/nio/fs/WindowsException'{0x000000070f75c138}> (0x000000070f75c138) 
thrown [s\src\hotspot\share\prims\jni.cpp, line 517]
Event: 1.710 Thread 0x000002293a102a30 Exception <a 'sun/nio/fs/WindowsException'{0x000000070f75ee38}> (0x000000070f75ee38) 
thrown [s\src\hotspot\share\prims\jni.cpp, line 517]
Event: 1.710 Thread 0x000002293a102a30 Exception <a 'sun/nio/fs/WindowsException'{0x000000070f75f138}> (0x000000070f75f138) 
thrown [s\src\hotspot\share\prims\jni.cpp, line 517]
Event: 1.713 Thread 0x000002293a102a30 Exception <a 'sun/nio/fs/WindowsException'{0x000000070f76d970}> (0x000000070f76d970) 
thrown [s\src\hotspot\share\prims\jni.cpp, line 517]
Event: 1.713 Thread 0x000002293a102a30 Exception <a 'sun/nio/fs/WindowsException'{0x000000070f76dba8}> (0x000000070f76dba8) 
thrown [s\src\hotspot\share\prims\jni.cpp, line 517]
Event: 1.797 Thread 0x000002295c455690 Implicit null exception at 0x00000229468a4372 to 0x00000229468a4960
Event: 3.491 Thread 0x000002295bb6ee50 Exception <a 'java/lang/NullPointerException'{0x000000070ecab888}> (0x000000070ecab888) 
thrown [s\src\hotspot\share\interpreter\linkResolver.cpp, line 1362]
Event: 3.491 Thread 0x000002295bb6ee50 Exception <a 'java/lang/NullPointerException'{0x000000070ecabf58}> (0x000000070ecabf58) 
thrown [s\src\hotspot\share\interpreter\linkResolver.cpp, line 1362]
Event: 3.492 Thread 0x000002295bb6ee50 Exception <a 'java/lang/NullPointerException'{0x000000070ecae500}> (0x000000070ecae500) 
thrown [s\src\hotspot\share\interpreter\linkResolver.cpp, line 1362]
Event: 3.522 Thread 0x000002295bb6ee50 Exception <a 'java/lang/NullPointerException'{0x000000070ecaee48}> (0x000000070ecaee48) 
thrown [s\src\hotspot\share\interpreter\linkResolver.cpp, line 1362]
Event: 3.523 Thread 0x000002295bb6ee50 Exception <a 'java/lang/NullPointerException'{0x000000070ecaf4f8}> (0x000000070ecaf4f8) 
thrown [s\src\hotspot\share\interpreter\linkResolver.cpp, line 1362]
Event: 3.523 Thread 0x000002295bb6ee50 Exception <a 'java/lang/NullPointerException'{0x000000070ecb16a0}> (0x000000070ecb16a0) 
thrown [s\src\hotspot\share\interpreter\linkResolver.cpp, line 1362]
Event: 4.399 Thread 0x000002295c455690 Exception <a 'java/lang/NullPointerException'{0x000000070f0dbc98}> (0x000000070f0dbc98) 
thrown [s\src\hotspot\share\interpreter\linkResolver.cpp, line 1362]
Event: 4.619 Thread 0x000002295bb6ee50 Exception <a 'java/lang/NullPointerException'{0x000000070ecb7038}> (0x000000070ecb7038) 
thrown [s\src\hotspot\share\interpreter\linkResolver.cpp, line 1362]
Event: 4.742 Thread 0x000002295bb6ee50 Exception <a 'java/lang/NullPointerException'{0x000000070ecb9df8}> (0x000000070ecb9df8) 
thrown [s\src\hotspot\share\interpreter\linkResolver.cpp, line 1362]
Event: 4.742 Thread 0x000002295bb6ee50 Exception <a 'java/lang/NullPointerException'{0x000000070ecba4c8}> (0x000000070ecba4c8) 
thrown [s\src\hotspot\share\interpreter\linkResolver.cpp, line 1362]
Event: 4.743 Thread 0x000002295bb6ee50 Exception <a 'java/lang/NullPointerException'{0x000000070ecbc670}> (0x000000070ecbc670) 
thrown [s\src\hotspot\share\interpreter\linkResolver.cpp, line 1362]
Event: 4.887 Thread 0x000002295bb6ee50 Exception <a 'java/lang/NullPointerException'{0x000000070ecc5ab0}> (0x000000070ecc5ab0) 
thrown [s\src\hotspot\share\interpreter\linkResolver.cpp, line 1362]
Event: 4.887 Thread 0x000002295bb6ee50 Exception <a 'java/lang/NullPointerException'{0x000000070ecc6158}> (0x000000070ecc6158) 
thrown [s\src\hotspot\share\interpreter\linkResolver.cpp, line 1362]
Event: 5.867 Thread 0x000002293a102a30 Implicit null exception at 0x00000229469a6b96 to 0x00000229469a6e20

VM Operations (20 events):
Event: 1.730 Executing VM operation: Cleanup
Event: 1.730 Executing VM operation: Cleanup done
Event: 1.732 Executing VM operation: G1CollectForAllocation
Event: 1.735 Executing VM operation: G1CollectForAllocation done
Event: 2.370 Executing VM operation: HandshakeAllThreads
Event: 2.370 Executing VM operation: HandshakeAllThreads done
Event: 2.374 Executing VM operation: HandshakeAllThreads
Event: 2.374 Executing VM operation: HandshakeAllThreads done
Event: 2.670 Executing VM operation: HandshakeAllThreads
Event: 2.670 Executing VM operation: HandshakeAllThreads done
Event: 2.672 Executing VM operation: HandshakeAllThreads
Event: 2.672 Executing VM operation: HandshakeAllThreads done
Event: 3.671 Executing VM operation: Cleanup
Event: 3.671 Executing VM operation: Cleanup done
Event: 4.672 Executing VM operation: Cleanup
Event: 4.672 Executing VM operation: Cleanup done
Event: 5.672 Executing VM operation: Cleanup
Event: 5.672 Executing VM operation: Cleanup done
Event: 5.869 Executing VM operation: HandshakeAllThreads
Event: 5.869 Executing VM operation: HandshakeAllThreads done

Events (20 events):
Event: 2.698 loading class java/lang/Long$LongCache done
Event: 2.706 loading class jdk/internal/util/xml/impl/XMLStreamWriterImpl
Event: 2.706 loading class jdk/internal/util/xml/XMLStreamWriter
Event: 2.706 loading class jdk/internal/util/xml/XMLStreamWriter done
Event: 2.706 loading class jdk/internal/util/xml/impl/XMLStreamWriterImpl done
Event: 2.706 loading class jdk/internal/util/xml/impl/XMLWriter
Event: 2.706 loading class jdk/internal/util/xml/impl/XMLWriter done
Event: 2.706 loading class sun/nio/cs/UTF_8$Encoder
Event: 2.706 loading class sun/nio/cs/UTF_8$Encoder done
Event: 2.707 loading class jdk/internal/util/xml/impl/XMLStreamWriterImpl$Element
Event: 2.707 loading class jdk/internal/util/xml/impl/XMLStreamWriterImpl$Element done
Event: 2.722 Thread 0x00000229641dc790 Thread added: 0x00000229641dc790
Event: 2.899 Thread 0x000002295d31d220 Thread exited: 0x000002295d31d220
Event: 2.949 Thread 0x000002295d21bad0 Thread exited: 0x000002295d21bad0
Event: 3.491 loading class java/lang/Throwable$WrappedPrintStream
Event: 3.491 loading class java/lang/Throwable$PrintStreamOrWriter
Event: 3.491 loading class java/lang/Throwable$PrintStreamOrWriter done
Event: 3.491 loading class java/lang/Throwable$WrappedPrintStream done
Event: 4.399 loading class java/lang/StackTraceElement$HashedModules
Event: 4.399 loading class java/lang/StackTraceElement$HashedModules done


Dynamic libraries:
0x00007ff7801f0000 - 0x00007ff7801fa000 	E:\A_STUDO\jbr\bin\java.exe
0x00007ffc38010000 - 0x00007ffc38205000 	C:\Windows\SYSTEM32\ntdll.dll
0x00007ffc370d0000 - 0x00007ffc3718d000 	C:\Windows\System32\KERNEL32.DLL
0x00007ffc358e0000 - 0x00007ffc35ba8000 	C:\Windows\System32\KERNELBASE.dll
0x00007ffc357e0000 - 0x00007ffc358e0000 	C:\Windows\System32\ucrtbase.dll
0x00007ffc18fd0000 - 0x00007ffc18fe7000 	E:\A_STUDO\jbr\bin\jli.dll
0x00007ffc376d0000 - 0x00007ffc37870000 	C:\Windows\System32\USER32.dll
0x00007ffc35f70000 - 0x00007ffc35f92000 	C:\Windows\System32\win32u.dll
0x00007ffc37c80000 - 0x00007ffc37caa000 	C:\Windows\System32\GDI32.dll
0x00007ffc20400000 - 0x00007ffc2069a000 	C:\Windows\WinSxS\amd64_microsoft.windows.common-controls_6595b64144ccf1df_6.0.19041.1052_none_60b8f8fd71f5e8cb\COMCTL32.dll
0x00007ffc35bb0000 - 0x00007ffc35cbb000 	C:\Windows\System32\gdi32full.dll
0x00007ffc37e50000 - 0x00007ffc37eee000 	C:\Windows\System32\msvcrt.dll
0x00007ffc35ed0000 - 0x00007ffc35f6d000 	C:\Windows\System32\msvcp_win.dll
0x00007ffc18fb0000 - 0x00007ffc18fcb000 	E:\A_STUDO\jbr\bin\VCRUNTIME140.dll
0x00007ffc37c40000 - 0x00007ffc37c70000 	C:\Windows\System32\IMM32.DLL
0x00007ffc1efe0000 - 0x00007ffc1efec000 	E:\A_STUDO\jbr\bin\vcruntime140_1.dll
0x00007ffc179a0000 - 0x00007ffc17a2d000 	E:\A_STUDO\jbr\bin\msvcp140.dll
0x00007ffbeb5d0000 - 0x00007ffbec23d000 	E:\A_STUDO\jbr\bin\server\jvm.dll
0x00007ffc37b90000 - 0x00007ffc37c3c000 	C:\Windows\System32\ADVAPI32.dll
0x00007ffc37940000 - 0x00007ffc379db000 	C:\Windows\System32\sechost.dll
0x00007ffc36aa0000 - 0x00007ffc36bcb000 	C:\Windows\System32\RPCRT4.dll
0x00007ffc27590000 - 0x00007ffc275b7000 	C:\Windows\SYSTEM32\WINMM.dll
0x00007ffc2cda0000 - 0x00007ffc2cda9000 	C:\Windows\SYSTEM32\WSOCK32.dll
0x00007ffc30a50000 - 0x00007ffc30a5a000 	C:\Windows\SYSTEM32\VERSION.dll
0x00007ffc37190000 - 0x00007ffc371fb000 	C:\Windows\System32\WS2_32.dll
0x00007ffc336c0000 - 0x00007ffc336d2000 	C:\Windows\SYSTEM32\kernel.appcore.dll
0x00007ffc2cd90000 - 0x00007ffc2cd9a000 	E:\A_STUDO\jbr\bin\jimage.dll
0x00007ffc249c0000 - 0x00007ffc24ba4000 	C:\Windows\SYSTEM32\DBGHELP.DLL
0x00007ffc1d9a0000 - 0x00007ffc1d9cc000 	C:\Windows\SYSTEM32\dbgcore.DLL
0x00007ffc35ff0000 - 0x00007ffc36073000 	C:\Windows\System32\bcryptPrimitives.dll
0x00007ffc2cd60000 - 0x00007ffc2cd85000 	E:\A_STUDO\jbr\bin\java.dll
0x00007ffc2a070000 - 0x00007ffc2a088000 	E:\A_STUDO\jbr\bin\zip.dll
0x00007ffc36360000 - 0x00007ffc36a9f000 	C:\Windows\System32\SHELL32.dll
0x00007ffc338c0000 - 0x00007ffc34050000 	C:\Windows\SYSTEM32\windows.storage.dll
0x00007ffc36d70000 - 0x00007ffc370c5000 	C:\Windows\System32\combase.dll
0x00007ffc350f0000 - 0x00007ffc3511c000 	C:\Windows\SYSTEM32\Wldp.dll
0x00007ffc36110000 - 0x00007ffc361be000 	C:\Windows\System32\SHCORE.dll
0x00007ffc36d10000 - 0x00007ffc36d65000 	C:\Windows\System32\shlwapi.dll
0x00007ffc35690000 - 0x00007ffc356af000 	C:\Windows\SYSTEM32\profapi.dll
0x00007ffc2a050000 - 0x00007ffc2a069000 	E:\A_STUDO\jbr\bin\net.dll
0x00007ffc2fcc0000 - 0x00007ffc2fdcb000 	C:\Windows\SYSTEM32\WINHTTP.dll
0x00007ffc34e60000 - 0x00007ffc34eca000 	C:\Windows\system32\mswsock.dll
0x00007ffc2a030000 - 0x00007ffc2a046000 	E:\A_STUDO\jbr\bin\nio.dll
0x00007ffc29f80000 - 0x00007ffc29f90000 	E:\A_STUDO\jbr\bin\verify.dll
0x00007ffc29f00000 - 0x00007ffc29f07000 	C:\Windows\system32\wshunix.dll
0x00007ffc35030000 - 0x00007ffc35048000 	C:\Windows\SYSTEM32\CRYPTSP.dll
0x00007ffc34800000 - 0x00007ffc34834000 	C:\Windows\system32\rsaenh.dll
0x00007ffc35750000 - 0x00007ffc35777000 	C:\Windows\System32\bcrypt.dll
0x00007ffc35610000 - 0x00007ffc3563e000 	C:\Windows\SYSTEM32\USERENV.dll
0x00007ffc35050000 - 0x00007ffc3505c000 	C:\Windows\SYSTEM32\CRYPTBASE.dll
0x00007ffc34b50000 - 0x00007ffc34b8b000 	C:\Windows\SYSTEM32\IPHLPAPI.DLL
0x00007ffc36d00000 - 0x00007ffc36d08000 	C:\Windows\System32\NSI.dll
0x00007ffc303e0000 - 0x00007ffc303f7000 	C:\Windows\SYSTEM32\dhcpcsvc6.DLL
0x00007ffc303c0000 - 0x00007ffc303dd000 	C:\Windows\SYSTEM32\dhcpcsvc.DLL
0x00007ffc34b90000 - 0x00007ffc34c5c000 	C:\Windows\SYSTEM32\DNSAPI.dll
0x000000006b460000 - 0x000000006b489000 	C:\Temp\libgdxvik\e787ab0a\gdx64.dll
0x00007ffc290b0000 - 0x00007ffc29125000 	C:\Temp\lwjglvik\3.3.1-build-7\lwjgl.dll
0x00007ffc1be90000 - 0x00007ffc1c0e9000 	C:\Temp\lwjglvik\3.3.1-build-7\jemalloc.dll
0x00007ffc28f50000 - 0x00007ffc28fb1000 	C:\Temp\lwjglvik\3.3.1-build-7\glfw.dll
0x00007ffc28f00000 - 0x00007ffc28f45000 	C:\Windows\SYSTEM32\dinput8.dll
0x00007ffc29150000 - 0x00007ffc29161000 	C:\Windows\SYSTEM32\xinput1_4.dll
0x00007ffc35fa0000 - 0x00007ffc35fee000 	C:\Windows\System32\cfgmgr32.dll
0x00007ffc35490000 - 0x00007ffc354bc000 	C:\Windows\SYSTEM32\DEVOBJ.dll
0x00007ffc335b0000 - 0x00007ffc335df000 	C:\Windows\SYSTEM32\dwmapi.dll
0x00007ffc276b0000 - 0x00007ffc27802000 	C:\Windows\SYSTEM32\inputhost.dll
0x00007ffc37870000 - 0x00007ffc3793d000 	C:\Windows\System32\OLEAUT32.dll
0x00007ffc2e660000 - 0x00007ffc2e756000 	C:\Windows\SYSTEM32\PROPSYS.dll
0x00007ffc324a0000 - 0x00007ffc325f4000 	C:\Windows\SYSTEM32\wintypes.dll
0x00007ffc32ed0000 - 0x00007ffc32fc2000 	C:\Windows\SYSTEM32\CoreMessaging.dll
0x00007ffc32b70000 - 0x00007ffc32ece000 	C:\Windows\SYSTEM32\CoreUIComponents.dll
0x00007ffc34490000 - 0x00007ffc344c3000 	C:\Windows\SYSTEM32\ntmarta.dll
0x00007ffc33200000 - 0x00007ffc3329e000 	C:\Windows\system32\uxtheme.dll
0x00007ffc36240000 - 0x00007ffc36355000 	C:\Windows\System32\MSCTF.dll
0x00007ffc1bcf0000 - 0x00007ffc1be87000 	C:\Temp\lwjglvik\3.3.1-build-7\OpenAL.dll
0x00007ffc37cb0000 - 0x00007ffc37dda000 	C:\Windows\System32\ole32.dll
0x00007ffc36c30000 - 0x00007ffc36cd9000 	C:\Windows\System32\clbcatq.dll
0x00007ffc30470000 - 0x00007ffc304f5000 	C:\Windows\System32\MMDevApi.dll
0x00007ffc2a150000 - 0x00007ffc2a2d1000 	C:\Windows\SYSTEM32\AUDIOSES.DLL
0x00007ffc35510000 - 0x00007ffc3555b000 	C:\Windows\SYSTEM32\powrprof.dll
0x00007ffc354f0000 - 0x00007ffc35502000 	C:\Windows\SYSTEM32\UMPDC.dll
0x00007ffc332a0000 - 0x00007ffc332b4000 	C:\Windows\SYSTEM32\resourcepolicyclient.dll
0x00007ffc0f500000 - 0x00007ffc0f626000 	C:\Windows\SYSTEM32\opengl32.dll
0x00007ffc29ed0000 - 0x00007ffc29efc000 	C:\Windows\SYSTEM32\GLU32.dll
0x00007ffc30b20000 - 0x00007ffc30c19000 	C:\Windows\System32\AppXDeploymentClient.dll
0x00007ffbe3d90000 - 0x00007ffbe6f49000 	C:\Windows\System32\DriverStore\FileRepository\nv_dispig.inf_amd64_47917a79b8c7fd22\nvoglv64.dll
0x00007ffc37200000 - 0x00007ffc37669000 	C:\Windows\System32\SETUPAPI.dll
0x00007ffc30eb0000 - 0x00007ffc30ec4000 	C:\Windows\SYSTEM32\WTSAPI32.dll
0x00007ffc352d0000 - 0x00007ffc352e2000 	C:\Windows\SYSTEM32\msasn1.dll
0x00007ffc309b0000 - 0x00007ffc309e1000 	C:\Windows\SYSTEM32\cryptnet.dll
0x00007ffc35d70000 - 0x00007ffc35ecf000 	C:\Windows\System32\CRYPT32.dll
0x00007ffc307d0000 - 0x00007ffc3091a000 	C:\Windows\SYSTEM32\drvstore.dll
0x00007ffc35780000 - 0x00007ffc357e0000 	C:\Windows\System32\WINTRUST.dll
0x00007ffc27470000 - 0x00007ffc274ab000 	C:\Windows\SYSTEM32\dxcore.dll
0x00007ffc35160000 - 0x00007ffc351ba000 	C:\Windows\SYSTEM32\WINSTA.dll
0x00007ffc28e40000 - 0x00007ffc28e9d000 	C:\Temp\lwjglvik\3.3.1-build-7\lwjgl_opengl.dll
0x00007ffc27810000 - 0x00007ffc27909000 	C:\Windows\SYSTEM32\textinputframework.dll

dbghelp: loaded successfully - version: 4.0.5 - missing functions: none
symbol engine: initialized successfully - sym options: 0x614 - pdb path: .;E:\A_STUDO\jbr\bin;C:\Windows\SYSTEM32;C:\Windows\WinSxS\amd64_microsoft.windows.common-controls_6595b64144ccf1df_6.0.19041.1052_none_60b8f8fd71f5e8cb;E:\A_STUDO\jbr\bin\server;C:\Temp\libgdxvik\e787ab0a;C:\Temp\lwjglvik\3.3.1-build-7;C:\Windows\System32\DriverStore\FileRepository\nv_dispig.inf_amd64_47917a79b8c7fd22

VM Arguments:
jvm_args: -Dfile.encoding=windows-1251 -Duser.country=RU -Duser.language=ru -Duser.variant 
java_command: com.tanks_2d.DesktopLauncher
java_class_path (initial): E:\game_dev\tanks\desktop\build\classes\java\main;E:\game_dev\tanks\desktop\build\resources\main;C:\Users\vik\.gradle\caches\modules-2\files-2.1\com.badlogicgames.gdx\gdx-backend-lwjgl3\1.11.0\58a96db4cd349be4292d547856aa1e1c5f065f4e\gdx-backend-lwjgl3-1.11.0.jar;C:\Users\vik\.gradle\caches\modules-2\files-2.1\com.badlogicgames.gdx\gdx-platform\1.11.0\697fb13eada6d3c6ca648c9788692b0159add126\gdx-platform-1.11.0-natives-desktop.jar;E:\game_dev\tanks\core\build\libs\core-1.0.jar;C:\Users\vik\.gradle\caches\modules-2\files-2.1\com.badlogicgames.gdx\gdx\1.11.0\ffe1206d1004cd9e40027e28964be0fea0399af7\gdx-1.11.0.jar;C:\Users\vik\.gradle\caches\modules-2\files-2.1\org.lwjgl\lwjgl-glfw\3.3.1\cbac1b8d30cb4795149c1ef540f912671a8616d0\lwjgl-glfw-3.3.1.jar;C:\Users\vik\.gradle\caches\modules-2\files-2.1\org.lwjgl\lwjgl-glfw\3.3.1\81716978214ecbda15050ca394b06ef61501a49e\lwjgl-glfw-3.3.1-natives-linux.jar;C:\Users\vik\.gradle\caches\modules-2\files-2.1\org.lwjgl\lwjgl-glfw\3.3.1\816d935933f2dd743074c4e717cc25b55720f294\lwjgl-glfw-3.3.1-natives-linux-arm32.jar;C:\Users\vik\.gradle\caches\modules-2\files-2.1\org.lwjgl\lwjgl-glfw\3.3.1\513eb39b866d0fe131a18d5c517087805433b029\lwjgl-glfw-3.3.1-natives-linux-arm64.jar;C:\Users\vik\.gradle\caches\modules-2\files-2.1\org.lwjgl\lwjgl-glfw\3.3.1\9ec4ce1fc8c85fdef03ef4ff2aace6f5775fb280\lwjgl-glfw-3.3.1-natives-macos.jar;C:\Users\vik\.gradle\caches\modules-2\files-2.1\org.lwjgl\lwjgl-glfw\3.3.1\cac0d3f712a3da7641fa174735a5f315de7ffe0a\lwjgl-glfw-3.3.1-natives-macos-arm64.jar;C:\Users\vik\.gradle\caches\modules-2\files-2.1\org.lwjgl\lwjgl-glfw\3.3.1\ed892f945cf7e79c8756796f32d00fa4ceaf573b\lwjgl-glfw-3.3.1-natives-windows.jar;C:\Users\vik\.gradle\caches\modules-2\files-2.1\org.lwjgl\lwjgl-glfw\3.3.1\b997e3391d6ce8f05487e7335d95c606043884a1\lwjgl-glfw-3.3.1-natives-windows-x86.jar;C:\Users\vik\.gradle\caches\modules-2\files-2.1\org.lwjgl\lwjgl-jemalloc\3.3.1\a817bcf213db49f710603677457567c37d53e103\lwjgl-jemall
Launcher Type: SUN_STANDARD

[Global flags]
     intx CICompilerCount                          = 4                                         {product} {ergonomic}
     uint ConcGCThreads                            = 3                                         {product} {ergonomic}
     uint G1ConcRefinementThreads                  = 10                                        {product} {ergonomic}
   size_t G1HeapRegionSize                         = 2097152                                   {product} {ergonomic}
    uintx GCDrainStackTargetSize                   = 64                                        {product} {ergonomic}
   size_t InitialHeapSize                          = 268435456                                 {product} {ergonomic}
   size_t MarkStackSize                            = 4194304                                   {product} {ergonomic}
   size_t MaxHeapSize                              = 4282384384                                {product} {ergonomic}
   size_t MaxNewSize                               = 2569011200                                {product} {ergonomic}
   size_t MinHeapDeltaBytes                        = 2097152                                   {product} {ergonomic}
   size_t MinHeapSize                              = 8388608                                   {product} {ergonomic}
    uintx NonNMethodCodeHeapSize                   = 5839372                                {pd product} {ergonomic}
    uintx NonProfiledCodeHeapSize                  = 122909434                              {pd product} {ergonomic}
    uintx ProfiledCodeHeapSize                     = 122909434                              {pd product} {ergonomic}
    uintx ReservedCodeCacheSize                    = 251658240                              {pd product} {ergonomic}
     bool SegmentedCodeCache                       = true                                      {product} {ergonomic}
   size_t SoftMaxHeapSize                          = 4282384384                             {manageable} {ergonomic}
     bool UseCompressedClassPointers               = true                           {product lp64_product} {ergonomic}
     bool UseCompressedOops                        = true                           {product lp64_product} {ergonomic}
     bool UseG1GC                                  = true                                      {product} {ergonomic}
     bool UseLargePagesIndividualAllocation        = false                                  {pd product} {ergonomic}

Logging:
Log output configuration:
 #0: stdout all=warning uptime,level,tags
 #1: stderr all=off uptime,level,tags

Environment Variables:
PATH=C:\Program Files\Common Files\Oracle\Java\javapath;C:\Program Files (x86)\Common Files\Oracle\Java\javapath;C:\Windows\system32;C:\Windows;C:\Windows\System32\Wbem;C:\Windows\System32\WindowsPowerShell\v1.0\;C:\Program Files\Git\cmd;C:\Program Files (x86)\NVIDIA Corporation\PhysX\Common;C:\Program Files\PuTTY\;C:\Users\vik\AppData\Local\Microsoft\WindowsApps;
USERNAME=vik
OS=Windows_NT
PROCESSOR_IDENTIFIER=AMD64 Family 23 Model 1 Stepping 1, AuthenticAMD
TMP=C:\Temp
TEMP=C:\Temp



---------------  S Y S T E M  ---------------

OS:
 Windows 10 , 64 bit Build 19041 (10.0.19041.1023)
OS uptime: 0 days 0:12 hours

CPU: total 12 (initial active 12) (12 cores per cpu, 2 threads per core) family 23 model 1 stepping 1 microcode 0x0, cx8, cmov, fxsr, ht, mmx, 3dnowpref, sse, sse2, sse3, ssse3, sse4a, sse4.1, sse4.2, popcnt, lzcnt, tsc, tscinvbit, avx, avx2, aes, clmul, bmi1, bmi2, adx, sha, fma, vzeroupper, clflush, clflushopt

Memory: 4k page, system-wide physical 16332M (10315M free)
TotalPageFile size 18764M (AvailPageFile size 11129M)
current process WorkingSet (physical memory assigned to process): 176M, peak: 189M
current process commit charge ("private bytes"): 489M, peak: 499M

vm_info: OpenJDK 64-Bit Server VM (17.0.6+0-b2043.56-9586694) for windows-amd64 JRE (17.0.6+0-b2043.56-9586694), built on Feb  9 2023 20:06:20 by "androidbuild" with MS VC++ 16.10 / 16.11 (VS2019)

END.
