#
# A fatal error has been detected by the Java Runtime Environment:
#
#  EXCEPTION_ACCESS_VIOLATION (0xc0000005) at pc=0x00007ff8a729d0d9, pid=2864, tid=1436
#
# JRE version: OpenJDK Runtime Environment (17.0.6) (build 17.0.6+0-b2043.56-9586694)
# Java VM: OpenJDK 64-Bit Server VM (17.0.6+0-b2043.56-9586694, mixed mode, tiered, compressed oops, compressed class ptrs, g1 gc, windows-amd64)
# Problematic frame:
# C  [nvoglv64.dll+0xcdd0d9]
#
# No core dump will be written. Minidumps are not enabled by default on client versions of Windows
#
# If you would like to submit a bug report, please visit:
#   https://bugreport.java.com/bugreport/crash.jsp
# The crash happened outside the Java Virtual Machine in native code.
# See problematic frame for where to report the bug.
#

---------------  S U M M A R Y ------------

Command Line: -Dfile.encoding=windows-1251 -Duser.country=RU -Duser.language=ru -Duser.variant com.tanks_2d.Pixel_4a

Host: AMD Ryzen 5 1600X Six-Core Processor           , 12 cores, 15G,  Windows 10 , 64 bit Build 19041 (10.0.19041.1023)
Time: Thu Jun  1 01:23:50 2023  Windows 10 , 64 bit Build 19041 (10.0.19041.1023) elapsed time: 3.214832 seconds (0d 0h 0m 3s)

---------------  T H R E A D  ---------------

Current thread (0x000002b57a4bda60):  JavaThread "main" [_thread_in_native, id=1436, stack(0x000000ff3c400000,0x000000ff3c500000)]

Stack: [0x000000ff3c400000,0x000000ff3c500000],  sp=0x000000ff3c4feb90,  free space=1018k
Native frames: (J=compiled Java code, j=interpreted, Vv=VM code, C=native code)
C  [nvoglv64.dll+0xcdd0d9]

Java frames: (J=compiled Java code, j=interpreted, Vv=VM code)
J 1640  org.lwjgl.opengl.GL11C.nglDrawElements(IIIJ)V (0 bytes) @ 0x000002b507bb77f6 [0x000002b507bb77a0+0x0000000000000056]
J 1643 c1 org.lwjgl.opengl.GL11C.glDrawElements(ILjava/nio/ShortBuffer;)V (16 bytes) @ 0x000002b5002dfb7c [0x000002b5002df960+0x000000000000021c]
J 1617 c1 com.badlogic.gdx.backends.lwjgl3.Lwjgl3GL20.glDrawElements(IIILjava/nio/Buffer;)V (232 bytes) @ 0x000002b5002cfd44 [0x000002b5002ce8c0+0x0000000000001484]
J 1572 c1 com.badlogic.gdx.graphics.Mesh.render(Lcom/badlogic/gdx/graphics/glutils/ShaderProgram;IIIZ)V (323 bytes) @ 0x000002b5002ba884 [0x000002b5002ba300+0x0000000000000584]
J 1590 c1 com.badlogic.gdx.graphics.Mesh.render(Lcom/badlogic/gdx/graphics/glutils/ShaderProgram;III)V (14 bytes) @ 0x000002b5002c1c14 [0x000002b5002c1ba0+0x0000000000000074]
J 1515 c1 com.badlogic.gdx.graphics.g2d.SpriteBatch.flush()V (193 bytes) @ 0x000002b5002a4834 [0x000002b5002a3940+0x0000000000000ef4]
J 1639 c1 com.badlogic.gdx.graphics.g2d.SpriteBatch.draw(Lcom/badlogic/gdx/graphics/Texture;FFFF)V (279 bytes) @ 0x000002b5002dcbac [0x000002b5002dc960+0x000000000000024c]
J 1638 c1 com.badlogic.gdx.graphics.g2d.SpriteBatch.draw(Lcom/badlogic/gdx/graphics/Texture;FF)V (18 bytes) @ 0x000002b5002dc434 [0x000002b5002dc260+0x00000000000001d4]
j  com.tanks_2d.Screens.MenuScreen.render(F)V+215
j  com.badlogic.gdx.Game.render()V+19
j  com.badlogic.gdx.backends.lwjgl3.Lwjgl3Window.update()Z+187
j  com.badlogic.gdx.backends.lwjgl3.Lwjgl3Application.loop()V+111
j  com.badlogic.gdx.backends.lwjgl3.Lwjgl3Application.<init>(Lcom/badlogic/gdx/ApplicationListener;Lcom/badlogic/gdx/backends/lwjgl3/Lwjgl3ApplicationConfiguration;)V+269
j  com.tanks_2d.Pixel_4a.main([Ljava/lang/String;)V+48
v  ~StubRoutines::call_stub

siginfo: EXCEPTION_ACCESS_VIOLATION (0xc0000005), reading address 0x000002b51f623f3a


Register to memory mapping:

RIP=0x00007ff8a729d0d9 nvoglv64.dll
RAX=0x00000000e8542c3a is an unknown value
RBX=0x0000000000000001 is an unknown value
RCX=0x0 is NULL
RDX=0x000000091349ba44 is an unknown value
RSP=0x000000ff3c4feb90 is pointing into the stack for thread: 0x000002b57a4bda60
RBP=0x0000000000000006 is an unknown value
RSI=0x0000000000000006 is an unknown value
RDI=0x0000000000001403 is an unknown value
R8 =0x0000000000000070 is an unknown value
R9 =0x0 is NULL
R10=0x00000000546c6148 is an unknown value
R11=0xfffffffff8369ddd is an unknown value
R12=0x0000000000000004 is an unknown value
R13=0x000002b51f7fb080 points into unknown readable memory: 0x0000000000000000 | 00 00 00 00 00 00 00 00
R14=0x000002b51f623f30 is an unknown value
R15=0x000002b51f7fbe58 points into unknown readable memory: 0x0000000000000004 | 04 00 00 00 00 00 00 00


Registers:
RAX=0x00000000e8542c3a, RBX=0x0000000000000001, RCX=0x0000000000000000, RDX=0x000000091349ba44
RSP=0x000000ff3c4feb90, RBP=0x0000000000000006, RSI=0x0000000000000006, RDI=0x0000000000001403
R8 =0x0000000000000070, R9 =0x0000000000000000, R10=0x00000000546c6148, R11=0xfffffffff8369ddd
R12=0x0000000000000004, R13=0x000002b51f7fb080, R14=0x000002b51f623f30, R15=0x000002b51f7fbe58
RIP=0x00007ff8a729d0d9, EFLAGS=0x0000000000010246

Top of Stack: (sp=0x000000ff3c4feb90)
0x000000ff3c4feb90:   0000000000000001 000000ff00000014
0x000000ff3c4feba0:   000002b529cee331 00007ff8aa8479c7
0x000000ff3c4febb0:   000000ff3c4ff2b0 000002b5002ae26c
0x000000ff3c4febc0:   000000ff3c4fedf8 000000ff3c4fecb8
0x000000ff3c4febd0:   0000000000860021 00007ff8aa871b6c
0x000000ff3c4febe0:   000002b51f7fbe58 00007ff8aab9af8e
0x000000ff3c4febf0:   000002b57a4bda60 000002b57a4bda60
0x000000ff3c4fec00:   000000ff3c4ff2b0 000002b51f623f30
0x000000ff3c4fec10:   000000ff3c4fed40 0000000000001403
0x000000ff3c4fec20:   0000000000000004 000002b51f7fb080
0x000000ff3c4fec30:   0000000000000006 000000ff3c4fed50
0x000000ff3c4fec40:   0000000000000000 00007ff8a6effd76
0x000000ff3c4fec50:   000000070f1c63a8 0000000000000004
0x000000ff3c4fec60:   0000000000000000 000002b500000000
0x000000ff3c4fec70:   000000000000000c 0000000700001403
0x000000ff3c4fec80:   000002b51f623f30 0000000000000000 

Instructions: (pc=0x00007ff8a729d0d9)
0x00007ff8a729cfd9:   00 8b d5 4c 8b b4 24 f0 00 00 00 8b cf 45 8b 57
0x00007ff8a729cfe9:   14 41 8b 47 18 41 f7 d2 45 23 57 0c 41 0b c2 d1
0x00007ff8a729cff9:   e9 83 e1 03 4c 89 7c 24 50 d3 e2 f7 d0 41 23 47
0x00007ff8a729d009:   10 41 80 7f 1e 00 89 94 24 e0 00 00 00 0f 85 64
0x00007ff8a729d019:   08 00 00 41 80 bd 5c ec 55 00 00 0f 85 56 08 00
0x00007ff8a729d029:   00 85 ed 0f 8e 4e 08 00 00 41 83 f8 0e 0f 87 44
0x00007ff8a729d039:   08 00 00 41 3b 95 a8 ee 55 00 0f 8f 37 08 00 00
0x00007ff8a729d049:   41 83 7f 08 00 0f 85 2c 08 00 00 41 80 7f 1d 00
0x00007ff8a729d059:   0f 85 21 08 00 00 41 80 7f 1c 00 0f 85 16 08 00
0x00007ff8a729d069:   00 41 80 bd 65 38 55 00 00 0f 85 08 08 00 00 41
0x00007ff8a729d079:   80 bd 6c 38 55 00 00 0f 85 fa 07 00 00 a9 00 00
0x00007ff8a729d089:   03 00 0f 85 ef 07 00 00 44 0b d0 45 85 57 20 0f
0x00007ff8a729d099:   85 e2 07 00 00 bb 01 00 00 00 49 8d 8d 00 f0 55
0x00007ff8a729d0a9:   00 8b d3 e8 bf 93 e7 ff 81 ff 05 14 00 00 75 18
0x00007ff8a729d0b9:   41 8b 44 ae fc 4c 8d 65 ff 41 8b 0e 8b f8 3b c8
0x00007ff8a729d0c9:   0f 47 f9 0f 42 c1 eb 5b 81 ff 03 14 00 00 75 24
0x00007ff8a729d0d9:   41 0f b7 4c 6e fe 4c 8d 65 ff 41 0f b7 16 0f b7
0x00007ff8a729d0e9:   c1 66 3b d1 66 0f 47 c2 66 0f 42 ca 0f b7 f8 0f
0x00007ff8a729d0f9:   b7 c1 eb 2f 81 ff 01 14 00 00 0f 85 77 07 00 00
0x00007ff8a729d109:   42 0f b6 54 35 ff 4c 8d 65 ff 45 0f b6 06 8b ca
0x00007ff8a729d119:   44 3a c2 41 0f 47 c8 0f b6 f9 8b ca 41 0f 42 c8
0x00007ff8a729d129:   0f b6 c1 49 8b cf 8d 75 ff 2b f8 e8 47 0b 00 00
0x00007ff8a729d139:   45 8b 57 78 41 8b c2 0f af c7 44 89 94 24 c0 00
0x00007ff8a729d149:   00 00 41 3b 85 ac ee 55 00 0f 8f 21 07 00 00 8b
0x00007ff8a729d159:   84 24 e8 00 00 00 0f 29 74 24 60 3d 05 14 00 00
0x00007ff8a729d169:   0f 85 f6 00 00 00 45 8b 3e 41 8b ff 49 8d 56 04
0x00007ff8a729d179:   3b eb 0f 8e 70 03 00 00 83 fe 08 0f 82 b1 00 00
0x00007ff8a729d189:   00 83 3d af d3 1d 02 02 0f 8c a4 00 00 00 81 e6
0x00007ff8a729d199:   07 00 00 80 7d 07 ff ce 83 ce f8 ff c6 66 41 0f
0x00007ff8a729d1a9:   6e cf 8b c5 66 0f 70 c9 00 2b c6 66 0f 6f d9 66
0x00007ff8a729d1b9:   0f 6f e1 66 0f 6f d1 f3 0f 6f 02 83 c3 08 66 0f
0x00007ff8a729d1c9:   38 3b c8 66 0f 38 3f d0 f3 0f 6f 42 10 48 83 c2 


Stack slot to memory mapping:
stack at sp + 0 slots: 0x0000000000000001 is an unknown value
stack at sp + 1 slots: 0x000000ff00000014 is an unknown value
stack at sp + 2 slots: 0x000002b529cee331 is pointing into metadata
stack at sp + 3 slots: 0x00007ff8aa8479c7 jvm.dll
stack at sp + 4 slots: 0x000000ff3c4ff2b0 is pointing into the stack for thread: 0x000002b57a4bda60
stack at sp + 5 slots: 0x000002b5002ae26c is at entry_point+76 in (nmethod*)0x000002b5002ae090
stack at sp + 6 slots: 0x000000ff3c4fedf8 is pointing into the stack for thread: 0x000002b57a4bda60
stack at sp + 7 slots: 0x000000ff3c4fecb8 is pointing into the stack for thread: 0x000002b57a4bda60


---------------  P R O C E S S  ---------------

Threads class SMR info:
_java_thread_list=0x000002b5246cbfb0, length=16, elements={
0x000002b57a4bda60, 0x000002b51c06b260, 0x000002b51c06d0e0, 0x000002b51b54d7b0,
0x000002b51b54e270, 0x000002b51c081e40, 0x000002b51c082700, 0x000002b51c083900,
0x000002b51c0a35b0, 0x000002b51c0a3fa0, 0x000002b51c216390, 0x000002b51c2399d0,
0x000002b51cb1c010, 0x000002b51cbda010, 0x000002b51d845500, 0x000002b51db77e20
}

Java Threads: ( => current thread )
=>0x000002b57a4bda60 JavaThread "main" [_thread_in_native, id=1436, stack(0x000000ff3c400000,0x000000ff3c500000)]
  0x000002b51c06b260 JavaThread "Reference Handler" daemon [_thread_blocked, id=4228, stack(0x000000ff3cb00000,0x000000ff3cc00000)]
  0x000002b51c06d0e0 JavaThread "Finalizer" daemon [_thread_blocked, id=7132, stack(0x000000ff3cc00000,0x000000ff3cd00000)]
  0x000002b51b54d7b0 JavaThread "Signal Dispatcher" daemon [_thread_blocked, id=1544, stack(0x000000ff3cd00000,0x000000ff3ce00000)]
  0x000002b51b54e270 JavaThread "Attach Listener" daemon [_thread_blocked, id=7296, stack(0x000000ff3ce00000,0x000000ff3cf00000)]
  0x000002b51c081e40 JavaThread "Service Thread" daemon [_thread_blocked, id=4512, stack(0x000000ff3cf00000,0x000000ff3d000000)]
  0x000002b51c082700 JavaThread "Monitor Deflation Thread" daemon [_thread_blocked, id=7016, stack(0x000000ff3d000000,0x000000ff3d100000)]
  0x000002b51c083900 JavaThread "C2 CompilerThread0" daemon [_thread_blocked, id=4344, stack(0x000000ff3d100000,0x000000ff3d200000)]
  0x000002b51c0a35b0 JavaThread "C1 CompilerThread0" daemon [_thread_blocked, id=4520, stack(0x000000ff3d200000,0x000000ff3d300000)]
  0x000002b51c0a3fa0 JavaThread "Sweeper thread" daemon [_thread_blocked, id=6012, stack(0x000000ff3d300000,0x000000ff3d400000)]
  0x000002b51c216390 JavaThread "Notification Thread" daemon [_thread_blocked, id=7492, stack(0x000000ff3d400000,0x000000ff3d500000)]
  0x000002b51c2399d0 JavaThread "Common-Cleaner" daemon [_thread_blocked, id=8120, stack(0x000000ff3d600000,0x000000ff3d700000)]
  0x000002b51cb1c010 JavaThread "Client" daemon [_thread_in_native, id=6412, stack(0x000000ff3d800000,0x000000ff3d900000)]
  0x000002b51cbda010 JavaThread "Thread-0" [_thread_blocked, id=1244, stack(0x000000ff3d900000,0x000000ff3da00000)]
  0x000002b51d845500 JavaThread "AssetManager" daemon [_thread_blocked, id=5112, stack(0x000000ff3ea00000,0x000000ff3eb00000)]
  0x000002b51db77e20 JavaThread "LWJGL3 Timer" daemon [_thread_blocked, id=5860, stack(0x000000ff3ed00000,0x000000ff3ee00000)]

Other Threads:
  0x000002b51b549cc0 VMThread "VM Thread" [stack: 0x000000ff3ca00000,0x000000ff3cb00000] [id=7756]
  0x000002b57c708b50 WatcherThread [stack: 0x000000ff3d500000,0x000000ff3d600000] [id=4892]
  0x000002b57c6f1280 GCTaskThread "GC Thread#0" [stack: 0x000000ff3c500000,0x000000ff3c600000] [id=8036]
  0x000002b51d47bc60 GCTaskThread "GC Thread#1" [stack: 0x000000ff3d700000,0x000000ff3d800000] [id=5028]
  0x000002b51d6cf530 GCTaskThread "GC Thread#2" [stack: 0x000000ff3e400000,0x000000ff3e500000] [id=7856]
  0x000002b51cf21a10 GCTaskThread "GC Thread#3" [stack: 0x000000ff3e500000,0x000000ff3e600000] [id=3648]
  0x000002b51cf21cc0 GCTaskThread "GC Thread#4" [stack: 0x000000ff3e600000,0x000000ff3e700000] [id=7700]
  0x000002b51cf21f70 GCTaskThread "GC Thread#5" [stack: 0x000000ff3e700000,0x000000ff3e800000] [id=1612]
  0x000002b51d7face0 GCTaskThread "GC Thread#6" [stack: 0x000000ff3e800000,0x000000ff3e900000] [id=2036]
  0x000002b51d7faf90 GCTaskThread "GC Thread#7" [stack: 0x000000ff3e900000,0x000000ff3ea00000] [id=1476]
  0x000002b57c702100 ConcurrentGCThread "G1 Main Marker" [stack: 0x000000ff3c600000,0x000000ff3c700000] [id=2204]
  0x000002b57c7032b0 ConcurrentGCThread "G1 Conc#0" [stack: 0x000000ff3c700000,0x000000ff3c800000] [id=7468]
  0x000002b57c74ea30 ConcurrentGCThread "G1 Refine#0" [stack: 0x000000ff3c800000,0x000000ff3c900000] [id=836]
  0x000002b51b3e6a50 ConcurrentGCThread "G1 Service" [stack: 0x000000ff3c900000,0x000000ff3ca00000] [id=7256]

Threads with active compile tasks:

VM state: not at safepoint (normal execution)

VM Mutex/Monitor currently owned by a thread: None

Heap address: 0x0000000700c00000, size: 4084 MB, Compressed Oops mode: Zero based, Oop shift amount: 3

CDS archive(s) not mapped
Compressed class space mapped at: 0x0000000800000000-0x0000000840000000, reserved size: 1073741824
Narrow klass base: 0x0000000800000000, Narrow klass shift: 0, Narrow klass range: 0x40000000

GC Precious Log:
 CPUs: 12 total, 12 available
 Memory: 16332M
 Large Page Support: Disabled
 NUMA Support: Disabled
 Compressed Oops: Enabled (Zero based)
 Heap Region Size: 2M
 Heap Min Capacity: 8M
 Heap Initial Capacity: 256M
 Heap Max Capacity: 4084M
 Pre-touch: Disabled
 Parallel Workers: 10
 Concurrent Workers: 3
 Concurrent Refinement Workers: 10
 Periodic GC: Disabled

Heap:
 garbage-first heap   total 262144K, used 31733K [0x0000000700c00000, 0x0000000800000000)
  region size 2048K, 17 young (34816K), 2 survivors (4096K)
 Metaspace       used 18804K, committed 19008K, reserved 1073152K
  class space    used 1714K, committed 1792K, reserved 1048576K

Heap Regions: E=young(eden), S=young(survivor), O=old, HS=humongous(starts), HC=humongous(continues), CS=collection set, F=free, OA=open archive, CA=closed archive, TAMS=top-at-mark-start (previous, next)
|   0|0x0000000700c00000, 0x0000000700e00000, 0x0000000700e00000|100%|HS|  |TAMS 0x0000000700c00000, 0x0000000700c00000| Complete 
|   1|0x0000000700e00000, 0x0000000700e00000, 0x0000000701000000|  0%| F|  |TAMS 0x0000000700e00000, 0x0000000700e00000| Untracked 
|   2|0x0000000701000000, 0x0000000701000000, 0x0000000701200000|  0%| F|  |TAMS 0x0000000701000000, 0x0000000701000000| Untracked 
|   3|0x0000000701200000, 0x0000000701200000, 0x0000000701400000|  0%| F|  |TAMS 0x0000000701200000, 0x0000000701200000| Untracked 
|   4|0x0000000701400000, 0x0000000701400000, 0x0000000701600000|  0%| F|  |TAMS 0x0000000701400000, 0x0000000701400000| Untracked 
|   5|0x0000000701600000, 0x0000000701600000, 0x0000000701800000|  0%| F|  |TAMS 0x0000000701600000, 0x0000000701600000| Untracked 
|   6|0x0000000701800000, 0x0000000701800000, 0x0000000701a00000|  0%| F|  |TAMS 0x0000000701800000, 0x0000000701800000| Untracked 
|   7|0x0000000701a00000, 0x0000000701a00000, 0x0000000701c00000|  0%| F|  |TAMS 0x0000000701a00000, 0x0000000701a00000| Untracked 
|   8|0x0000000701c00000, 0x0000000701c00000, 0x0000000701e00000|  0%| F|  |TAMS 0x0000000701c00000, 0x0000000701c00000| Untracked 
|   9|0x0000000701e00000, 0x0000000701e00000, 0x0000000702000000|  0%| F|  |TAMS 0x0000000701e00000, 0x0000000701e00000| Untracked 
|  10|0x0000000702000000, 0x0000000702000000, 0x0000000702200000|  0%| F|  |TAMS 0x0000000702000000, 0x0000000702000000| Untracked 
|  11|0x0000000702200000, 0x0000000702200000, 0x0000000702400000|  0%| F|  |TAMS 0x0000000702200000, 0x0000000702200000| Untracked 
|  12|0x0000000702400000, 0x0000000702400000, 0x0000000702600000|  0%| F|  |TAMS 0x0000000702400000, 0x0000000702400000| Untracked 
|  13|0x0000000702600000, 0x0000000702600000, 0x0000000702800000|  0%| F|  |TAMS 0x0000000702600000, 0x0000000702600000| Untracked 
|  14|0x0000000702800000, 0x0000000702800000, 0x0000000702a00000|  0%| F|  |TAMS 0x0000000702800000, 0x0000000702800000| Untracked 
|  15|0x0000000702a00000, 0x0000000702a00000, 0x0000000702c00000|  0%| F|  |TAMS 0x0000000702a00000, 0x0000000702a00000| Untracked 
|  16|0x0000000702c00000, 0x0000000702c00000, 0x0000000702e00000|  0%| F|  |TAMS 0x0000000702c00000, 0x0000000702c00000| Untracked 
|  17|0x0000000702e00000, 0x0000000702e00000, 0x0000000703000000|  0%| F|  |TAMS 0x0000000702e00000, 0x0000000702e00000| Untracked 
|  18|0x0000000703000000, 0x0000000703000000, 0x0000000703200000|  0%| F|  |TAMS 0x0000000703000000, 0x0000000703000000| Untracked 
|  19|0x0000000703200000, 0x0000000703200000, 0x0000000703400000|  0%| F|  |TAMS 0x0000000703200000, 0x0000000703200000| Untracked 
|  20|0x0000000703400000, 0x0000000703400000, 0x0000000703600000|  0%| F|  |TAMS 0x0000000703400000, 0x0000000703400000| Untracked 
|  21|0x0000000703600000, 0x0000000703600000, 0x0000000703800000|  0%| F|  |TAMS 0x0000000703600000, 0x0000000703600000| Untracked 
|  22|0x0000000703800000, 0x0000000703800000, 0x0000000703a00000|  0%| F|  |TAMS 0x0000000703800000, 0x0000000703800000| Untracked 
|  23|0x0000000703a00000, 0x0000000703a00000, 0x0000000703c00000|  0%| F|  |TAMS 0x0000000703a00000, 0x0000000703a00000| Untracked 
|  24|0x0000000703c00000, 0x0000000703c00000, 0x0000000703e00000|  0%| F|  |TAMS 0x0000000703c00000, 0x0000000703c00000| Untracked 
|  25|0x0000000703e00000, 0x0000000703e00000, 0x0000000704000000|  0%| F|  |TAMS 0x0000000703e00000, 0x0000000703e00000| Untracked 
|  26|0x0000000704000000, 0x0000000704000000, 0x0000000704200000|  0%| F|  |TAMS 0x0000000704000000, 0x0000000704000000| Untracked 
|  27|0x0000000704200000, 0x0000000704200000, 0x0000000704400000|  0%| F|  |TAMS 0x0000000704200000, 0x0000000704200000| Untracked 
|  28|0x0000000704400000, 0x0000000704400000, 0x0000000704600000|  0%| F|  |TAMS 0x0000000704400000, 0x0000000704400000| Untracked 
|  29|0x0000000704600000, 0x0000000704600000, 0x0000000704800000|  0%| F|  |TAMS 0x0000000704600000, 0x0000000704600000| Untracked 
|  30|0x0000000704800000, 0x0000000704800000, 0x0000000704a00000|  0%| F|  |TAMS 0x0000000704800000, 0x0000000704800000| Untracked 
|  31|0x0000000704a00000, 0x0000000704a00000, 0x0000000704c00000|  0%| F|  |TAMS 0x0000000704a00000, 0x0000000704a00000| Untracked 
|  32|0x0000000704c00000, 0x0000000704c00000, 0x0000000704e00000|  0%| F|  |TAMS 0x0000000704c00000, 0x0000000704c00000| Untracked 
|  33|0x0000000704e00000, 0x0000000704e00000, 0x0000000705000000|  0%| F|  |TAMS 0x0000000704e00000, 0x0000000704e00000| Untracked 
|  34|0x0000000705000000, 0x0000000705000000, 0x0000000705200000|  0%| F|  |TAMS 0x0000000705000000, 0x0000000705000000| Untracked 
|  35|0x0000000705200000, 0x0000000705200000, 0x0000000705400000|  0%| F|  |TAMS 0x0000000705200000, 0x0000000705200000| Untracked 
|  36|0x0000000705400000, 0x0000000705400000, 0x0000000705600000|  0%| F|  |TAMS 0x0000000705400000, 0x0000000705400000| Untracked 
|  37|0x0000000705600000, 0x0000000705600000, 0x0000000705800000|  0%| F|  |TAMS 0x0000000705600000, 0x0000000705600000| Untracked 
|  38|0x0000000705800000, 0x0000000705800000, 0x0000000705a00000|  0%| F|  |TAMS 0x0000000705800000, 0x0000000705800000| Untracked 
|  39|0x0000000705a00000, 0x0000000705a00000, 0x0000000705c00000|  0%| F|  |TAMS 0x0000000705a00000, 0x0000000705a00000| Untracked 
|  40|0x0000000705c00000, 0x0000000705c00000, 0x0000000705e00000|  0%| F|  |TAMS 0x0000000705c00000, 0x0000000705c00000| Untracked 
|  41|0x0000000705e00000, 0x0000000705e00000, 0x0000000706000000|  0%| F|  |TAMS 0x0000000705e00000, 0x0000000705e00000| Untracked 
|  42|0x0000000706000000, 0x0000000706000000, 0x0000000706200000|  0%| F|  |TAMS 0x0000000706000000, 0x0000000706000000| Untracked 
|  43|0x0000000706200000, 0x0000000706200000, 0x0000000706400000|  0%| F|  |TAMS 0x0000000706200000, 0x0000000706200000| Untracked 
|  44|0x0000000706400000, 0x0000000706400000, 0x0000000706600000|  0%| F|  |TAMS 0x0000000706400000, 0x0000000706400000| Untracked 
|  45|0x0000000706600000, 0x0000000706600000, 0x0000000706800000|  0%| F|  |TAMS 0x0000000706600000, 0x0000000706600000| Untracked 
|  46|0x0000000706800000, 0x0000000706800000, 0x0000000706a00000|  0%| F|  |TAMS 0x0000000706800000, 0x0000000706800000| Untracked 
|  47|0x0000000706a00000, 0x0000000706a00000, 0x0000000706c00000|  0%| F|  |TAMS 0x0000000706a00000, 0x0000000706a00000| Untracked 
|  48|0x0000000706c00000, 0x0000000706c00000, 0x0000000706e00000|  0%| F|  |TAMS 0x0000000706c00000, 0x0000000706c00000| Untracked 
|  49|0x0000000706e00000, 0x0000000706e00000, 0x0000000707000000|  0%| F|  |TAMS 0x0000000706e00000, 0x0000000706e00000| Untracked 
|  50|0x0000000707000000, 0x0000000707000000, 0x0000000707200000|  0%| F|  |TAMS 0x0000000707000000, 0x0000000707000000| Untracked 
|  51|0x0000000707200000, 0x0000000707200000, 0x0000000707400000|  0%| F|  |TAMS 0x0000000707200000, 0x0000000707200000| Untracked 
|  52|0x0000000707400000, 0x0000000707400000, 0x0000000707600000|  0%| F|  |TAMS 0x0000000707400000, 0x0000000707400000| Untracked 
|  53|0x0000000707600000, 0x0000000707600000, 0x0000000707800000|  0%| F|  |TAMS 0x0000000707600000, 0x0000000707600000| Untracked 
|  54|0x0000000707800000, 0x0000000707800000, 0x0000000707a00000|  0%| F|  |TAMS 0x0000000707800000, 0x0000000707800000| Untracked 
|  55|0x0000000707a00000, 0x0000000707a00000, 0x0000000707c00000|  0%| F|  |TAMS 0x0000000707a00000, 0x0000000707a00000| Untracked 
|  56|0x0000000707c00000, 0x0000000707c00000, 0x0000000707e00000|  0%| F|  |TAMS 0x0000000707c00000, 0x0000000707c00000| Untracked 
|  57|0x0000000707e00000, 0x0000000707e00000, 0x0000000708000000|  0%| F|  |TAMS 0x0000000707e00000, 0x0000000707e00000| Untracked 
|  58|0x0000000708000000, 0x0000000708000000, 0x0000000708200000|  0%| F|  |TAMS 0x0000000708000000, 0x0000000708000000| Untracked 
|  59|0x0000000708200000, 0x0000000708200000, 0x0000000708400000|  0%| F|  |TAMS 0x0000000708200000, 0x0000000708200000| Untracked 
|  60|0x0000000708400000, 0x0000000708400000, 0x0000000708600000|  0%| F|  |TAMS 0x0000000708400000, 0x0000000708400000| Untracked 
|  61|0x0000000708600000, 0x0000000708600000, 0x0000000708800000|  0%| F|  |TAMS 0x0000000708600000, 0x0000000708600000| Untracked 
|  62|0x0000000708800000, 0x0000000708800000, 0x0000000708a00000|  0%| F|  |TAMS 0x0000000708800000, 0x0000000708800000| Untracked 
|  63|0x0000000708a00000, 0x0000000708a00000, 0x0000000708c00000|  0%| F|  |TAMS 0x0000000708a00000, 0x0000000708a00000| Untracked 
|  64|0x0000000708c00000, 0x0000000708c00000, 0x0000000708e00000|  0%| F|  |TAMS 0x0000000708c00000, 0x0000000708c00000| Untracked 
|  65|0x0000000708e00000, 0x0000000708e00000, 0x0000000709000000|  0%| F|  |TAMS 0x0000000708e00000, 0x0000000708e00000| Untracked 
|  66|0x0000000709000000, 0x0000000709000000, 0x0000000709200000|  0%| F|  |TAMS 0x0000000709000000, 0x0000000709000000| Untracked 
|  67|0x0000000709200000, 0x0000000709200000, 0x0000000709400000|  0%| F|  |TAMS 0x0000000709200000, 0x0000000709200000| Untracked 
|  68|0x0000000709400000, 0x0000000709400000, 0x0000000709600000|  0%| F|  |TAMS 0x0000000709400000, 0x0000000709400000| Untracked 
|  69|0x0000000709600000, 0x0000000709600000, 0x0000000709800000|  0%| F|  |TAMS 0x0000000709600000, 0x0000000709600000| Untracked 
|  70|0x0000000709800000, 0x0000000709800000, 0x0000000709a00000|  0%| F|  |TAMS 0x0000000709800000, 0x0000000709800000| Untracked 
|  71|0x0000000709a00000, 0x0000000709a00000, 0x0000000709c00000|  0%| F|  |TAMS 0x0000000709a00000, 0x0000000709a00000| Untracked 
|  72|0x0000000709c00000, 0x0000000709c00000, 0x0000000709e00000|  0%| F|  |TAMS 0x0000000709c00000, 0x0000000709c00000| Untracked 
|  73|0x0000000709e00000, 0x0000000709e00000, 0x000000070a000000|  0%| F|  |TAMS 0x0000000709e00000, 0x0000000709e00000| Untracked 
|  74|0x000000070a000000, 0x000000070a000000, 0x000000070a200000|  0%| F|  |TAMS 0x000000070a000000, 0x000000070a000000| Untracked 
|  75|0x000000070a200000, 0x000000070a200000, 0x000000070a400000|  0%| F|  |TAMS 0x000000070a200000, 0x000000070a200000| Untracked 
|  76|0x000000070a400000, 0x000000070a400000, 0x000000070a600000|  0%| F|  |TAMS 0x000000070a400000, 0x000000070a400000| Untracked 
|  77|0x000000070a600000, 0x000000070a600000, 0x000000070a800000|  0%| F|  |TAMS 0x000000070a600000, 0x000000070a600000| Untracked 
|  78|0x000000070a800000, 0x000000070a800000, 0x000000070aa00000|  0%| F|  |TAMS 0x000000070a800000, 0x000000070a800000| Untracked 
|  79|0x000000070aa00000, 0x000000070aa00000, 0x000000070ac00000|  0%| F|  |TAMS 0x000000070aa00000, 0x000000070aa00000| Untracked 
|  80|0x000000070ac00000, 0x000000070ac00000, 0x000000070ae00000|  0%| F|  |TAMS 0x000000070ac00000, 0x000000070ac00000| Untracked 
|  81|0x000000070ae00000, 0x000000070ae00000, 0x000000070b000000|  0%| F|  |TAMS 0x000000070ae00000, 0x000000070ae00000| Untracked 
|  82|0x000000070b000000, 0x000000070b000000, 0x000000070b200000|  0%| F|  |TAMS 0x000000070b000000, 0x000000070b000000| Untracked 
|  83|0x000000070b200000, 0x000000070b200000, 0x000000070b400000|  0%| F|  |TAMS 0x000000070b200000, 0x000000070b200000| Untracked 
|  84|0x000000070b400000, 0x000000070b400000, 0x000000070b600000|  0%| F|  |TAMS 0x000000070b400000, 0x000000070b400000| Untracked 
|  85|0x000000070b600000, 0x000000070b600000, 0x000000070b800000|  0%| F|  |TAMS 0x000000070b600000, 0x000000070b600000| Untracked 
|  86|0x000000070b800000, 0x000000070b800000, 0x000000070ba00000|  0%| F|  |TAMS 0x000000070b800000, 0x000000070b800000| Untracked 
|  87|0x000000070ba00000, 0x000000070ba00000, 0x000000070bc00000|  0%| F|  |TAMS 0x000000070ba00000, 0x000000070ba00000| Untracked 
|  88|0x000000070bc00000, 0x000000070bc00000, 0x000000070be00000|  0%| F|  |TAMS 0x000000070bc00000, 0x000000070bc00000| Untracked 
|  89|0x000000070be00000, 0x000000070be00000, 0x000000070c000000|  0%| F|  |TAMS 0x000000070be00000, 0x000000070be00000| Untracked 
|  90|0x000000070c000000, 0x000000070c000000, 0x000000070c200000|  0%| F|  |TAMS 0x000000070c000000, 0x000000070c000000| Untracked 
|  91|0x000000070c200000, 0x000000070c200000, 0x000000070c400000|  0%| F|  |TAMS 0x000000070c200000, 0x000000070c200000| Untracked 
|  92|0x000000070c400000, 0x000000070c400000, 0x000000070c600000|  0%| F|  |TAMS 0x000000070c400000, 0x000000070c400000| Untracked 
|  93|0x000000070c600000, 0x000000070c600000, 0x000000070c800000|  0%| F|  |TAMS 0x000000070c600000, 0x000000070c600000| Untracked 
|  94|0x000000070c800000, 0x000000070c800000, 0x000000070ca00000|  0%| F|  |TAMS 0x000000070c800000, 0x000000070c800000| Untracked 
|  95|0x000000070ca00000, 0x000000070ca00000, 0x000000070cc00000|  0%| F|  |TAMS 0x000000070ca00000, 0x000000070ca00000| Untracked 
|  96|0x000000070cc00000, 0x000000070cc00000, 0x000000070ce00000|  0%| F|  |TAMS 0x000000070cc00000, 0x000000070cc00000| Untracked 
|  97|0x000000070ce00000, 0x000000070ce00000, 0x000000070d000000|  0%| F|  |TAMS 0x000000070ce00000, 0x000000070ce00000| Untracked 
|  98|0x000000070d000000, 0x000000070d000000, 0x000000070d200000|  0%| F|  |TAMS 0x000000070d000000, 0x000000070d000000| Untracked 
|  99|0x000000070d200000, 0x000000070d200000, 0x000000070d400000|  0%| F|  |TAMS 0x000000070d200000, 0x000000070d200000| Untracked 
| 100|0x000000070d400000, 0x000000070d400000, 0x000000070d600000|  0%| F|  |TAMS 0x000000070d400000, 0x000000070d400000| Untracked 
| 101|0x000000070d600000, 0x000000070d600000, 0x000000070d800000|  0%| F|  |TAMS 0x000000070d600000, 0x000000070d600000| Untracked 
| 102|0x000000070d800000, 0x000000070d800000, 0x000000070da00000|  0%| F|  |TAMS 0x000000070d800000, 0x000000070d800000| Untracked 
| 103|0x000000070da00000, 0x000000070da00000, 0x000000070dc00000|  0%| F|  |TAMS 0x000000070da00000, 0x000000070da00000| Untracked 
| 104|0x000000070dc00000, 0x000000070dc00000, 0x000000070de00000|  0%| F|  |TAMS 0x000000070dc00000, 0x000000070dc00000| Untracked 
| 105|0x000000070de00000, 0x000000070de00000, 0x000000070e000000|  0%| F|  |TAMS 0x000000070de00000, 0x000000070de00000| Untracked 
| 106|0x000000070e000000, 0x000000070e000000, 0x000000070e200000|  0%| F|  |TAMS 0x000000070e000000, 0x000000070e000000| Untracked 
| 107|0x000000070e200000, 0x000000070e200000, 0x000000070e400000|  0%| F|  |TAMS 0x000000070e200000, 0x000000070e200000| Untracked 
| 108|0x000000070e400000, 0x000000070e400000, 0x000000070e600000|  0%| F|  |TAMS 0x000000070e400000, 0x000000070e400000| Untracked 
| 109|0x000000070e600000, 0x000000070e600000, 0x000000070e800000|  0%| F|  |TAMS 0x000000070e600000, 0x000000070e600000| Untracked 
| 110|0x000000070e800000, 0x000000070e800000, 0x000000070ea00000|  0%| F|  |TAMS 0x000000070e800000, 0x000000070e800000| Untracked 
| 111|0x000000070ea00000, 0x000000070eb3ad80, 0x000000070ec00000| 61%| E|  |TAMS 0x000000070ea00000, 0x000000070ea00000| Complete 
| 112|0x000000070ec00000, 0x000000070ee00000, 0x000000070ee00000|100%| E|CS|TAMS 0x000000070ec00000, 0x000000070ec00000| Complete 
| 113|0x000000070ee00000, 0x000000070f000000, 0x000000070f000000|100%| E|CS|TAMS 0x000000070ee00000, 0x000000070ee00000| Complete 
| 114|0x000000070f000000, 0x000000070f200000, 0x000000070f200000|100%| E|CS|TAMS 0x000000070f000000, 0x000000070f000000| Complete 
| 115|0x000000070f200000, 0x000000070f2fd4f0, 0x000000070f400000| 49%| S|CS|TAMS 0x000000070f200000, 0x000000070f200000| Complete 
| 116|0x000000070f400000, 0x000000070f600000, 0x000000070f600000|100%| S|CS|TAMS 0x000000070f400000, 0x000000070f400000| Complete 
| 117|0x000000070f600000, 0x000000070f800000, 0x000000070f800000|100%| E|  |TAMS 0x000000070f600000, 0x000000070f600000| Complete 
| 118|0x000000070f800000, 0x000000070fa00000, 0x000000070fa00000|100%| E|CS|TAMS 0x000000070f800000, 0x000000070f800000| Complete 
| 119|0x000000070fa00000, 0x000000070fc00000, 0x000000070fc00000|100%| E|CS|TAMS 0x000000070fa00000, 0x000000070fa00000| Complete 
| 120|0x000000070fc00000, 0x000000070fe00000, 0x000000070fe00000|100%| E|CS|TAMS 0x000000070fc00000, 0x000000070fc00000| Complete 
| 121|0x000000070fe00000, 0x0000000710000000, 0x0000000710000000|100%| E|CS|TAMS 0x000000070fe00000, 0x000000070fe00000| Complete 
| 122|0x0000000710000000, 0x0000000710200000, 0x0000000710200000|100%| E|CS|TAMS 0x0000000710000000, 0x0000000710000000| Complete 
| 123|0x0000000710200000, 0x0000000710400000, 0x0000000710400000|100%| E|CS|TAMS 0x0000000710200000, 0x0000000710200000| Complete 
| 124|0x0000000710400000, 0x0000000710600000, 0x0000000710600000|100%| E|CS|TAMS 0x0000000710400000, 0x0000000710400000| Complete 
| 125|0x0000000710600000, 0x0000000710800000, 0x0000000710800000|100%| E|CS|TAMS 0x0000000710600000, 0x0000000710600000| Complete 
| 126|0x0000000710800000, 0x0000000710a00000, 0x0000000710a00000|100%| E|CS|TAMS 0x0000000710800000, 0x0000000710800000| Complete 
| 127|0x0000000710a00000, 0x0000000710c00000, 0x0000000710c00000|100%| E|CS|TAMS 0x0000000710a00000, 0x0000000710a00000| Complete 

Card table byte_map: [0x000002b50f910000,0x000002b510110000] _byte_map_base: 0x000002b50c10a000

Marking Bits (Prev, Next): (CMBitMap*) 0x000002b57c6f1890, (CMBitMap*) 0x000002b57c6f18d0
 Prev Bits: [0x000002b510910000, 0x000002b5148e0000)
 Next Bits: [0x000002b5148e0000, 0x000002b5188b0000)

Polling page: 0x000002b57a690000

Metaspace:

Usage:
  Non-class:     16.69 MB used.
      Class:      1.67 MB used.
       Both:     18.36 MB used.

Virtual space:
  Non-class space:       24.00 MB reserved,      16.81 MB ( 70%) committed,  3 nodes.
      Class space:        1.00 GB reserved,       1.75 MB ( <1%) committed,  1 nodes.
             Both:        1.02 GB reserved,      18.56 MB (  2%) committed. 

Chunk freelists:
   Non-Class:  2.83 MB
       Class:  2.25 MB
        Both:  5.08 MB

MaxMetaspaceSize: unlimited
CompressedClassSpaceSize: 1.00 GB
Initial GC threshold: 21.00 MB
Current GC threshold: 21.00 MB
CDS: off
MetaspaceReclaimPolicy: balanced
 - commit_granule_bytes: 65536.
 - commit_granule_words: 8192.
 - virtual_space_node_default_size: 1048576.
 - enlarge_chunks_in_place: 1.
 - new_chunks_are_fully_committed: 0.
 - uncommit_free_chunks: 1.
 - use_allocation_guard: 0.
 - handle_deallocations: 1.


Internal statistics:

num_allocs_failed_limit: 0.
num_arena_births: 80.
num_arena_deaths: 0.
num_vsnodes_births: 4.
num_vsnodes_deaths: 0.
num_space_committed: 295.
num_space_uncommitted: 0.
num_chunks_returned_to_freelist: 0.
num_chunks_taken_from_freelist: 368.
num_chunk_merges: 0.
num_chunk_splits: 269.
num_chunks_enlarged: 232.
num_purges: 0.
num_inconsistent_stats: 0.

CodeHeap 'non-profiled nmethods': size=120000Kb used=941Kb max_used=941Kb free=119058Kb
 bounds [0x000002b507ad0000, 0x000002b507d40000, 0x000002b50f000000]
CodeHeap 'profiled nmethods': size=120000Kb used=3028Kb max_used=3028Kb free=116972Kb
 bounds [0x000002b500000000, 0x000002b500300000, 0x000002b507530000]
CodeHeap 'non-nmethods': size=5760Kb used=1632Kb max_used=1660Kb free=4127Kb
 bounds [0x000002b507530000, 0x000002b5077a0000, 0x000002b507ad0000]
 total_blobs=2757 nmethods=1689 adapters=981
 compilation: enabled
              stopped_count=0, restarted_count=0
 full_count=0

Compilation events (20 events):
Event: 3.205 Thread 0x000002b51c0a35b0 nmethod 1682 0x000002b5002eee90 code [0x000002b5002ef040, 0x000002b5002ef208]
Event: 3.205 Thread 0x000002b51c0a35b0 1683       3       com.badlogic.gdx.graphics.Color::<init> (5 bytes)
Event: 3.205 Thread 0x000002b51c0a35b0 nmethod 1683 0x000002b5002ef310 code [0x000002b5002ef4a0, 0x000002b5002ef5f8]
Event: 3.205 Thread 0x000002b51c0a35b0 1684       3       com.tanks_2d.ParticleEffect.ParticleSmoke::<init> (69 bytes)
Event: 3.205 Thread 0x000002b51c0a35b0 nmethod 1684 0x000002b5002ef690 code [0x000002b5002ef880, 0x000002b5002efe98]
Event: 3.206 Thread 0x000002b51c0a35b0 1685       3       com.badlogic.gdx.math.MathUtils::random (10 bytes)
Event: 3.206 Thread 0x000002b51c0a35b0 nmethod 1685 0x000002b5002f0090 code [0x000002b5002f0240, 0x000002b5002f0408]
Event: 3.206 Thread 0x000002b51c0a35b0 1686       3       com.tanks_2d.ParticleEffect.StereoSmoke.Flying_stereo_elements_base::<init> (66 bytes)
Event: 3.206 Thread 0x000002b51c0a35b0 nmethod 1686 0x000002b5002f0510 code [0x000002b5002f0700, 0x000002b5002f0ca8]
Event: 3.207 Thread 0x000002b51c0a35b0 1687       3       sun.nio.cs.StreamDecoder::implRead (243 bytes)
Event: 3.207 Thread 0x000002b51c083900 1689       4       sun.nio.cs.SingleByte$Decoder::decode (11 bytes)
Event: 3.207 Thread 0x000002b51c0a35b0 nmethod 1687 0x000002b5002f0e90 code [0x000002b5002f1120, 0x000002b5002f1fd8]
Event: 3.207 Thread 0x000002b51c083900 nmethod 1689 0x000002b507bbaa10 code [0x000002b507bbab80, 0x000002b507bbac38]
Event: 3.207 Thread 0x000002b51c0a35b0 1688       3       sun.nio.cs.SingleByte$Decoder::decodeArrayLoop (205 bytes)
Event: 3.208 Thread 0x000002b51c083900 1691       4       java.lang.String::checkIndex (48 bytes)
Event: 3.208 Thread 0x000002b51c0a35b0 nmethod 1688 0x000002b5002f2490 code [0x000002b5002f28a0, 0x000002b5002f44d8]
Event: 3.208 Thread 0x000002b51c0a35b0 1690       1       jdk.internal.loader.URLClassPath$FileLoader$1::getURL (5 bytes)
Event: 3.208 Thread 0x000002b51c0a35b0 nmethod 1690 0x000002b507bbad10 code [0x000002b507bbaea0, 0x000002b507bbaf78]
Event: 3.209 Thread 0x000002b51c083900 nmethod 1691 0x000002b507bbb010 code [0x000002b507bbb180, 0x000002b507bbb218]
Event: 3.209 Thread 0x000002b51c083900 1692       4       java.lang.StringUTF16::charAt (11 bytes)

GC Heap History (2 events):
Event: 1.054 GC heap before
{Heap before GC invocations=0 (full 0):
 garbage-first heap   total 262144K, used 22528K [0x0000000700c00000, 0x0000000800000000)
  region size 2048K, 11 young (22528K), 0 survivors (0K)
 Metaspace       used 14506K, committed 14720K, reserved 1064960K
  class space    used 1353K, committed 1472K, reserved 1048576K
}
Event: 1.057 GC heap after
{Heap after GC invocations=1 (full 0):
 garbage-first heap   total 262144K, used 3061K [0x0000000700c00000, 0x0000000800000000)
  region size 2048K, 2 young (4096K), 2 survivors (4096K)
 Metaspace       used 14506K, committed 14720K, reserved 1064960K
  class space    used 1353K, committed 1472K, reserved 1048576K
}

Dll operation events (2 events):
Event: 0.005 Loaded shared library E:\A_STUDO\jbr\bin\java.dll
Event: 0.184 Loaded shared library E:\A_STUDO\jbr\bin\verify.dll

Deoptimization events (20 events):
Event: 2.334 Thread 0x000002b57a4bda60 DEOPT PACKING pc=0x000002b5002ac73e sp=0x000000ff3c4ff2a0
Event: 2.334 Thread 0x000002b57a4bda60 DEOPT UNPACKING pc=0x000002b507587143 sp=0x000000ff3c4fe7e8 mode 0
Event: 3.189 Thread 0x000002b57a4bda60 DEOPT PACKING pc=0x000002b500099b0b sp=0x000000ff3c4fe0d0
Event: 3.189 Thread 0x000002b57a4bda60 DEOPT UNPACKING pc=0x000002b507587143 sp=0x000000ff3c4fd530 mode 0
Event: 3.190 Thread 0x000002b57a4bda60 Uncommon trap: trap_request=0xffffff45 fr.pc=0x000002b507aee594 relative=0x0000000000000194
Event: 3.190 Thread 0x000002b57a4bda60 Uncommon trap: reason=unstable_if action=reinterpret pc=0x000002b507aee594 method=java.lang.String.equals(Ljava/lang/Object;)Z @ 33 c2
Event: 3.190 Thread 0x000002b57a4bda60 DEOPT PACKING pc=0x000002b507aee594 sp=0x000000ff3c4fef30
Event: 3.191 Thread 0x000002b57a4bda60 DEOPT UNPACKING pc=0x000002b5075869a3 sp=0x000000ff3c4feed0 mode 2
Event: 3.193 Thread 0x000002b57a4bda60 Uncommon trap: trap_request=0xffffff45 fr.pc=0x000002b507b73e6c relative=0x0000000000000d4c
Event: 3.193 Thread 0x000002b57a4bda60 Uncommon trap: reason=unstable_if action=reinterpret pc=0x000002b507b73e6c method=java.io.BufferedReader.readLine(Z[Z)Ljava/lang/String; @ 161 c2
Event: 3.193 Thread 0x000002b57a4bda60 DEOPT PACKING pc=0x000002b507b73e6c sp=0x000000ff3c4fed00
Event: 3.193 Thread 0x000002b57a4bda60 DEOPT UNPACKING pc=0x000002b5075869a3 sp=0x000000ff3c4feca8 mode 2
Event: 3.207 Thread 0x000002b57a4bda60 Uncommon trap: trap_request=0xffffff45 fr.pc=0x000002b507b37374 relative=0x00000000000003d4
Event: 3.207 Thread 0x000002b57a4bda60 Uncommon trap: reason=unstable_if action=reinterpret pc=0x000002b507b37374 method=java.lang.AbstractStringBuilder.isLatin1()Z @ 10 c2
Event: 3.207 Thread 0x000002b57a4bda60 DEOPT PACKING pc=0x000002b507b37374 sp=0x000000ff3c4fee70
Event: 3.207 Thread 0x000002b57a4bda60 DEOPT UNPACKING pc=0x000002b5075869a3 sp=0x000000ff3c4fedf0 mode 2
Event: 3.208 Thread 0x000002b57a4bda60 Uncommon trap: trap_request=0xffffff45 fr.pc=0x000002b507adc3dc relative=0x000000000000005c
Event: 3.208 Thread 0x000002b57a4bda60 Uncommon trap: reason=unstable_if action=reinterpret pc=0x000002b507adc3dc method=java.lang.AbstractStringBuilder.isLatin1()Z @ 10 c2
Event: 3.208 Thread 0x000002b57a4bda60 DEOPT PACKING pc=0x000002b507adc3dc sp=0x000000ff3c4fee50
Event: 3.208 Thread 0x000002b57a4bda60 DEOPT UNPACKING pc=0x000002b5075869a3 sp=0x000000ff3c4fede0 mode 2

Classes unloaded (0 events):
No events

Classes redefined (0 events):
No events

Internal exceptions (20 events):
Event: 0.748 Thread 0x000002b57a4bda60 Exception <a 'sun/nio/fs/WindowsException'{0x000000070fb93668}> (0x000000070fb93668) 
thrown [s\src\hotspot\share\prims\jni.cpp, line 517]
Event: 0.748 Thread 0x000002b57a4bda60 Exception <a 'sun/nio/fs/WindowsException'{0x000000070fb93908}> (0x000000070fb93908) 
thrown [s\src\hotspot\share\prims\jni.cpp, line 517]
Event: 0.756 Thread 0x000002b57a4bda60 Exception <a 'java/lang/NoSuchMethodError'{0x000000070fbd3628}: 'int java.lang.invoke.DirectMethodHandle$Holder.invokeStaticInit(java.lang.Object, java.lang.Object, int, long)'> (0x000000070fbd3628) 
thrown [s\src\hotspot\share\interpreter\linkResolver.cpp, line 771]
Event: 0.756 Thread 0x000002b57a4bda60 Exception <a 'java/lang/NoSuchMethodError'{0x000000070fbd8ef0}: 'java.lang.Object java.lang.invoke.DirectMethodHandle$Holder.newInvokeSpecial(java.lang.Object, java.lang.Object, int)'> (0x000000070fbd8ef0) 
thrown [s\src\hotspot\share\interpreter\linkResolver.cpp, line 771]
Event: 0.758 Thread 0x000002b57a4bda60 Exception <a 'java/lang/NoSuchMethodError'{0x000000070fbed750}: 'int java.lang.invoke.DirectMethodHandle$Holder.invokeStaticInit(java.lang.Object, java.lang.Object, long, long)'> (0x000000070fbed750) 
thrown [s\src\hotspot\share\interpreter\linkResolver.cpp, line 771]
Event: 0.758 Thread 0x000002b57a4bda60 Exception <a 'java/lang/NoSuchMethodError'{0x000000070fbf3860}: 'java.lang.Object java.lang.invoke.DirectMethodHandle$Holder.newInvokeSpecial(java.lang.Object, java.lang.Object, long)'> (0x000000070fbf3860) 
thrown [s\src\hotspot\share\interpreter\linkResolver.cpp, line 771]
Event: 0.759 Thread 0x000002b57a4bda60 Exception <a 'java/lang/NoSuchMethodError'{0x000000070fbf78a8}: 'java.lang.Object java.lang.invoke.Invokers$Holder.linkToTargetMethod(java.lang.Object, long, java.lang.Object)'> (0x000000070fbf78a8) 
thrown [s\src\hotspot\share\interpreter\linkResolver.cpp, line 771]
Event: 0.759 Thread 0x000002b57a4bda60 Exception <a 'java/lang/NoSuchMethodError'{0x000000070fbfefc0}: 'int java.lang.invoke.DirectMethodHandle$Holder.invokeStaticInit(java.lang.Object, java.lang.Object, java.lang.Object, long)'> (0x000000070fbfefc0) 
thrown [s\src\hotspot\share\interpreter\linkResolver.cpp, line 771]
Event: 0.773 Thread 0x000002b57a4bda60 Exception <a 'sun/nio/fs/WindowsException'{0x000000070f8b4e60}> (0x000000070f8b4e60) 
thrown [s\src\hotspot\share\prims\jni.cpp, line 517]
Event: 0.773 Thread 0x000002b57a4bda60 Exception <a 'sun/nio/fs/WindowsException'{0x000000070f8b5150}> (0x000000070f8b5150) 
thrown [s\src\hotspot\share\prims\jni.cpp, line 517]
Event: 0.791 Thread 0x000002b57a4bda60 Exception <a 'sun/nio/fs/WindowsException'{0x000000070f973340}> (0x000000070f973340) 
thrown [s\src\hotspot\share\prims\jni.cpp, line 517]
Event: 0.791 Thread 0x000002b57a4bda60 Exception <a 'sun/nio/fs/WindowsException'{0x000000070f973600}> (0x000000070f973600) 
thrown [s\src\hotspot\share\prims\jni.cpp, line 517]
Event: 0.819 Thread 0x000002b57a4bda60 Exception <a 'sun/nio/fs/WindowsException'{0x000000070f9fce50}> (0x000000070f9fce50) 
thrown [s\src\hotspot\share\prims\jni.cpp, line 517]
Event: 0.819 Thread 0x000002b57a4bda60 Exception <a 'sun/nio/fs/WindowsException'{0x000000070f9fd120}> (0x000000070f9fd120) 
thrown [s\src\hotspot\share\prims\jni.cpp, line 517]
Event: 0.854 Thread 0x000002b57a4bda60 Exception <a 'java/lang/NoSuchMethodError'{0x000000070f646d68}: 'java.lang.Object java.lang.invoke.DirectMethodHandle$Holder.newInvokeSpecial(java.lang.Object, long)'> (0x000000070f646d68) 
thrown [s\src\hotspot\share\interpreter\linkResolver.cpp, line 771]
Event: 1.032 Thread 0x000002b57a4bda60 Exception <a 'sun/nio/fs/WindowsException'{0x000000070f760478}> (0x000000070f760478) 
thrown [s\src\hotspot\share\prims\jni.cpp, line 517]
Event: 1.032 Thread 0x000002b57a4bda60 Exception <a 'sun/nio/fs/WindowsException'{0x000000070f760778}> (0x000000070f760778) 
thrown [s\src\hotspot\share\prims\jni.cpp, line 517]
Event: 1.035 Thread 0x000002b57a4bda60 Exception <a 'sun/nio/fs/WindowsException'{0x000000070f76efb0}> (0x000000070f76efb0) 
thrown [s\src\hotspot\share\prims\jni.cpp, line 517]
Event: 1.035 Thread 0x000002b57a4bda60 Exception <a 'sun/nio/fs/WindowsException'{0x000000070f76f1e8}> (0x000000070f76f1e8) 
thrown [s\src\hotspot\share\prims\jni.cpp, line 517]
Event: 2.207 Thread 0x000002b51cbda010 Exception <a 'java/lang/NullPointerException'{0x000000070ed08a88}> (0x000000070ed08a88) 
thrown [s\src\hotspot\share\interpreter\linkResolver.cpp, line 1362]

VM Operations (20 events):
Event: 0.726 Executing VM operation: HandshakeAllThreads
Event: 0.726 Executing VM operation: HandshakeAllThreads done
Event: 1.052 Executing VM operation: HandshakeAllThreads
Event: 1.052 Executing VM operation: HandshakeAllThreads done
Event: 1.052 Executing VM operation: Cleanup
Event: 1.052 Executing VM operation: Cleanup done
Event: 1.054 Executing VM operation: G1CollectForAllocation
Event: 1.057 Executing VM operation: G1CollectForAllocation done
Event: 1.452 Executing VM operation: HandshakeAllThreads
Event: 1.452 Executing VM operation: HandshakeAllThreads done
Event: 1.457 Executing VM operation: HandshakeAllThreads
Event: 1.457 Executing VM operation: HandshakeAllThreads done
Event: 1.636 Executing VM operation: HandshakeAllThreads
Event: 1.636 Executing VM operation: HandshakeAllThreads done
Event: 1.638 Executing VM operation: HandshakeAllThreads
Event: 1.638 Executing VM operation: HandshakeAllThreads done
Event: 2.637 Executing VM operation: Cleanup
Event: 2.637 Executing VM operation: Cleanup done
Event: 3.189 Executing VM operation: HandshakeAllThreads
Event: 3.189 Executing VM operation: HandshakeAllThreads done

Events (20 events):
Event: 1.649 loading class jdk/internal/util/xml/impl/Input done
Event: 1.650 loading class jdk/internal/util/xml/impl/ReaderUTF8
Event: 1.650 loading class jdk/internal/util/xml/impl/ReaderUTF8 done
Event: 1.657 loading class java/lang/Long$LongCache
Event: 1.657 loading class java/lang/Long$LongCache done
Event: 1.660 loading class jdk/internal/util/xml/impl/XMLStreamWriterImpl
Event: 1.661 loading class jdk/internal/util/xml/XMLStreamWriter
Event: 1.661 loading class jdk/internal/util/xml/XMLStreamWriter done
Event: 1.661 loading class jdk/internal/util/xml/impl/XMLStreamWriterImpl done
Event: 1.661 loading class jdk/internal/util/xml/impl/XMLWriter
Event: 1.661 loading class jdk/internal/util/xml/impl/XMLWriter done
Event: 1.661 loading class sun/nio/cs/UTF_8$Encoder
Event: 1.661 loading class sun/nio/cs/UTF_8$Encoder done
Event: 1.661 loading class jdk/internal/util/xml/impl/XMLStreamWriterImpl$Element
Event: 1.661 loading class jdk/internal/util/xml/impl/XMLStreamWriterImpl$Element done
Event: 1.662 loading class java/io/FileOutputStream$1
Event: 1.662 loading class java/io/FileOutputStream$1 done
Event: 1.677 Thread 0x000002b51db77e20 Thread added: 0x000002b51db77e20
Event: 1.852 Thread 0x000002b51d8af570 Thread exited: 0x000002b51d8af570
Event: 1.869 Thread 0x000002b51d8af060 Thread exited: 0x000002b51d8af060


Dynamic libraries:
0x00007ff770b90000 - 0x00007ff770b9a000 	E:\A_STUDO\jbr\bin\java.exe
0x00007ff8e8bb0000 - 0x00007ff8e8da5000 	C:\Windows\SYSTEM32\ntdll.dll
0x00007ff8e8ab0000 - 0x00007ff8e8b6d000 	C:\Windows\System32\KERNEL32.DLL
0x00007ff8e67f0000 - 0x00007ff8e6ab8000 	C:\Windows\System32\KERNELBASE.dll
0x00007ff8e6480000 - 0x00007ff8e6580000 	C:\Windows\System32\ucrtbase.dll
0x00007ff8d0180000 - 0x00007ff8d019b000 	E:\A_STUDO\jbr\bin\VCRUNTIME140.dll
0x00007ff8ded30000 - 0x00007ff8ded47000 	E:\A_STUDO\jbr\bin\jli.dll
0x00007ff8e7970000 - 0x00007ff8e7b10000 	C:\Windows\System32\USER32.dll
0x00007ff8d0ee0000 - 0x00007ff8d117a000 	C:\Windows\WinSxS\amd64_microsoft.windows.common-controls_6595b64144ccf1df_6.0.19041.1052_none_60b8f8fd71f5e8cb\COMCTL32.dll
0x00007ff8e62f0000 - 0x00007ff8e6312000 	C:\Windows\System32\win32u.dll
0x00007ff8e77f0000 - 0x00007ff8e788e000 	C:\Windows\System32\msvcrt.dll
0x00007ff8e7740000 - 0x00007ff8e776a000 	C:\Windows\System32\GDI32.dll
0x00007ff8e65e0000 - 0x00007ff8e66eb000 	C:\Windows\System32\gdi32full.dll
0x00007ff8e6350000 - 0x00007ff8e63ed000 	C:\Windows\System32\msvcp_win.dll
0x00007ff8e6c20000 - 0x00007ff8e6c50000 	C:\Windows\System32\IMM32.DLL
0x00007ff8dd9c0000 - 0x00007ff8dd9cc000 	E:\A_STUDO\jbr\bin\vcruntime140_1.dll
0x00007ff8ca350000 - 0x00007ff8ca3dd000 	E:\A_STUDO\jbr\bin\msvcp140.dll
0x00007ff8aa630000 - 0x00007ff8ab29d000 	E:\A_STUDO\jbr\bin\server\jvm.dll
0x00007ff8e7690000 - 0x00007ff8e773c000 	C:\Windows\System32\ADVAPI32.dll
0x00007ff8e86b0000 - 0x00007ff8e874b000 	C:\Windows\System32\sechost.dll
0x00007ff8e8260000 - 0x00007ff8e838b000 	C:\Windows\System32\RPCRT4.dll
0x00007ff8ded20000 - 0x00007ff8ded29000 	C:\Windows\SYSTEM32\WSOCK32.dll
0x00007ff8d8200000 - 0x00007ff8d8227000 	C:\Windows\SYSTEM32\WINMM.dll
0x00007ff8e8440000 - 0x00007ff8e84ab000 	C:\Windows\System32\WS2_32.dll
0x00007ff8e1510000 - 0x00007ff8e151a000 	C:\Windows\SYSTEM32\VERSION.dll
0x00007ff8e4260000 - 0x00007ff8e4272000 	C:\Windows\SYSTEM32\kernel.appcore.dll
0x00007ff8ded10000 - 0x00007ff8ded1a000 	E:\A_STUDO\jbr\bin\jimage.dll
0x00007ff8d55a0000 - 0x00007ff8d5784000 	C:\Windows\SYSTEM32\DBGHELP.DLL
0x00007ff8ce530000 - 0x00007ff8ce55c000 	C:\Windows\SYSTEM32\dbgcore.DLL
0x00007ff8e63f0000 - 0x00007ff8e6473000 	C:\Windows\System32\bcryptPrimitives.dll
0x00007ff8dd720000 - 0x00007ff8dd745000 	E:\A_STUDO\jbr\bin\java.dll
0x00007ff8dd700000 - 0x00007ff8dd718000 	E:\A_STUDO\jbr\bin\zip.dll
0x00007ff8e6f50000 - 0x00007ff8e768f000 	C:\Windows\System32\SHELL32.dll
0x00007ff8e4460000 - 0x00007ff8e4bf0000 	C:\Windows\SYSTEM32\windows.storage.dll
0x00007ff8e8750000 - 0x00007ff8e8aa5000 	C:\Windows\System32\combase.dll
0x00007ff8e5cf0000 - 0x00007ff8e5d1c000 	C:\Windows\SYSTEM32\Wldp.dll
0x00007ff8e8390000 - 0x00007ff8e843e000 	C:\Windows\System32\SHCORE.dll
0x00007ff8e6c50000 - 0x00007ff8e6ca5000 	C:\Windows\System32\shlwapi.dll
0x00007ff8e6230000 - 0x00007ff8e624f000 	C:\Windows\SYSTEM32\profapi.dll
0x00007ff8dd6e0000 - 0x00007ff8dd6f9000 	E:\A_STUDO\jbr\bin\net.dll
0x00007ff8e0a70000 - 0x00007ff8e0b7b000 	C:\Windows\SYSTEM32\WINHTTP.dll
0x00007ff8e5a60000 - 0x00007ff8e5aca000 	C:\Windows\system32\mswsock.dll
0x00007ff8dd620000 - 0x00007ff8dd636000 	E:\A_STUDO\jbr\bin\nio.dll
0x00007ff8dd570000 - 0x00007ff8dd580000 	E:\A_STUDO\jbr\bin\verify.dll
0x00007ff8dd4f0000 - 0x00007ff8dd4f7000 	C:\Windows\system32\wshunix.dll
0x00007ff8e5c30000 - 0x00007ff8e5c48000 	C:\Windows\SYSTEM32\CRYPTSP.dll
0x00007ff8e5400000 - 0x00007ff8e5434000 	C:\Windows\system32\rsaenh.dll
0x00007ff8e6320000 - 0x00007ff8e6347000 	C:\Windows\System32\bcrypt.dll
0x00007ff8e61f0000 - 0x00007ff8e621e000 	C:\Windows\SYSTEM32\USERENV.dll
0x00007ff8e5c50000 - 0x00007ff8e5c5c000 	C:\Windows\SYSTEM32\CRYPTBASE.dll
0x00007ff8e5750000 - 0x00007ff8e578b000 	C:\Windows\SYSTEM32\IPHLPAPI.DLL
0x00007ff8e7b90000 - 0x00007ff8e7b98000 	C:\Windows\System32\NSI.dll
0x00007ff8e1290000 - 0x00007ff8e12a7000 	C:\Windows\SYSTEM32\dhcpcsvc6.DLL
0x00007ff8e1270000 - 0x00007ff8e128d000 	C:\Windows\SYSTEM32\dhcpcsvc.DLL
0x00007ff8e5790000 - 0x00007ff8e585c000 	C:\Windows\SYSTEM32\DNSAPI.dll
0x00000000765a0000 - 0x00000000765c9000 	C:\Temp\libgdxvik\e787ab0a\gdx64.dll
0x00007ff8b0cd0000 - 0x00007ff8b0d45000 	C:\Temp\lwjglvik\3.3.1-build-7\lwjgl.dll
0x00007ff8afde0000 - 0x00007ff8b0039000 	C:\Temp\lwjglvik\3.3.1-build-7\jemalloc.dll
0x00007ff8b01f0000 - 0x00007ff8b0251000 	C:\Temp\lwjglvik\3.3.1-build-7\glfw.dll
0x00007ff8afcd0000 - 0x00007ff8afd15000 	C:\Windows\SYSTEM32\dinput8.dll
0x00007ff8cf7d0000 - 0x00007ff8cf7e1000 	C:\Windows\SYSTEM32\xinput1_4.dll
0x00007ff8e66f0000 - 0x00007ff8e673e000 	C:\Windows\System32\cfgmgr32.dll
0x00007ff8e6030000 - 0x00007ff8e605c000 	C:\Windows\SYSTEM32\DEVOBJ.dll
0x00007ff8e4150000 - 0x00007ff8e417f000 	C:\Windows\SYSTEM32\dwmapi.dll
0x00007ff8d8230000 - 0x00007ff8d8382000 	C:\Windows\SYSTEM32\inputhost.dll
0x00007ff8e78a0000 - 0x00007ff8e796d000 	C:\Windows\System32\OLEAUT32.dll
0x00007ff8e2ff0000 - 0x00007ff8e3144000 	C:\Windows\SYSTEM32\wintypes.dll
0x00007ff8e3a70000 - 0x00007ff8e3b62000 	C:\Windows\SYSTEM32\CoreMessaging.dll
0x00007ff8df220000 - 0x00007ff8df316000 	C:\Windows\SYSTEM32\PROPSYS.dll
0x00007ff8e3710000 - 0x00007ff8e3a6e000 	C:\Windows\SYSTEM32\CoreUIComponents.dll
0x00007ff8e5030000 - 0x00007ff8e5063000 	C:\Windows\SYSTEM32\ntmarta.dll
0x00007ff8e3da0000 - 0x00007ff8e3e3e000 	C:\Windows\system32\uxtheme.dll
0x00007ff8e84b0000 - 0x00007ff8e85c5000 	C:\Windows\System32\MSCTF.dll
0x00007ff8af120000 - 0x00007ff8af2b7000 	C:\Temp\lwjglvik\3.3.1-build-7\OpenAL.dll
0x00007ff8e80d0000 - 0x00007ff8e81fa000 	C:\Windows\System32\ole32.dll
0x00007ff8e7ba0000 - 0x00007ff8e7c49000 	C:\Windows\System32\clbcatq.dll
0x00007ff8e0f20000 - 0x00007ff8e0fa5000 	C:\Windows\System32\MMDevApi.dll
0x00007ff8daea0000 - 0x00007ff8db021000 	C:\Windows\SYSTEM32\AUDIOSES.DLL
0x00007ff8e60b0000 - 0x00007ff8e60fb000 	C:\Windows\SYSTEM32\powrprof.dll
0x00007ff8e6090000 - 0x00007ff8e60a2000 	C:\Windows\SYSTEM32\UMPDC.dll
0x00007ff8e3e40000 - 0x00007ff8e3e54000 	C:\Windows\SYSTEM32\resourcepolicyclient.dll
0x00007ff8b07f0000 - 0x00007ff8b0916000 	C:\Windows\SYSTEM32\opengl32.dll
0x00007ff8dd4c0000 - 0x00007ff8dd4ec000 	C:\Windows\SYSTEM32\GLU32.dll
0x00007ff8e1590000 - 0x00007ff8e1689000 	C:\Windows\System32\AppXDeploymentClient.dll
0x00007ff8a65c0000 - 0x00007ff8a9779000 	C:\Windows\System32\DriverStore\FileRepository\nv_dispig.inf_amd64_47917a79b8c7fd22\nvoglv64.dll
0x00007ff8e7c60000 - 0x00007ff8e80c9000 	C:\Windows\System32\SETUPAPI.dll
0x00007ff8e19b0000 - 0x00007ff8e19c4000 	C:\Windows\SYSTEM32\WTSAPI32.dll
0x00007ff8e5e70000 - 0x00007ff8e5e82000 	C:\Windows\SYSTEM32\msasn1.dll
0x00007ff8e1470000 - 0x00007ff8e14a1000 	C:\Windows\SYSTEM32\cryptnet.dll
0x00007ff8e6ac0000 - 0x00007ff8e6c1f000 	C:\Windows\System32\CRYPT32.dll
0x00007ff8e12e0000 - 0x00007ff8e142a000 	C:\Windows\SYSTEM32\drvstore.dll
0x00007ff8e6580000 - 0x00007ff8e65e0000 	C:\Windows\System32\WINTRUST.dll
0x00007ff8d7ff0000 - 0x00007ff8d802b000 	C:\Windows\SYSTEM32\dxcore.dll
0x00007ff8e5230000 - 0x00007ff8e528a000 	C:\Windows\SYSTEM32\WINSTA.dll
0x00007ff8afc70000 - 0x00007ff8afccd000 	C:\Temp\lwjglvik\3.3.1-build-7\lwjgl_opengl.dll
0x00007ff8d8390000 - 0x00007ff8d8489000 	C:\Windows\SYSTEM32\textinputframework.dll

dbghelp: loaded successfully - version: 4.0.5 - missing functions: none
symbol engine: initialized successfully - sym options: 0x614 - pdb path: .;E:\A_STUDO\jbr\bin;C:\Windows\SYSTEM32;C:\Windows\WinSxS\amd64_microsoft.windows.common-controls_6595b64144ccf1df_6.0.19041.1052_none_60b8f8fd71f5e8cb;E:\A_STUDO\jbr\bin\server;C:\Temp\libgdxvik\e787ab0a;C:\Temp\lwjglvik\3.3.1-build-7;C:\Windows\System32\DriverStore\FileRepository\nv_dispig.inf_amd64_47917a79b8c7fd22

VM Arguments:
jvm_args: -Dfile.encoding=windows-1251 -Duser.country=RU -Duser.language=ru -Duser.variant 
java_command: com.tanks_2d.Pixel_4a
java_class_path (initial): E:\game_dev\tanks\desktop\build\classes\java\main;E:\game_dev\tanks\desktop\build\resources\main;C:\Users\vik\.gradle\caches\modules-2\files-2.1\com.badlogicgames.gdx\gdx-backend-lwjgl3\1.11.0\58a96db4cd349be4292d547856aa1e1c5f065f4e\gdx-backend-lwjgl3-1.11.0.jar;C:\Users\vik\.gradle\caches\modules-2\files-2.1\com.badlogicgames.gdx\gdx-platform\1.11.0\697fb13eada6d3c6ca648c9788692b0159add126\gdx-platform-1.11.0-natives-desktop.jar;E:\game_dev\tanks\core\build\libs\core-1.0.jar;C:\Users\vik\.gradle\caches\modules-2\files-2.1\com.badlogicgames.gdx\gdx\1.11.0\ffe1206d1004cd9e40027e28964be0fea0399af7\gdx-1.11.0.jar;C:\Users\vik\.gradle\caches\modules-2\files-2.1\org.lwjgl\lwjgl-glfw\3.3.1\cbac1b8d30cb4795149c1ef540f912671a8616d0\lwjgl-glfw-3.3.1.jar;C:\Users\vik\.gradle\caches\modules-2\files-2.1\org.lwjgl\lwjgl-glfw\3.3.1\81716978214ecbda15050ca394b06ef61501a49e\lwjgl-glfw-3.3.1-natives-linux.jar;C:\Users\vik\.gradle\caches\modules-2\files-2.1\org.lwjgl\lwjgl-glfw\3.3.1\816d935933f2dd743074c4e717cc25b55720f294\lwjgl-glfw-3.3.1-natives-linux-arm32.jar;C:\Users\vik\.gradle\caches\modules-2\files-2.1\org.lwjgl\lwjgl-glfw\3.3.1\513eb39b866d0fe131a18d5c517087805433b029\lwjgl-glfw-3.3.1-natives-linux-arm64.jar;C:\Users\vik\.gradle\caches\modules-2\files-2.1\org.lwjgl\lwjgl-glfw\3.3.1\9ec4ce1fc8c85fdef03ef4ff2aace6f5775fb280\lwjgl-glfw-3.3.1-natives-macos.jar;C:\Users\vik\.gradle\caches\modules-2\files-2.1\org.lwjgl\lwjgl-glfw\3.3.1\cac0d3f712a3da7641fa174735a5f315de7ffe0a\lwjgl-glfw-3.3.1-natives-macos-arm64.jar;C:\Users\vik\.gradle\caches\modules-2\files-2.1\org.lwjgl\lwjgl-glfw\3.3.1\ed892f945cf7e79c8756796f32d00fa4ceaf573b\lwjgl-glfw-3.3.1-natives-windows.jar;C:\Users\vik\.gradle\caches\modules-2\files-2.1\org.lwjgl\lwjgl-glfw\3.3.1\b997e3391d6ce8f05487e7335d95c606043884a1\lwjgl-glfw-3.3.1-natives-windows-x86.jar;C:\Users\vik\.gradle\caches\modules-2\files-2.1\org.lwjgl\lwjgl-jemalloc\3.3.1\a817bcf213db49f710603677457567c37d53e103\lwjgl-jemall
Launcher Type: SUN_STANDARD

[Global flags]
     intx CICompilerCount                          = 4                                         {product} {ergonomic}
     uint ConcGCThreads                            = 3                                         {product} {ergonomic}
     uint G1ConcRefinementThreads                  = 10                                        {product} {ergonomic}
   size_t G1HeapRegionSize                         = 2097152                                   {product} {ergonomic}
    uintx GCDrainStackTargetSize                   = 64                                        {product} {ergonomic}
   size_t InitialHeapSize                          = 268435456                                 {product} {ergonomic}
   size_t MarkStackSize                            = 4194304                                   {product} {ergonomic}
   size_t MaxHeapSize                              = 4282384384                                {product} {ergonomic}
   size_t MaxNewSize                               = 2569011200                                {product} {ergonomic}
   size_t MinHeapDeltaBytes                        = 2097152                                   {product} {ergonomic}
   size_t MinHeapSize                              = 8388608                                   {product} {ergonomic}
    uintx NonNMethodCodeHeapSize                   = 5839372                                {pd product} {ergonomic}
    uintx NonProfiledCodeHeapSize                  = 122909434                              {pd product} {ergonomic}
    uintx ProfiledCodeHeapSize                     = 122909434                              {pd product} {ergonomic}
    uintx ReservedCodeCacheSize                    = 251658240                              {pd product} {ergonomic}
     bool SegmentedCodeCache                       = true                                      {product} {ergonomic}
   size_t SoftMaxHeapSize                          = 4282384384                             {manageable} {ergonomic}
     bool UseCompressedClassPointers               = true                           {product lp64_product} {ergonomic}
     bool UseCompressedOops                        = true                           {product lp64_product} {ergonomic}
     bool UseG1GC                                  = true                                      {product} {ergonomic}
     bool UseLargePagesIndividualAllocation        = false                                  {pd product} {ergonomic}

Logging:
Log output configuration:
 #0: stdout all=warning uptime,level,tags
 #1: stderr all=off uptime,level,tags

Environment Variables:
PATH=C:\Program Files\Common Files\Oracle\Java\javapath;C:\Program Files (x86)\Common Files\Oracle\Java\javapath;C:\Windows\system32;C:\Windows;C:\Windows\System32\Wbem;C:\Windows\System32\WindowsPowerShell\v1.0\;C:\Program Files\Git\cmd;C:\Program Files (x86)\NVIDIA Corporation\PhysX\Common;C:\Program Files\PuTTY\;C:\Users\vik\AppData\Local\Microsoft\WindowsApps;
USERNAME=vik
OS=Windows_NT
PROCESSOR_IDENTIFIER=AMD64 Family 23 Model 1 Stepping 1, AuthenticAMD
TMP=C:\Temp
TEMP=C:\Temp



---------------  S Y S T E M  ---------------

OS:
 Windows 10 , 64 bit Build 19041 (10.0.19041.1023)
OS uptime: 0 days 1:04 hours

CPU: total 12 (initial active 12) (12 cores per cpu, 2 threads per core) family 23 model 1 stepping 1 microcode 0x0, cx8, cmov, fxsr, ht, mmx, 3dnowpref, sse, sse2, sse3, ssse3, sse4a, sse4.1, sse4.2, popcnt, lzcnt, tsc, tscinvbit, avx, avx2, aes, clmul, bmi1, bmi2, adx, sha, fma, vzeroupper, clflush, clflushopt

Memory: 4k page, system-wide physical 16332M (10531M free)
TotalPageFile size 18764M (AvailPageFile size 11333M)
current process WorkingSet (physical memory assigned to process): 186M, peak: 186M
current process commit charge ("private bytes"): 495M, peak: 497M

vm_info: OpenJDK 64-Bit Server VM (17.0.6+0-b2043.56-9586694) for windows-amd64 JRE (17.0.6+0-b2043.56-9586694), built on Feb  9 2023 20:06:20 by "androidbuild" with MS VC++ 16.10 / 16.11 (VS2019)

END.
