#
# A fatal error has been detected by the Java Runtime Environment:
#
#  EXCEPTION_ACCESS_VIOLATION (0xc0000005) at pc=0x00007fffe55ad0d9, pid=3104, tid=6228
#
# JRE version: OpenJDK Runtime Environment (11.0.12+7) (build 11.0.12+7-b1504.28-7817840)
# Java VM: OpenJDK 64-Bit Server VM (11.0.12+7-b1504.28-7817840, mixed mode, tiered, compressed oops, g1 gc, windows-amd64)
# Problematic frame:
# C  [nvoglv64.dll+0xcdd0d9]
#
# No core dump will be written. Minidumps are not enabled by default on client versions of Windows
#
# If you would like to submit a bug report, please visit:
#   https://bugreport.java.com/bugreport/crash.jsp
# The crash happened outside the Java Virtual Machine in native code.
# See problematic frame for where to report the bug.
#

---------------  S U M M A R Y ------------

Command Line: -Dfile.encoding=windows-1251 -Duser.country=RU -Duser.language=ru -Duser.variant com.tanks_2d.Pixel_4a

Host: AMD Ryzen 5 1600X Six-Core Processor           , 12 cores, 15G,  Windows 10 , 64 bit Build 19041 (10.0.19041.1023)
Time: Sun May 21 14:49:41 2023 ќмское стандартное врем€ elapsed time: 11.666046 seconds (0d 0h 0m 11s)

---------------  T H R E A D  ---------------

Current thread (0x00000240790e7000):  JavaThread "main" [_thread_in_native, id=6228, stack(0x000000ecf8d00000,0x000000ecf8e00000)]

Stack: [0x000000ecf8d00000,0x000000ecf8e00000],  sp=0x000000ecf8dfed20,  free space=1019k
Native frames: (J=compiled Java code, j=interpreted, Vv=VM code, C=native code)
C  [nvoglv64.dll+0xcdd0d9]

Java frames: (J=compiled Java code, j=interpreted, Vv=VM code)
J 1469  org.lwjgl.opengl.GL11C.nglDrawElements(IIIJ)V (0 bytes) @ 0x0000024007baaf1e [0x0000024007baaec0+0x000000000000005e]
J 1483 c1 com.badlogic.gdx.backends.lwjgl3.Lwjgl3GL20.glDrawElements(IIILjava/nio/Buffer;)V (232 bytes) @ 0x0000024000876f74 [0x0000024000875520+0x0000000000001a54]
J 1448 c1 com.badlogic.gdx.graphics.Mesh.render(Lcom/badlogic/gdx/graphics/glutils/ShaderProgram;IIIZ)V (323 bytes) @ 0x0000024000860c94 [0x0000024000860740+0x0000000000000554]
J 1399 c1 com.badlogic.gdx.graphics.g2d.SpriteBatch.flush()V (193 bytes) @ 0x000002400084e36c [0x000002400084d3e0+0x0000000000000f8c]
J 1454 c1 com.badlogic.gdx.graphics.g2d.SpriteBatch.draw(Lcom/badlogic/gdx/graphics/Texture;FFFF)V (279 bytes) @ 0x000002400086af5c [0x000002400086ad00+0x000000000000025c]
J 1670 c1 com.tanks_2d.Screens.MenuScreen.render(F)V (339 bytes) @ 0x00000240008e40d4 [0x00000240008e2f20+0x00000000000011b4]
j  com.badlogic.gdx.Game.render()V+19
j  com.badlogic.gdx.backends.lwjgl3.Lwjgl3Window.update()Z+187
j  com.badlogic.gdx.backends.lwjgl3.Lwjgl3Application.loop()V+111
j  com.badlogic.gdx.backends.lwjgl3.Lwjgl3Application.<init>(Lcom/badlogic/gdx/ApplicationListener;Lcom/badlogic/gdx/backends/lwjgl3/Lwjgl3ApplicationConfiguration;)V+269
j  com.tanks_2d.Pixel_4a.main([Ljava/lang/String;)V+48
v  ~StubRoutines::call_stub

siginfo: EXCEPTION_ACCESS_VIOLATION (0xc0000005), reading address 0x00000240231a412a


Register to memory mapping:

RIP=0x00007fffe55ad0d9 nvoglv64.dll
RAX=0x000000024eb7b9d0 is an unknown value
RBX=0x0000000000000001 is an unknown value
RCX=0x0 is NULL
RDX=0x00000017132d4229 is an unknown value
RSP=0x000000ecf8dfed20 is pointing into the stack for thread: 0x00000240790e7000
RBP=0x0000000000000006 is an unknown value
RSI=0x0000000000000006 is an unknown value
RDI=0x0000000000001403 is an unknown value
R8 =0x00000000000028ff is an unknown value
R9 =0x0 is NULL
R10=0x00000000546c6148 is an unknown value
R11=0xfffffffff91546ac is an unknown value
R12=0x0000000000000004 is an unknown value
R13=0x000002401e43a080 points into unknown readable memory: 0x0000000000000000 | 00 00 00 00 00 00 00 00
R14=0x00000240231a4120 is an unknown value
R15=0x000002401e43ae58 points into unknown readable memory: 0x0000000000000004 | 04 00 00 00 00 00 00 00


Registers:
RAX=0x000000024eb7b9d0, RBX=0x0000000000000001, RCX=0x0000000000000000, RDX=0x00000017132d4229
RSP=0x000000ecf8dfed20, RBP=0x0000000000000006, RSI=0x0000000000000006, RDI=0x0000000000001403
R8 =0x00000000000028ff, R9 =0x0000000000000000, R10=0x00000000546c6148, R11=0xfffffffff91546ac
R12=0x0000000000000004, R13=0x000002401e43a080, R14=0x00000240231a4120, R15=0x000002401e43ae58
RIP=0x00007fffe55ad0d9, EFLAGS=0x0000000000010246

Top of Stack: (sp=0x000000ecf8dfed20)
0x000000ecf8dfed20:   0000000000000001 0000000000000014
0x000000ecf8dfed30:   0000000000000000 0000000000000014
0x000000ecf8dfed40:   000000ecf8dfede0 0000000000000000
0x000000ecf8dfed50:   0000000000000000 0000024007ba354b
0x000000ecf8dfed60:   0000024000000002 0000000700000000
0x000000ecf8dfed70:   000002401e43ae58 0000024007b2e300
0x000000ecf8dfed80:   0000000000000000 000002402319089c
0x000000ecf8dfed90:   0000000000000014 00000240231a4120
0x000000ecf8dfeda0:   000000ecf8dfeed0 0000000000001403
0x000000ecf8dfedb0:   0000000000000004 000002401e43a080
0x000000ecf8dfedc0:   0000000000000006 000000ecf8dfeee0
0x000000ecf8dfedd0:   0000000000000000 00007fffe520fd76
0x000000ecf8dfede0:   000000070e777308 0000024000000004
0x000000ecf8dfedf0:   000000ec00000000 0000024000000000
0x000000ecf8dfee00:   000000070000000c 0000000000001403
0x000000ecf8dfee10:   00000240231a4120 0000000700000000 

Instructions: (pc=0x00007fffe55ad0d9)
0x00007fffe55acfd9:   00 8b d5 4c 8b b4 24 f0 00 00 00 8b cf 45 8b 57
0x00007fffe55acfe9:   14 41 8b 47 18 41 f7 d2 45 23 57 0c 41 0b c2 d1
0x00007fffe55acff9:   e9 83 e1 03 4c 89 7c 24 50 d3 e2 f7 d0 41 23 47
0x00007fffe55ad009:   10 41 80 7f 1e 00 89 94 24 e0 00 00 00 0f 85 64
0x00007fffe55ad019:   08 00 00 41 80 bd 5c ec 55 00 00 0f 85 56 08 00
0x00007fffe55ad029:   00 85 ed 0f 8e 4e 08 00 00 41 83 f8 0e 0f 87 44
0x00007fffe55ad039:   08 00 00 41 3b 95 a8 ee 55 00 0f 8f 37 08 00 00
0x00007fffe55ad049:   41 83 7f 08 00 0f 85 2c 08 00 00 41 80 7f 1d 00
0x00007fffe55ad059:   0f 85 21 08 00 00 41 80 7f 1c 00 0f 85 16 08 00
0x00007fffe55ad069:   00 41 80 bd 65 38 55 00 00 0f 85 08 08 00 00 41
0x00007fffe55ad079:   80 bd 6c 38 55 00 00 0f 85 fa 07 00 00 a9 00 00
0x00007fffe55ad089:   03 00 0f 85 ef 07 00 00 44 0b d0 45 85 57 20 0f
0x00007fffe55ad099:   85 e2 07 00 00 bb 01 00 00 00 49 8d 8d 00 f0 55
0x00007fffe55ad0a9:   00 8b d3 e8 bf 93 e7 ff 81 ff 05 14 00 00 75 18
0x00007fffe55ad0b9:   41 8b 44 ae fc 4c 8d 65 ff 41 8b 0e 8b f8 3b c8
0x00007fffe55ad0c9:   0f 47 f9 0f 42 c1 eb 5b 81 ff 03 14 00 00 75 24
0x00007fffe55ad0d9:   41 0f b7 4c 6e fe 4c 8d 65 ff 41 0f b7 16 0f b7
0x00007fffe55ad0e9:   c1 66 3b d1 66 0f 47 c2 66 0f 42 ca 0f b7 f8 0f
0x00007fffe55ad0f9:   b7 c1 eb 2f 81 ff 01 14 00 00 0f 85 77 07 00 00
0x00007fffe55ad109:   42 0f b6 54 35 ff 4c 8d 65 ff 45 0f b6 06 8b ca
0x00007fffe55ad119:   44 3a c2 41 0f 47 c8 0f b6 f9 8b ca 41 0f 42 c8
0x00007fffe55ad129:   0f b6 c1 49 8b cf 8d 75 ff 2b f8 e8 47 0b 00 00
0x00007fffe55ad139:   45 8b 57 78 41 8b c2 0f af c7 44 89 94 24 c0 00
0x00007fffe55ad149:   00 00 41 3b 85 ac ee 55 00 0f 8f 21 07 00 00 8b
0x00007fffe55ad159:   84 24 e8 00 00 00 0f 29 74 24 60 3d 05 14 00 00
0x00007fffe55ad169:   0f 85 f6 00 00 00 45 8b 3e 41 8b ff 49 8d 56 04
0x00007fffe55ad179:   3b eb 0f 8e 70 03 00 00 83 fe 08 0f 82 b1 00 00
0x00007fffe55ad189:   00 83 3d af d3 1d 02 02 0f 8c a4 00 00 00 81 e6
0x00007fffe55ad199:   07 00 00 80 7d 07 ff ce 83 ce f8 ff c6 66 41 0f
0x00007fffe55ad1a9:   6e cf 8b c5 66 0f 70 c9 00 2b c6 66 0f 6f d9 66
0x00007fffe55ad1b9:   0f 6f e1 66 0f 6f d1 f3 0f 6f 02 83 c3 08 66 0f
0x00007fffe55ad1c9:   38 3b c8 66 0f 38 3f d0 f3 0f 6f 42 10 48 83 c2 


Stack slot to memory mapping:
stack at sp + 0 slots: 0x0000000000000001 is an unknown value
stack at sp + 1 slots: 0x0000000000000014 is an unknown value
stack at sp + 2 slots: 0x0 is NULL
stack at sp + 3 slots: 0x0000000000000014 is an unknown value
stack at sp + 4 slots: 0x000000ecf8dfede0 is pointing into the stack for thread: 0x00000240790e7000
stack at sp + 5 slots: 0x0 is NULL
stack at sp + 6 slots: 0x0 is NULL
stack at sp + 7 slots: 0x0000024007ba354b is at entry_point+267 in (nmethod*)0x0000024007ba3290


---------------  P R O C E S S  ---------------

Threads class SMR info:
_java_thread_list=0x0000024023ac0270, length=15, elements={
0x00000240790e7000, 0x000002401a5d5800, 0x000002401a5ce800, 0x000002401aeda000,
0x000002401aedb000, 0x000002401aedc000, 0x000002401aee8800, 0x000002401aeed000,
0x000002401aef8800, 0x000002401b064000, 0x000002401b1dd800, 0x000002401b697800,
0x000002401c790800, 0x0000024023b1e800, 0x0000024024262800
}

Java Threads: ( => current thread )
=>0x00000240790e7000 JavaThread "main" [_thread_in_native, id=6228, stack(0x000000ecf8d00000,0x000000ecf8e00000)]
  0x000002401a5d5800 JavaThread "Reference Handler" daemon [_thread_blocked, id=5620, stack(0x000000ecf9400000,0x000000ecf9500000)]
  0x000002401a5ce800 JavaThread "Finalizer" daemon [_thread_blocked, id=7944, stack(0x000000ecf9500000,0x000000ecf9600000)]
  0x000002401aeda000 JavaThread "Signal Dispatcher" daemon [_thread_blocked, id=4040, stack(0x000000ecf9600000,0x000000ecf9700000)]
  0x000002401aedb000 JavaThread "Attach Listener" daemon [_thread_blocked, id=5956, stack(0x000000ecf9700000,0x000000ecf9800000)]
  0x000002401aedc000 JavaThread "Service Thread" daemon [_thread_blocked, id=6108, stack(0x000000ecf9800000,0x000000ecf9900000)]
  0x000002401aee8800 JavaThread "C2 CompilerThread0" daemon [_thread_blocked, id=8588, stack(0x000000ecf9900000,0x000000ecf9a00000)]
  0x000002401aeed000 JavaThread "C1 CompilerThread0" daemon [_thread_blocked, id=1420, stack(0x000000ecf9a00000,0x000000ecf9b00000)]
  0x000002401aef8800 JavaThread "Sweeper thread" daemon [_thread_blocked, id=8580, stack(0x000000ecf9b00000,0x000000ecf9c00000)]
  0x000002401b064000 JavaThread "Common-Cleaner" daemon [_thread_blocked, id=3536, stack(0x000000ecf9d00000,0x000000ecf9e00000)]
  0x000002401b1dd800 JavaThread "Client" daemon [_thread_in_native, id=4236, stack(0x000000ecfa000000,0x000000ecfa100000)]
  0x000002401b697800 JavaThread "Thread-0" [_thread_blocked, id=8572, stack(0x000000ecfa100000,0x000000ecfa200000)]
  0x000002401c790800 JavaThread "AssetManager" daemon [_thread_blocked, id=1560, stack(0x000000ecfa600000,0x000000ecfa700000)]
  0x0000024023b1e800 JavaThread "LWJGL3 Timer" daemon [_thread_blocked, id=1756, stack(0x000000ecfb200000,0x000000ecfb300000)]
  0x0000024024262800 JavaThread "C2 CompilerThread1" daemon [_thread_blocked, id=1932, stack(0x000000ecfb000000,0x000000ecfb100000)]

Other Threads:
  0x000002401ae88800 VMThread "VM Thread" [stack: 0x000000ecf9300000,0x000000ecf9400000] [id=2192]
  0x000002401b05b000 WatcherThread [stack: 0x000000ecf9c00000,0x000000ecf9d00000] [id=8344]
  0x00000240790ff000 GCTaskThread "GC Thread#0" [stack: 0x000000ecf8e00000,0x000000ecf8f00000] [id=8632]
  0x000002401b924000 GCTaskThread "GC Thread#1" [stack: 0x000000ecf9e00000,0x000000ecf9f00000] [id=4720]
  0x000002401b990000 GCTaskThread "GC Thread#2" [stack: 0x000000ecf9f00000,0x000000ecfa000000] [id=1652]
  0x000002401b990800 GCTaskThread "GC Thread#3" [stack: 0x000000ecfa300000,0x000000ecfa400000] [id=4264]
  0x000002401b991800 GCTaskThread "GC Thread#4" [stack: 0x000000ecfa400000,0x000000ecfa500000] [id=2716]
  0x000002401b92c800 GCTaskThread "GC Thread#5" [stack: 0x000000ecfa500000,0x000000ecfa600000] [id=4660]
  0x000002407915c800 ConcurrentGCThread "G1 Main Marker" [stack: 0x000000ecf8f00000,0x000000ecf9000000] [id=7728]
  0x000002407915f000 ConcurrentGCThread "G1 Conc#0" [stack: 0x000000ecf9000000,0x000000ecf9100000] [id=6268]
  0x000002401a4a5800 ConcurrentGCThread "G1 Refine#0" [stack: 0x000000ecf9100000,0x000000ecf9200000] [id=6548]
  0x000002401a4a6800 ConcurrentGCThread "G1 Young RemSet Sampling" [stack: 0x000000ecf9200000,0x000000ecf9300000] [id=1112]

Threads with active compile tasks:

VM state:not at safepoint (normal execution)

VM Mutex/Monitor currently owned by a thread: None

Heap address: 0x0000000700c00000, size: 4084 MB, Compressed Oops mode: Zero based, Oop shift amount: 3
Narrow klass base: 0x0000000800000000, Narrow klass shift: 0
Compressed class space size: 1073741824 Address: 0x0000000800000000

Heap:
 garbage-first heap   total 262144K, used 44875K [0x0000000700c00000, 0x0000000800000000)
  region size 1024K, 42 young (43008K), 2 survivors (2048K)
 Metaspace       used 17675K, capacity 17954K, committed 18304K, reserved 1067008K
  class space    used 1544K, capacity 1603K, committed 1664K, reserved 1048576K
Heap Regions: E=young(eden), S=young(survivor), O=old, HS=humongous(starts), HC=humongous(continues), CS=collection set, F=free, A=archive, TAMS=top-at-mark-start (previous, next)
|   0|0x0000000700c00000, 0x0000000700d00000, 0x0000000700d00000|100%|HS|  |TAMS 0x0000000700c00000, 0x0000000700c00000| Complete 
|   1|0x0000000700d00000, 0x0000000700e00000, 0x0000000700e00000|100%|HS|  |TAMS 0x0000000700d00000, 0x0000000700d00000| Complete 
|   2|0x0000000700e00000, 0x0000000700f00000, 0x0000000700f00000|100%|HC|  |TAMS 0x0000000700e00000, 0x0000000700e00000| Complete 
|   3|0x0000000700f00000, 0x0000000701000000, 0x0000000701000000|100%|HS|  |TAMS 0x0000000700f00000, 0x0000000700f00000| Complete 
|   4|0x0000000701000000, 0x0000000701000000, 0x0000000701100000|  0%| F|  |TAMS 0x0000000701000000, 0x0000000701000000| Untracked 
|   5|0x0000000701100000, 0x0000000701100000, 0x0000000701200000|  0%| F|  |TAMS 0x0000000701100000, 0x0000000701100000| Untracked 
|   6|0x0000000701200000, 0x0000000701200000, 0x0000000701300000|  0%| F|  |TAMS 0x0000000701200000, 0x0000000701200000| Untracked 
|   7|0x0000000701300000, 0x0000000701300000, 0x0000000701400000|  0%| F|  |TAMS 0x0000000701300000, 0x0000000701300000| Untracked 
|   8|0x0000000701400000, 0x0000000701400000, 0x0000000701500000|  0%| F|  |TAMS 0x0000000701400000, 0x0000000701400000| Untracked 
|   9|0x0000000701500000, 0x0000000701500000, 0x0000000701600000|  0%| F|  |TAMS 0x0000000701500000, 0x0000000701500000| Untracked 
|  10|0x0000000701600000, 0x0000000701600000, 0x0000000701700000|  0%| F|  |TAMS 0x0000000701600000, 0x0000000701600000| Untracked 
|  11|0x0000000701700000, 0x0000000701700000, 0x0000000701800000|  0%| F|  |TAMS 0x0000000701700000, 0x0000000701700000| Untracked 
|  12|0x0000000701800000, 0x0000000701800000, 0x0000000701900000|  0%| F|  |TAMS 0x0000000701800000, 0x0000000701800000| Untracked 
|  13|0x0000000701900000, 0x0000000701900000, 0x0000000701a00000|  0%| F|  |TAMS 0x0000000701900000, 0x0000000701900000| Untracked 
|  14|0x0000000701a00000, 0x0000000701a00000, 0x0000000701b00000|  0%| F|  |TAMS 0x0000000701a00000, 0x0000000701a00000| Untracked 
|  15|0x0000000701b00000, 0x0000000701b00000, 0x0000000701c00000|  0%| F|  |TAMS 0x0000000701b00000, 0x0000000701b00000| Untracked 
|  16|0x0000000701c00000, 0x0000000701c00000, 0x0000000701d00000|  0%| F|  |TAMS 0x0000000701c00000, 0x0000000701c00000| Untracked 
|  17|0x0000000701d00000, 0x0000000701d00000, 0x0000000701e00000|  0%| F|  |TAMS 0x0000000701d00000, 0x0000000701d00000| Untracked 
|  18|0x0000000701e00000, 0x0000000701e00000, 0x0000000701f00000|  0%| F|  |TAMS 0x0000000701e00000, 0x0000000701e00000| Untracked 
|  19|0x0000000701f00000, 0x0000000701f00000, 0x0000000702000000|  0%| F|  |TAMS 0x0000000701f00000, 0x0000000701f00000| Untracked 
|  20|0x0000000702000000, 0x0000000702000000, 0x0000000702100000|  0%| F|  |TAMS 0x0000000702000000, 0x0000000702000000| Untracked 
|  21|0x0000000702100000, 0x0000000702100000, 0x0000000702200000|  0%| F|  |TAMS 0x0000000702100000, 0x0000000702100000| Untracked 
|  22|0x0000000702200000, 0x0000000702200000, 0x0000000702300000|  0%| F|  |TAMS 0x0000000702200000, 0x0000000702200000| Untracked 
|  23|0x0000000702300000, 0x0000000702300000, 0x0000000702400000|  0%| F|  |TAMS 0x0000000702300000, 0x0000000702300000| Untracked 
|  24|0x0000000702400000, 0x0000000702400000, 0x0000000702500000|  0%| F|  |TAMS 0x0000000702400000, 0x0000000702400000| Untracked 
|  25|0x0000000702500000, 0x0000000702500000, 0x0000000702600000|  0%| F|  |TAMS 0x0000000702500000, 0x0000000702500000| Untracked 
|  26|0x0000000702600000, 0x0000000702600000, 0x0000000702700000|  0%| F|  |TAMS 0x0000000702600000, 0x0000000702600000| Untracked 
|  27|0x0000000702700000, 0x0000000702700000, 0x0000000702800000|  0%| F|  |TAMS 0x0000000702700000, 0x0000000702700000| Untracked 
|  28|0x0000000702800000, 0x0000000702800000, 0x0000000702900000|  0%| F|  |TAMS 0x0000000702800000, 0x0000000702800000| Untracked 
|  29|0x0000000702900000, 0x0000000702900000, 0x0000000702a00000|  0%| F|  |TAMS 0x0000000702900000, 0x0000000702900000| Untracked 
|  30|0x0000000702a00000, 0x0000000702a00000, 0x0000000702b00000|  0%| F|  |TAMS 0x0000000702a00000, 0x0000000702a00000| Untracked 
|  31|0x0000000702b00000, 0x0000000702b00000, 0x0000000702c00000|  0%| F|  |TAMS 0x0000000702b00000, 0x0000000702b00000| Untracked 
|  32|0x0000000702c00000, 0x0000000702c00000, 0x0000000702d00000|  0%| F|  |TAMS 0x0000000702c00000, 0x0000000702c00000| Untracked 
|  33|0x0000000702d00000, 0x0000000702d00000, 0x0000000702e00000|  0%| F|  |TAMS 0x0000000702d00000, 0x0000000702d00000| Untracked 
|  34|0x0000000702e00000, 0x0000000702e00000, 0x0000000702f00000|  0%| F|  |TAMS 0x0000000702e00000, 0x0000000702e00000| Untracked 
|  35|0x0000000702f00000, 0x0000000702f00000, 0x0000000703000000|  0%| F|  |TAMS 0x0000000702f00000, 0x0000000702f00000| Untracked 
|  36|0x0000000703000000, 0x0000000703000000, 0x0000000703100000|  0%| F|  |TAMS 0x0000000703000000, 0x0000000703000000| Untracked 
|  37|0x0000000703100000, 0x0000000703100000, 0x0000000703200000|  0%| F|  |TAMS 0x0000000703100000, 0x0000000703100000| Untracked 
|  38|0x0000000703200000, 0x0000000703200000, 0x0000000703300000|  0%| F|  |TAMS 0x0000000703200000, 0x0000000703200000| Untracked 
|  39|0x0000000703300000, 0x0000000703300000, 0x0000000703400000|  0%| F|  |TAMS 0x0000000703300000, 0x0000000703300000| Untracked 
|  40|0x0000000703400000, 0x0000000703400000, 0x0000000703500000|  0%| F|  |TAMS 0x0000000703400000, 0x0000000703400000| Untracked 
|  41|0x0000000703500000, 0x0000000703500000, 0x0000000703600000|  0%| F|  |TAMS 0x0000000703500000, 0x0000000703500000| Untracked 
|  42|0x0000000703600000, 0x0000000703600000, 0x0000000703700000|  0%| F|  |TAMS 0x0000000703600000, 0x0000000703600000| Untracked 
|  43|0x0000000703700000, 0x0000000703700000, 0x0000000703800000|  0%| F|  |TAMS 0x0000000703700000, 0x0000000703700000| Untracked 
|  44|0x0000000703800000, 0x0000000703800000, 0x0000000703900000|  0%| F|  |TAMS 0x0000000703800000, 0x0000000703800000| Untracked 
|  45|0x0000000703900000, 0x0000000703900000, 0x0000000703a00000|  0%| F|  |TAMS 0x0000000703900000, 0x0000000703900000| Untracked 
|  46|0x0000000703a00000, 0x0000000703a00000, 0x0000000703b00000|  0%| F|  |TAMS 0x0000000703a00000, 0x0000000703a00000| Untracked 
|  47|0x0000000703b00000, 0x0000000703b00000, 0x0000000703c00000|  0%| F|  |TAMS 0x0000000703b00000, 0x0000000703b00000| Untracked 
|  48|0x0000000703c00000, 0x0000000703c00000, 0x0000000703d00000|  0%| F|  |TAMS 0x0000000703c00000, 0x0000000703c00000| Untracked 
|  49|0x0000000703d00000, 0x0000000703d00000, 0x0000000703e00000|  0%| F|  |TAMS 0x0000000703d00000, 0x0000000703d00000| Untracked 
|  50|0x0000000703e00000, 0x0000000703e00000, 0x0000000703f00000|  0%| F|  |TAMS 0x0000000703e00000, 0x0000000703e00000| Untracked 
|  51|0x0000000703f00000, 0x0000000703f00000, 0x0000000704000000|  0%| F|  |TAMS 0x0000000703f00000, 0x0000000703f00000| Untracked 
|  52|0x0000000704000000, 0x0000000704000000, 0x0000000704100000|  0%| F|  |TAMS 0x0000000704000000, 0x0000000704000000| Untracked 
|  53|0x0000000704100000, 0x0000000704100000, 0x0000000704200000|  0%| F|  |TAMS 0x0000000704100000, 0x0000000704100000| Untracked 
|  54|0x0000000704200000, 0x0000000704200000, 0x0000000704300000|  0%| F|  |TAMS 0x0000000704200000, 0x0000000704200000| Untracked 
|  55|0x0000000704300000, 0x0000000704300000, 0x0000000704400000|  0%| F|  |TAMS 0x0000000704300000, 0x0000000704300000| Untracked 
|  56|0x0000000704400000, 0x0000000704400000, 0x0000000704500000|  0%| F|  |TAMS 0x0000000704400000, 0x0000000704400000| Untracked 
|  57|0x0000000704500000, 0x0000000704500000, 0x0000000704600000|  0%| F|  |TAMS 0x0000000704500000, 0x0000000704500000| Untracked 
|  58|0x0000000704600000, 0x0000000704600000, 0x0000000704700000|  0%| F|  |TAMS 0x0000000704600000, 0x0000000704600000| Untracked 
|  59|0x0000000704700000, 0x0000000704700000, 0x0000000704800000|  0%| F|  |TAMS 0x0000000704700000, 0x0000000704700000| Untracked 
|  60|0x0000000704800000, 0x0000000704800000, 0x0000000704900000|  0%| F|  |TAMS 0x0000000704800000, 0x0000000704800000| Untracked 
|  61|0x0000000704900000, 0x0000000704900000, 0x0000000704a00000|  0%| F|  |TAMS 0x0000000704900000, 0x0000000704900000| Untracked 
|  62|0x0000000704a00000, 0x0000000704a00000, 0x0000000704b00000|  0%| F|  |TAMS 0x0000000704a00000, 0x0000000704a00000| Untracked 
|  63|0x0000000704b00000, 0x0000000704b00000, 0x0000000704c00000|  0%| F|  |TAMS 0x0000000704b00000, 0x0000000704b00000| Untracked 
|  64|0x0000000704c00000, 0x0000000704c00000, 0x0000000704d00000|  0%| F|  |TAMS 0x0000000704c00000, 0x0000000704c00000| Untracked 
|  65|0x0000000704d00000, 0x0000000704d00000, 0x0000000704e00000|  0%| F|  |TAMS 0x0000000704d00000, 0x0000000704d00000| Untracked 
|  66|0x0000000704e00000, 0x0000000704e00000, 0x0000000704f00000|  0%| F|  |TAMS 0x0000000704e00000, 0x0000000704e00000| Untracked 
|  67|0x0000000704f00000, 0x0000000704f00000, 0x0000000705000000|  0%| F|  |TAMS 0x0000000704f00000, 0x0000000704f00000| Untracked 
|  68|0x0000000705000000, 0x0000000705000000, 0x0000000705100000|  0%| F|  |TAMS 0x0000000705000000, 0x0000000705000000| Untracked 
|  69|0x0000000705100000, 0x0000000705100000, 0x0000000705200000|  0%| F|  |TAMS 0x0000000705100000, 0x0000000705100000| Untracked 
|  70|0x0000000705200000, 0x0000000705200000, 0x0000000705300000|  0%| F|  |TAMS 0x0000000705200000, 0x0000000705200000| Untracked 
|  71|0x0000000705300000, 0x0000000705300000, 0x0000000705400000|  0%| F|  |TAMS 0x0000000705300000, 0x0000000705300000| Untracked 
|  72|0x0000000705400000, 0x0000000705400000, 0x0000000705500000|  0%| F|  |TAMS 0x0000000705400000, 0x0000000705400000| Untracked 
|  73|0x0000000705500000, 0x0000000705500000, 0x0000000705600000|  0%| F|  |TAMS 0x0000000705500000, 0x0000000705500000| Untracked 
|  74|0x0000000705600000, 0x0000000705600000, 0x0000000705700000|  0%| F|  |TAMS 0x0000000705600000, 0x0000000705600000| Untracked 
|  75|0x0000000705700000, 0x0000000705700000, 0x0000000705800000|  0%| F|  |TAMS 0x0000000705700000, 0x0000000705700000| Untracked 
|  76|0x0000000705800000, 0x0000000705800000, 0x0000000705900000|  0%| F|  |TAMS 0x0000000705800000, 0x0000000705800000| Untracked 
|  77|0x0000000705900000, 0x0000000705900000, 0x0000000705a00000|  0%| F|  |TAMS 0x0000000705900000, 0x0000000705900000| Untracked 
|  78|0x0000000705a00000, 0x0000000705a00000, 0x0000000705b00000|  0%| F|  |TAMS 0x0000000705a00000, 0x0000000705a00000| Untracked 
|  79|0x0000000705b00000, 0x0000000705b00000, 0x0000000705c00000|  0%| F|  |TAMS 0x0000000705b00000, 0x0000000705b00000| Untracked 
|  80|0x0000000705c00000, 0x0000000705c00000, 0x0000000705d00000|  0%| F|  |TAMS 0x0000000705c00000, 0x0000000705c00000| Untracked 
|  81|0x0000000705d00000, 0x0000000705d00000, 0x0000000705e00000|  0%| F|  |TAMS 0x0000000705d00000, 0x0000000705d00000| Untracked 
|  82|0x0000000705e00000, 0x0000000705e00000, 0x0000000705f00000|  0%| F|  |TAMS 0x0000000705e00000, 0x0000000705e00000| Untracked 
|  83|0x0000000705f00000, 0x0000000705f00000, 0x0000000706000000|  0%| F|  |TAMS 0x0000000705f00000, 0x0000000705f00000| Untracked 
|  84|0x0000000706000000, 0x0000000706000000, 0x0000000706100000|  0%| F|  |TAMS 0x0000000706000000, 0x0000000706000000| Untracked 
|  85|0x0000000706100000, 0x0000000706100000, 0x0000000706200000|  0%| F|  |TAMS 0x0000000706100000, 0x0000000706100000| Untracked 
|  86|0x0000000706200000, 0x0000000706200000, 0x0000000706300000|  0%| F|  |TAMS 0x0000000706200000, 0x0000000706200000| Untracked 
|  87|0x0000000706300000, 0x0000000706300000, 0x0000000706400000|  0%| F|  |TAMS 0x0000000706300000, 0x0000000706300000| Untracked 
|  88|0x0000000706400000, 0x0000000706400000, 0x0000000706500000|  0%| F|  |TAMS 0x0000000706400000, 0x0000000706400000| Untracked 
|  89|0x0000000706500000, 0x0000000706500000, 0x0000000706600000|  0%| F|  |TAMS 0x0000000706500000, 0x0000000706500000| Untracked 
|  90|0x0000000706600000, 0x0000000706600000, 0x0000000706700000|  0%| F|  |TAMS 0x0000000706600000, 0x0000000706600000| Untracked 
|  91|0x0000000706700000, 0x0000000706700000, 0x0000000706800000|  0%| F|  |TAMS 0x0000000706700000, 0x0000000706700000| Untracked 
|  92|0x0000000706800000, 0x0000000706800000, 0x0000000706900000|  0%| F|  |TAMS 0x0000000706800000, 0x0000000706800000| Untracked 
|  93|0x0000000706900000, 0x0000000706900000, 0x0000000706a00000|  0%| F|  |TAMS 0x0000000706900000, 0x0000000706900000| Untracked 
|  94|0x0000000706a00000, 0x0000000706a00000, 0x0000000706b00000|  0%| F|  |TAMS 0x0000000706a00000, 0x0000000706a00000| Untracked 
|  95|0x0000000706b00000, 0x0000000706b00000, 0x0000000706c00000|  0%| F|  |TAMS 0x0000000706b00000, 0x0000000706b00000| Untracked 
|  96|0x0000000706c00000, 0x0000000706c00000, 0x0000000706d00000|  0%| F|  |TAMS 0x0000000706c00000, 0x0000000706c00000| Untracked 
|  97|0x0000000706d00000, 0x0000000706d00000, 0x0000000706e00000|  0%| F|  |TAMS 0x0000000706d00000, 0x0000000706d00000| Untracked 
|  98|0x0000000706e00000, 0x0000000706e00000, 0x0000000706f00000|  0%| F|  |TAMS 0x0000000706e00000, 0x0000000706e00000| Untracked 
|  99|0x0000000706f00000, 0x0000000706f00000, 0x0000000707000000|  0%| F|  |TAMS 0x0000000706f00000, 0x0000000706f00000| Untracked 
| 100|0x0000000707000000, 0x0000000707000000, 0x0000000707100000|  0%| F|  |TAMS 0x0000000707000000, 0x0000000707000000| Untracked 
| 101|0x0000000707100000, 0x0000000707100000, 0x0000000707200000|  0%| F|  |TAMS 0x0000000707100000, 0x0000000707100000| Untracked 
| 102|0x0000000707200000, 0x0000000707200000, 0x0000000707300000|  0%| F|  |TAMS 0x0000000707200000, 0x0000000707200000| Untracked 
| 103|0x0000000707300000, 0x0000000707300000, 0x0000000707400000|  0%| F|  |TAMS 0x0000000707300000, 0x0000000707300000| Untracked 
| 104|0x0000000707400000, 0x0000000707400000, 0x0000000707500000|  0%| F|  |TAMS 0x0000000707400000, 0x0000000707400000| Untracked 
| 105|0x0000000707500000, 0x0000000707500000, 0x0000000707600000|  0%| F|  |TAMS 0x0000000707500000, 0x0000000707500000| Untracked 
| 106|0x0000000707600000, 0x0000000707600000, 0x0000000707700000|  0%| F|  |TAMS 0x0000000707600000, 0x0000000707600000| Untracked 
| 107|0x0000000707700000, 0x0000000707700000, 0x0000000707800000|  0%| F|  |TAMS 0x0000000707700000, 0x0000000707700000| Untracked 
| 108|0x0000000707800000, 0x0000000707800000, 0x0000000707900000|  0%| F|  |TAMS 0x0000000707800000, 0x0000000707800000| Untracked 
| 109|0x0000000707900000, 0x0000000707900000, 0x0000000707a00000|  0%| F|  |TAMS 0x0000000707900000, 0x0000000707900000| Untracked 
| 110|0x0000000707a00000, 0x0000000707a00000, 0x0000000707b00000|  0%| F|  |TAMS 0x0000000707a00000, 0x0000000707a00000| Untracked 
| 111|0x0000000707b00000, 0x0000000707b00000, 0x0000000707c00000|  0%| F|  |TAMS 0x0000000707b00000, 0x0000000707b00000| Untracked 
| 112|0x0000000707c00000, 0x0000000707c00000, 0x0000000707d00000|  0%| F|  |TAMS 0x0000000707c00000, 0x0000000707c00000| Untracked 
| 113|0x0000000707d00000, 0x0000000707d00000, 0x0000000707e00000|  0%| F|  |TAMS 0x0000000707d00000, 0x0000000707d00000| Untracked 
| 114|0x0000000707e00000, 0x0000000707e00000, 0x0000000707f00000|  0%| F|  |TAMS 0x0000000707e00000, 0x0000000707e00000| Untracked 
| 115|0x0000000707f00000, 0x0000000707f00000, 0x0000000708000000|  0%| F|  |TAMS 0x0000000707f00000, 0x0000000707f00000| Untracked 
| 116|0x0000000708000000, 0x0000000708000000, 0x0000000708100000|  0%| F|  |TAMS 0x0000000708000000, 0x0000000708000000| Untracked 
| 117|0x0000000708100000, 0x0000000708100000, 0x0000000708200000|  0%| F|  |TAMS 0x0000000708100000, 0x0000000708100000| Untracked 
| 118|0x0000000708200000, 0x0000000708200000, 0x0000000708300000|  0%| F|  |TAMS 0x0000000708200000, 0x0000000708200000| Untracked 
| 119|0x0000000708300000, 0x0000000708300000, 0x0000000708400000|  0%| F|  |TAMS 0x0000000708300000, 0x0000000708300000| Untracked 
| 120|0x0000000708400000, 0x0000000708400000, 0x0000000708500000|  0%| F|  |TAMS 0x0000000708400000, 0x0000000708400000| Untracked 
| 121|0x0000000708500000, 0x0000000708500000, 0x0000000708600000|  0%| F|  |TAMS 0x0000000708500000, 0x0000000708500000| Untracked 
| 122|0x0000000708600000, 0x0000000708600000, 0x0000000708700000|  0%| F|  |TAMS 0x0000000708600000, 0x0000000708600000| Untracked 
| 123|0x0000000708700000, 0x0000000708700000, 0x0000000708800000|  0%| F|  |TAMS 0x0000000708700000, 0x0000000708700000| Untracked 
| 124|0x0000000708800000, 0x0000000708800000, 0x0000000708900000|  0%| F|  |TAMS 0x0000000708800000, 0x0000000708800000| Untracked 
| 125|0x0000000708900000, 0x0000000708900000, 0x0000000708a00000|  0%| F|  |TAMS 0x0000000708900000, 0x0000000708900000| Untracked 
| 126|0x0000000708a00000, 0x0000000708a00000, 0x0000000708b00000|  0%| F|  |TAMS 0x0000000708a00000, 0x0000000708a00000| Untracked 
| 127|0x0000000708b00000, 0x0000000708b00000, 0x0000000708c00000|  0%| F|  |TAMS 0x0000000708b00000, 0x0000000708b00000| Untracked 
| 128|0x0000000708c00000, 0x0000000708c00000, 0x0000000708d00000|  0%| F|  |TAMS 0x0000000708c00000, 0x0000000708c00000| Untracked 
| 129|0x0000000708d00000, 0x0000000708d00000, 0x0000000708e00000|  0%| F|  |TAMS 0x0000000708d00000, 0x0000000708d00000| Untracked 
| 130|0x0000000708e00000, 0x0000000708e00000, 0x0000000708f00000|  0%| F|  |TAMS 0x0000000708e00000, 0x0000000708e00000| Untracked 
| 131|0x0000000708f00000, 0x0000000708f00000, 0x0000000709000000|  0%| F|  |TAMS 0x0000000708f00000, 0x0000000708f00000| Untracked 
| 132|0x0000000709000000, 0x0000000709000000, 0x0000000709100000|  0%| F|  |TAMS 0x0000000709000000, 0x0000000709000000| Untracked 
| 133|0x0000000709100000, 0x0000000709100000, 0x0000000709200000|  0%| F|  |TAMS 0x0000000709100000, 0x0000000709100000| Untracked 
| 134|0x0000000709200000, 0x0000000709200000, 0x0000000709300000|  0%| F|  |TAMS 0x0000000709200000, 0x0000000709200000| Untracked 
| 135|0x0000000709300000, 0x0000000709300000, 0x0000000709400000|  0%| F|  |TAMS 0x0000000709300000, 0x0000000709300000| Untracked 
| 136|0x0000000709400000, 0x0000000709400000, 0x0000000709500000|  0%| F|  |TAMS 0x0000000709400000, 0x0000000709400000| Untracked 
| 137|0x0000000709500000, 0x0000000709500000, 0x0000000709600000|  0%| F|  |TAMS 0x0000000709500000, 0x0000000709500000| Untracked 
| 138|0x0000000709600000, 0x0000000709600000, 0x0000000709700000|  0%| F|  |TAMS 0x0000000709600000, 0x0000000709600000| Untracked 
| 139|0x0000000709700000, 0x0000000709700000, 0x0000000709800000|  0%| F|  |TAMS 0x0000000709700000, 0x0000000709700000| Untracked 
| 140|0x0000000709800000, 0x0000000709800000, 0x0000000709900000|  0%| F|  |TAMS 0x0000000709800000, 0x0000000709800000| Untracked 
| 141|0x0000000709900000, 0x0000000709900000, 0x0000000709a00000|  0%| F|  |TAMS 0x0000000709900000, 0x0000000709900000| Untracked 
| 142|0x0000000709a00000, 0x0000000709a00000, 0x0000000709b00000|  0%| F|  |TAMS 0x0000000709a00000, 0x0000000709a00000| Untracked 
| 143|0x0000000709b00000, 0x0000000709b00000, 0x0000000709c00000|  0%| F|  |TAMS 0x0000000709b00000, 0x0000000709b00000| Untracked 
| 144|0x0000000709c00000, 0x0000000709c00000, 0x0000000709d00000|  0%| F|  |TAMS 0x0000000709c00000, 0x0000000709c00000| Untracked 
| 145|0x0000000709d00000, 0x0000000709d00000, 0x0000000709e00000|  0%| F|  |TAMS 0x0000000709d00000, 0x0000000709d00000| Untracked 
| 146|0x0000000709e00000, 0x0000000709e00000, 0x0000000709f00000|  0%| F|  |TAMS 0x0000000709e00000, 0x0000000709e00000| Untracked 
| 147|0x0000000709f00000, 0x0000000709f00000, 0x000000070a000000|  0%| F|  |TAMS 0x0000000709f00000, 0x0000000709f00000| Untracked 
| 148|0x000000070a000000, 0x000000070a000000, 0x000000070a100000|  0%| F|  |TAMS 0x000000070a000000, 0x000000070a000000| Untracked 
| 149|0x000000070a100000, 0x000000070a100000, 0x000000070a200000|  0%| F|  |TAMS 0x000000070a100000, 0x000000070a100000| Untracked 
| 150|0x000000070a200000, 0x000000070a200000, 0x000000070a300000|  0%| F|  |TAMS 0x000000070a200000, 0x000000070a200000| Untracked 
| 151|0x000000070a300000, 0x000000070a300000, 0x000000070a400000|  0%| F|  |TAMS 0x000000070a300000, 0x000000070a300000| Untracked 
| 152|0x000000070a400000, 0x000000070a400000, 0x000000070a500000|  0%| F|  |TAMS 0x000000070a400000, 0x000000070a400000| Untracked 
| 153|0x000000070a500000, 0x000000070a500000, 0x000000070a600000|  0%| F|  |TAMS 0x000000070a500000, 0x000000070a500000| Untracked 
| 154|0x000000070a600000, 0x000000070a600000, 0x000000070a700000|  0%| F|  |TAMS 0x000000070a600000, 0x000000070a600000| Untracked 
| 155|0x000000070a700000, 0x000000070a700000, 0x000000070a800000|  0%| F|  |TAMS 0x000000070a700000, 0x000000070a700000| Untracked 
| 156|0x000000070a800000, 0x000000070a800000, 0x000000070a900000|  0%| F|  |TAMS 0x000000070a800000, 0x000000070a800000| Untracked 
| 157|0x000000070a900000, 0x000000070a900000, 0x000000070aa00000|  0%| F|  |TAMS 0x000000070a900000, 0x000000070a900000| Untracked 
| 158|0x000000070aa00000, 0x000000070aa00000, 0x000000070ab00000|  0%| F|  |TAMS 0x000000070aa00000, 0x000000070aa00000| Untracked 
| 159|0x000000070ab00000, 0x000000070ab00000, 0x000000070ac00000|  0%| F|  |TAMS 0x000000070ab00000, 0x000000070ab00000| Untracked 
| 160|0x000000070ac00000, 0x000000070ac00000, 0x000000070ad00000|  0%| F|  |TAMS 0x000000070ac00000, 0x000000070ac00000| Untracked 
| 161|0x000000070ad00000, 0x000000070ad00000, 0x000000070ae00000|  0%| F|  |TAMS 0x000000070ad00000, 0x000000070ad00000| Untracked 
| 162|0x000000070ae00000, 0x000000070ae00000, 0x000000070af00000|  0%| F|  |TAMS 0x000000070ae00000, 0x000000070ae00000| Untracked 
| 163|0x000000070af00000, 0x000000070af00000, 0x000000070b000000|  0%| F|  |TAMS 0x000000070af00000, 0x000000070af00000| Untracked 
| 164|0x000000070b000000, 0x000000070b000000, 0x000000070b100000|  0%| F|  |TAMS 0x000000070b000000, 0x000000070b000000| Untracked 
| 165|0x000000070b100000, 0x000000070b100000, 0x000000070b200000|  0%| F|  |TAMS 0x000000070b100000, 0x000000070b100000| Untracked 
| 166|0x000000070b200000, 0x000000070b200000, 0x000000070b300000|  0%| F|  |TAMS 0x000000070b200000, 0x000000070b200000| Untracked 
| 167|0x000000070b300000, 0x000000070b300000, 0x000000070b400000|  0%| F|  |TAMS 0x000000070b300000, 0x000000070b300000| Untracked 
| 168|0x000000070b400000, 0x000000070b400000, 0x000000070b500000|  0%| F|  |TAMS 0x000000070b400000, 0x000000070b400000| Untracked 
| 169|0x000000070b500000, 0x000000070b500000, 0x000000070b600000|  0%| F|  |TAMS 0x000000070b500000, 0x000000070b500000| Untracked 
| 170|0x000000070b600000, 0x000000070b600000, 0x000000070b700000|  0%| F|  |TAMS 0x000000070b600000, 0x000000070b600000| Untracked 
| 171|0x000000070b700000, 0x000000070b700000, 0x000000070b800000|  0%| F|  |TAMS 0x000000070b700000, 0x000000070b700000| Untracked 
| 172|0x000000070b800000, 0x000000070b800000, 0x000000070b900000|  0%| F|  |TAMS 0x000000070b800000, 0x000000070b800000| Untracked 
| 173|0x000000070b900000, 0x000000070b900000, 0x000000070ba00000|  0%| F|  |TAMS 0x000000070b900000, 0x000000070b900000| Untracked 
| 174|0x000000070ba00000, 0x000000070ba00000, 0x000000070bb00000|  0%| F|  |TAMS 0x000000070ba00000, 0x000000070ba00000| Untracked 
| 175|0x000000070bb00000, 0x000000070bb00000, 0x000000070bc00000|  0%| F|  |TAMS 0x000000070bb00000, 0x000000070bb00000| Untracked 
| 176|0x000000070bc00000, 0x000000070bc00000, 0x000000070bd00000|  0%| F|  |TAMS 0x000000070bc00000, 0x000000070bc00000| Untracked 
| 177|0x000000070bd00000, 0x000000070bd00000, 0x000000070be00000|  0%| F|  |TAMS 0x000000070bd00000, 0x000000070bd00000| Untracked 
| 178|0x000000070be00000, 0x000000070be00000, 0x000000070bf00000|  0%| F|  |TAMS 0x000000070be00000, 0x000000070be00000| Untracked 
| 179|0x000000070bf00000, 0x000000070bf00000, 0x000000070c000000|  0%| F|  |TAMS 0x000000070bf00000, 0x000000070bf00000| Untracked 
| 180|0x000000070c000000, 0x000000070c000000, 0x000000070c100000|  0%| F|  |TAMS 0x000000070c000000, 0x000000070c000000| Untracked 
| 181|0x000000070c100000, 0x000000070c100000, 0x000000070c200000|  0%| F|  |TAMS 0x000000070c100000, 0x000000070c100000| Untracked 
| 182|0x000000070c200000, 0x000000070c200000, 0x000000070c300000|  0%| F|  |TAMS 0x000000070c200000, 0x000000070c200000| Untracked 
| 183|0x000000070c300000, 0x000000070c300000, 0x000000070c400000|  0%| F|  |TAMS 0x000000070c300000, 0x000000070c300000| Untracked 
| 184|0x000000070c400000, 0x000000070c400000, 0x000000070c500000|  0%| F|  |TAMS 0x000000070c400000, 0x000000070c400000| Untracked 
| 185|0x000000070c500000, 0x000000070c500000, 0x000000070c600000|  0%| F|  |TAMS 0x000000070c500000, 0x000000070c500000| Untracked 
| 186|0x000000070c600000, 0x000000070c600000, 0x000000070c700000|  0%| F|  |TAMS 0x000000070c600000, 0x000000070c600000| Untracked 
| 187|0x000000070c700000, 0x000000070c700000, 0x000000070c800000|  0%| F|  |TAMS 0x000000070c700000, 0x000000070c700000| Untracked 
| 188|0x000000070c800000, 0x000000070c800000, 0x000000070c900000|  0%| F|  |TAMS 0x000000070c800000, 0x000000070c800000| Untracked 
| 189|0x000000070c900000, 0x000000070c900000, 0x000000070ca00000|  0%| F|  |TAMS 0x000000070c900000, 0x000000070c900000| Untracked 
| 190|0x000000070ca00000, 0x000000070ca00000, 0x000000070cb00000|  0%| F|  |TAMS 0x000000070ca00000, 0x000000070ca00000| Untracked 
| 191|0x000000070cb00000, 0x000000070cb00000, 0x000000070cc00000|  0%| F|  |TAMS 0x000000070cb00000, 0x000000070cb00000| Untracked 
| 192|0x000000070cc00000, 0x000000070cc00000, 0x000000070cd00000|  0%| F|  |TAMS 0x000000070cc00000, 0x000000070cc00000| Untracked 
| 193|0x000000070cd00000, 0x000000070cd00000, 0x000000070ce00000|  0%| F|  |TAMS 0x000000070cd00000, 0x000000070cd00000| Untracked 
| 194|0x000000070ce00000, 0x000000070ce00000, 0x000000070cf00000|  0%| F|  |TAMS 0x000000070ce00000, 0x000000070ce00000| Untracked 
| 195|0x000000070cf00000, 0x000000070cf00000, 0x000000070d000000|  0%| F|  |TAMS 0x000000070cf00000, 0x000000070cf00000| Untracked 
| 196|0x000000070d000000, 0x000000070d000000, 0x000000070d100000|  0%| F|  |TAMS 0x000000070d000000, 0x000000070d000000| Untracked 
| 197|0x000000070d100000, 0x000000070d100000, 0x000000070d200000|  0%| F|  |TAMS 0x000000070d100000, 0x000000070d100000| Untracked 
| 198|0x000000070d200000, 0x000000070d200000, 0x000000070d300000|  0%| F|  |TAMS 0x000000070d200000, 0x000000070d200000| Untracked 
| 199|0x000000070d300000, 0x000000070d300000, 0x000000070d400000|  0%| F|  |TAMS 0x000000070d300000, 0x000000070d300000| Untracked 
| 200|0x000000070d400000, 0x000000070d400000, 0x000000070d500000|  0%| F|  |TAMS 0x000000070d400000, 0x000000070d400000| Untracked 
| 201|0x000000070d500000, 0x000000070d500000, 0x000000070d600000|  0%| F|  |TAMS 0x000000070d500000, 0x000000070d500000| Untracked 
| 202|0x000000070d600000, 0x000000070d600000, 0x000000070d700000|  0%| F|  |TAMS 0x000000070d600000, 0x000000070d600000| Untracked 
| 203|0x000000070d700000, 0x000000070d700000, 0x000000070d800000|  0%| F|  |TAMS 0x000000070d700000, 0x000000070d700000| Untracked 
| 204|0x000000070d800000, 0x000000070d800000, 0x000000070d900000|  0%| F|  |TAMS 0x000000070d800000, 0x000000070d800000| Untracked 
| 205|0x000000070d900000, 0x000000070d900000, 0x000000070da00000|  0%| F|  |TAMS 0x000000070d900000, 0x000000070d900000| Untracked 
| 206|0x000000070da00000, 0x000000070da00000, 0x000000070db00000|  0%| F|  |TAMS 0x000000070da00000, 0x000000070da00000| Untracked 
| 207|0x000000070db00000, 0x000000070db00000, 0x000000070dc00000|  0%| F|  |TAMS 0x000000070db00000, 0x000000070db00000| Untracked 
| 208|0x000000070dc00000, 0x000000070dc00000, 0x000000070dd00000|  0%| F|  |TAMS 0x000000070dc00000, 0x000000070dc00000| Untracked 
| 209|0x000000070dd00000, 0x000000070dd00000, 0x000000070de00000|  0%| F|  |TAMS 0x000000070dd00000, 0x000000070dd00000| Untracked 
| 210|0x000000070de00000, 0x000000070de00000, 0x000000070df00000|  0%| F|  |TAMS 0x000000070de00000, 0x000000070de00000| Untracked 
| 211|0x000000070df00000, 0x000000070df00000, 0x000000070e000000|  0%| F|  |TAMS 0x000000070df00000, 0x000000070df00000| Untracked 
| 212|0x000000070e000000, 0x000000070e000000, 0x000000070e100000|  0%| F|  |TAMS 0x000000070e000000, 0x000000070e000000| Untracked 
| 213|0x000000070e100000, 0x000000070e100000, 0x000000070e200000|  0%| F|  |TAMS 0x000000070e100000, 0x000000070e100000| Untracked 
| 214|0x000000070e200000, 0x000000070e300000, 0x000000070e300000|100%| E|  |TAMS 0x000000070e200000, 0x000000070e200000| Complete 
| 215|0x000000070e300000, 0x000000070e400000, 0x000000070e400000|100%| E|CS|TAMS 0x000000070e300000, 0x000000070e300000| Complete 
| 216|0x000000070e400000, 0x000000070e500000, 0x000000070e500000|100%| E|CS|TAMS 0x000000070e400000, 0x000000070e400000| Complete 
| 217|0x000000070e500000, 0x000000070e600000, 0x000000070e600000|100%| E|CS|TAMS 0x000000070e500000, 0x000000070e500000| Complete 
| 218|0x000000070e600000, 0x000000070e700000, 0x000000070e700000|100%| E|CS|TAMS 0x000000070e600000, 0x000000070e600000| Complete 
| 219|0x000000070e700000, 0x000000070e800000, 0x000000070e800000|100%| E|CS|TAMS 0x000000070e700000, 0x000000070e700000| Complete 
| 220|0x000000070e800000, 0x000000070e900000, 0x000000070e900000|100%| E|CS|TAMS 0x000000070e800000, 0x000000070e800000| Complete 
| 221|0x000000070e900000, 0x000000070ea00000, 0x000000070ea00000|100%| E|CS|TAMS 0x000000070e900000, 0x000000070e900000| Complete 
| 222|0x000000070ea00000, 0x000000070eb00000, 0x000000070eb00000|100%| E|CS|TAMS 0x000000070ea00000, 0x000000070ea00000| Complete 
| 223|0x000000070eb00000, 0x000000070ec00000, 0x000000070ec00000|100%| E|CS|TAMS 0x000000070eb00000, 0x000000070eb00000| Complete 
| 224|0x000000070ec00000, 0x000000070ed00000, 0x000000070ed00000|100%| E|CS|TAMS 0x000000070ec00000, 0x000000070ec00000| Complete 
| 225|0x000000070ed00000, 0x000000070ee00000, 0x000000070ee00000|100%| E|CS|TAMS 0x000000070ed00000, 0x000000070ed00000| Complete 
| 226|0x000000070ee00000, 0x000000070ef00000, 0x000000070ef00000|100%| E|CS|TAMS 0x000000070ee00000, 0x000000070ee00000| Complete 
| 227|0x000000070ef00000, 0x000000070f000000, 0x000000070f000000|100%| E|CS|TAMS 0x000000070ef00000, 0x000000070ef00000| Complete 
| 228|0x000000070f000000, 0x000000070f100000, 0x000000070f100000|100%| E|CS|TAMS 0x000000070f000000, 0x000000070f000000| Complete 
| 229|0x000000070f100000, 0x000000070f200000, 0x000000070f200000|100%| E|CS|TAMS 0x000000070f100000, 0x000000070f100000| Complete 
| 230|0x000000070f200000, 0x000000070f2d2ea8, 0x000000070f300000| 82%| S|CS|TAMS 0x000000070f200000, 0x000000070f200000| Complete 
| 231|0x000000070f300000, 0x000000070f400000, 0x000000070f400000|100%| S|CS|TAMS 0x000000070f300000, 0x000000070f300000| Complete 
| 232|0x000000070f400000, 0x000000070f500000, 0x000000070f500000|100%| E|CS|TAMS 0x000000070f400000, 0x000000070f400000| Complete 
| 233|0x000000070f500000, 0x000000070f600000, 0x000000070f600000|100%| E|CS|TAMS 0x000000070f500000, 0x000000070f500000| Complete 
| 234|0x000000070f600000, 0x000000070f700000, 0x000000070f700000|100%| E|  |TAMS 0x000000070f600000, 0x000000070f600000| Complete 
| 235|0x000000070f700000, 0x000000070f800000, 0x000000070f800000|100%| E|CS|TAMS 0x000000070f700000, 0x000000070f700000| Complete 
| 236|0x000000070f800000, 0x000000070f900000, 0x000000070f900000|100%| E|CS|TAMS 0x000000070f800000, 0x000000070f800000| Complete 
| 237|0x000000070f900000, 0x000000070fa00000, 0x000000070fa00000|100%| E|CS|TAMS 0x000000070f900000, 0x000000070f900000| Complete 
| 238|0x000000070fa00000, 0x000000070fb00000, 0x000000070fb00000|100%| E|CS|TAMS 0x000000070fa00000, 0x000000070fa00000| Complete 
| 239|0x000000070fb00000, 0x000000070fc00000, 0x000000070fc00000|100%| E|CS|TAMS 0x000000070fb00000, 0x000000070fb00000| Complete 
| 240|0x000000070fc00000, 0x000000070fd00000, 0x000000070fd00000|100%| E|CS|TAMS 0x000000070fc00000, 0x000000070fc00000| Complete 
| 241|0x000000070fd00000, 0x000000070fe00000, 0x000000070fe00000|100%| E|CS|TAMS 0x000000070fd00000, 0x000000070fd00000| Complete 
| 242|0x000000070fe00000, 0x000000070ff00000, 0x000000070ff00000|100%| E|CS|TAMS 0x000000070fe00000, 0x000000070fe00000| Complete 
| 243|0x000000070ff00000, 0x0000000710000000, 0x0000000710000000|100%| E|CS|TAMS 0x000000070ff00000, 0x000000070ff00000| Complete 
| 244|0x0000000710000000, 0x0000000710100000, 0x0000000710100000|100%| E|CS|TAMS 0x0000000710000000, 0x0000000710000000| Complete 
| 245|0x0000000710100000, 0x0000000710200000, 0x0000000710200000|100%| E|CS|TAMS 0x0000000710100000, 0x0000000710100000| Complete 
| 246|0x0000000710200000, 0x0000000710300000, 0x0000000710300000|100%| E|CS|TAMS 0x0000000710200000, 0x0000000710200000| Complete 
| 247|0x0000000710300000, 0x0000000710400000, 0x0000000710400000|100%| E|CS|TAMS 0x0000000710300000, 0x0000000710300000| Complete 
| 248|0x0000000710400000, 0x0000000710500000, 0x0000000710500000|100%| E|CS|TAMS 0x0000000710400000, 0x0000000710400000| Complete 
| 249|0x0000000710500000, 0x0000000710600000, 0x0000000710600000|100%| E|CS|TAMS 0x0000000710500000, 0x0000000710500000| Complete 
| 250|0x0000000710600000, 0x0000000710700000, 0x0000000710700000|100%| E|CS|TAMS 0x0000000710600000, 0x0000000710600000| Complete 
| 251|0x0000000710700000, 0x0000000710800000, 0x0000000710800000|100%| E|CS|TAMS 0x0000000710700000, 0x0000000710700000| Complete 
| 252|0x0000000710800000, 0x0000000710900000, 0x0000000710900000|100%| E|CS|TAMS 0x0000000710800000, 0x0000000710800000| Complete 
| 253|0x0000000710900000, 0x0000000710a00000, 0x0000000710a00000|100%| E|CS|TAMS 0x0000000710900000, 0x0000000710900000| Complete 
| 254|0x0000000710a00000, 0x0000000710b00000, 0x0000000710b00000|100%| E|CS|TAMS 0x0000000710a00000, 0x0000000710a00000| Complete 
| 255|0x0000000710b00000, 0x0000000710c00000, 0x0000000710c00000|100%| E|CS|TAMS 0x0000000710b00000, 0x0000000710b00000| Complete 

Card table byte_map: [0x000002400f000000,0x000002400f800000] _byte_map_base: 0x000002400b7fa000

Marking Bits (Prev, Next): (CMBitMap*) 0x000002407914bba8, (CMBitMap*) 0x000002407914bbe0
 Prev Bits: [0x0000024010000000, 0x0000024013fd0000)
 Next Bits: [0x0000024013fd0000, 0x0000024017fa0000)

Polling page: 0x00000240791c0000

Metaspace:

Usage:
  Non-class:     15.97 MB capacity,    15.75 MB ( 99%) used,   199.61 KB (  1%) free+waste,    20.50 KB ( <1%) overhead. 
      Class:      1.57 MB capacity,     1.51 MB ( 96%) used,    50.70 KB (  3%) free+waste,     7.88 KB ( <1%) overhead. 
       Both:     17.53 MB capacity,    17.26 MB ( 98%) used,   250.31 KB (  1%) free+waste,    28.38 KB ( <1%) overhead. 

Virtual space:
  Non-class space:       18.00 MB reserved,      16.25 MB ( 90%) committed 
      Class space:        1.00 GB reserved,       1.63 MB ( <1%) committed 
             Both:        1.02 GB reserved,      17.88 MB (  2%) committed 

Chunk freelists:
   Non-Class:  97.00 KB
       Class:  29.00 KB
        Both:  126.00 KB

MaxMetaspaceSize: 17179869184.00 GB
CompressedClassSpaceSize: 1.00 GB
Initial GC threshold: 20.80 MB
Current GC threshold: 20.80 MB
CDS: off

CodeHeap 'non-profiled nmethods': size=120000Kb used=978Kb max_used=978Kb free=119021Kb
 bounds [0x0000024007ad0000, 0x0000024007d40000, 0x000002400f000000]
CodeHeap 'profiled nmethods': size=120000Kb used=3607Kb max_used=3607Kb free=116392Kb
 bounds [0x00000240005a0000, 0x0000024000930000, 0x0000024007ad0000]
CodeHeap 'non-nmethods': size=5760Kb used=1629Kb max_used=1644Kb free=4130Kb
 bounds [0x0000024000000000, 0x0000024000270000, 0x00000240005a0000]
 total_blobs=2810 nmethods=1779 adapters=944
 compilation: enabled
              stopped_count=0, restarted_count=0
 full_count=0

Compilation events (20 events):
Event: 11.655 Thread 0x000002401aeed000 1777       3       com.badlogic.gdx.math.RandomXS128::nextInt (8 bytes)
Event: 11.655 Thread 0x0000024024262800 nmethod 1762 0x0000024007bbe890 code [0x0000024007bbea40, 0x0000024007bbede8]
Event: 11.655 Thread 0x000002401aeed000 nmethod 1777 0x0000024000923410 code [0x00000240009235c0, 0x0000024000923708]
Event: 11.655 Thread 0x000002401aeed000 1778       3       com.tanks_2d.ParticleEffect.StereoSmoke.Falling_element::<init> (43 bytes)
Event: 11.655 Thread 0x0000024024262800 1766       4       java.lang.String::startsWith (7 bytes)
Event: 11.655 Thread 0x000002401aeed000 nmethod 1778 0x0000024000923790 code [0x0000024000923980, 0x0000024000923ec8]
Event: 11.655 Thread 0x000002401aeed000 1780       3       com.badlogic.gdx.math.MathUtils::random (14 bytes)
Event: 11.655 Thread 0x000002401aeed000 nmethod 1780 0x0000024000924090 code [0x0000024000924240, 0x0000024000924408]
Event: 11.655 Thread 0x000002401aeed000 1781       3       com.badlogic.gdx.graphics.Color::<init> (5 bytes)
Event: 11.655 Thread 0x000002401aeed000 nmethod 1781 0x0000024000924510 code [0x00000240009246c0, 0x0000024000924818]
Event: 11.656 Thread 0x000002401aeed000 1783       3       com.badlogic.gdx.math.Vector3::<init> (13 bytes)
Event: 11.656 Thread 0x000002401aeed000 nmethod 1783 0x0000024000924910 code [0x0000024000924ac0, 0x0000024000924c98]
Event: 11.656 Thread 0x000002401aeed000 1785       3       com.badlogic.gdx.math.MathUtils::random (10 bytes)
Event: 11.656 Thread 0x000002401aeed000 nmethod 1785 0x0000024000924d90 code [0x0000024000924f40, 0x0000024000925108]
Event: 11.656 Thread 0x000002401aeed000 1784       3       com.tanks_2d.ParticleEffect.StereoSmoke.Flying_stereo_elements_base::<init> (66 bytes)
Event: 11.657 Thread 0x000002401aeed000 nmethod 1784 0x0000024000925210 code [0x0000024000925400, 0x00000240009259a8]
Event: 11.657 Thread 0x000002401aeed000 1786       3       java.util.Arrays::copyOf (10 bytes)
Event: 11.657 Thread 0x000002401aeed000 nmethod 1786 0x0000024000925b90 code [0x0000024000925d40, 0x0000024000925e88]
Event: 11.658 Thread 0x0000024024262800 nmethod 1766 0x0000024007bbf110 code [0x0000024007bbf2a0, 0x0000024007bbf498]
Event: 11.658 Thread 0x0000024024262800 1782   !   4       jdk.internal.loader.URLClassPath$JarLoader::getResource (65 bytes)

GC Heap History (2 events):
Event: 0.779 GC heap before
{Heap before GC invocations=0 (full 0):
 garbage-first heap   total 262144K, used 23552K [0x0000000700c00000, 0x0000000800000000)
  region size 1024K, 24 young (24576K), 0 survivors (0K)
 Metaspace       used 10011K, capacity 10172K, committed 10240K, reserved 1058816K
  class space    used 912K, capacity 961K, committed 1024K, reserved 1048576K
}
Event: 0.782 GC heap after
{Heap after GC invocations=1 (full 0):
 garbage-first heap   total 262144K, used 1867K [0x0000000700c00000, 0x0000000800000000)
  region size 1024K, 2 young (2048K), 2 survivors (2048K)
 Metaspace       used 10011K, capacity 10172K, committed 10240K, reserved 1058816K
  class space    used 912K, capacity 961K, committed 1024K, reserved 1048576K
}

Deoptimization events (20 events):
Event: 11.640 Thread 0x00000240790e7000 Uncommon trap: trap_request=0xffffff4d fr.pc=0x0000024007ad7b78 relative=0x0000000000000058
Event: 11.640 Thread 0x00000240790e7000 Uncommon trap: reason=unstable_if action=reinterpret pc=0x0000024007ad7b78 method=java.lang.String.isLatin1()Z @ 10 c2
Event: 11.640 Thread 0x00000240790e7000 DEOPT PACKING pc=0x0000024007ad7b78 sp=0x000000ecf8dfefb0
Event: 11.640 Thread 0x00000240790e7000 DEOPT UNPACKING pc=0x000002400004a1af sp=0x000000ecf8dfef40 mode 2
Event: 11.642 Thread 0x00000240790e7000 Uncommon trap: trap_request=0xffffff4d fr.pc=0x0000024007b86038 relative=0x0000000000000d58
Event: 11.642 Thread 0x00000240790e7000 Uncommon trap: reason=unstable_if action=reinterpret pc=0x0000024007b86038 method=java.io.BufferedReader.readLine(Z)Ljava/lang/String; @ 153 c2
Event: 11.642 Thread 0x00000240790e7000 DEOPT PACKING pc=0x0000024007b86038 sp=0x000000ecf8dfedc0
Event: 11.642 Thread 0x00000240790e7000 DEOPT UNPACKING pc=0x000002400004a1af sp=0x000000ecf8dfed70 mode 2
Event: 11.650 Thread 0x00000240790e7000 Uncommon trap: trap_request=0xffffffd6 fr.pc=0x0000024007bb6a34 relative=0x00000000000001d4
Event: 11.650 Thread 0x00000240790e7000 Uncommon trap: reason=array_check action=maybe_recompile pc=0x0000024007bb6a34 method=com.badlogic.gdx.utils.Array.add(Ljava/lang/Object;)V @ 46 c2
Event: 11.650 Thread 0x00000240790e7000 DEOPT PACKING pc=0x0000024007bb6a34 sp=0x000000ecf8dff090
Event: 11.650 Thread 0x00000240790e7000 DEOPT UNPACKING pc=0x000002400004a1af sp=0x000000ecf8dff038 mode 2
Event: 11.650 Thread 0x00000240790e7000 Uncommon trap: trap_request=0xffffffd6 fr.pc=0x0000024007bb6a34 relative=0x00000000000001d4
Event: 11.650 Thread 0x00000240790e7000 Uncommon trap: reason=array_check action=maybe_recompile pc=0x0000024007bb6a34 method=com.badlogic.gdx.utils.Array.add(Ljava/lang/Object;)V @ 46 c2
Event: 11.650 Thread 0x00000240790e7000 DEOPT PACKING pc=0x0000024007bb6a34 sp=0x000000ecf8dff090
Event: 11.650 Thread 0x00000240790e7000 DEOPT UNPACKING pc=0x000002400004a1af sp=0x000000ecf8dff038 mode 2
Event: 11.657 Thread 0x00000240790e7000 Uncommon trap: trap_request=0xffffff4d fr.pc=0x0000024007bbba40 relative=0x00000000000000e0
Event: 11.657 Thread 0x00000240790e7000 Uncommon trap: reason=unstable_if action=reinterpret pc=0x0000024007bbba40 method=com.badlogic.gdx.graphics.Color.clamp()Lcom/badlogic/gdx/graphics/Color; @ 6 c2
Event: 11.657 Thread 0x00000240790e7000 DEOPT PACKING pc=0x0000024007bbba40 sp=0x000000ecf8dff300
Event: 11.657 Thread 0x00000240790e7000 DEOPT UNPACKING pc=0x000002400004a1af sp=0x000000ecf8dff298 mode 2

Classes redefined (0 events):
No events

Internal exceptions (20 events):
Event: 1.008 Thread 0x00000240790e7000 Exception <a 'java/lang/NoSuchMethodError'{0x00000007103f0888}: 'java.lang.Object java.lang.invoke.DirectMethodHandle$Holder.invokeSpecial(java.lang.Object, java.lang.Object, long)'> (0x00000007103f0888) thrown at [./src/hotspot/share/interpreter/linkResolver.cpp, line 773]
Event: 1.008 Thread 0x00000240790e7000 Exception <a 'java/lang/NoSuchMethodError'{0x00000007103f3348}: 'java.lang.Object java.lang.invoke.Invokers$Holder.linkToTargetMethod(long, java.lang.Object)'> (0x00000007103f3348) thrown at [./src/hotspot/share/interpreter/linkResolver.cpp, line 773]
Event: 1.009 Thread 0x00000240790e7000 Exception <a 'java/security/PrivilegedActionException'{0x00000007103fb658}> (0x00000007103fb658) thrown at [./src/hotspot/share/prims/jvm.cpp, line 1306]
Event: 1.009 Thread 0x00000240790e7000 Exception <a 'java/security/PrivilegedActionException'{0x00000007103fb928}> (0x00000007103fb928) thrown at [./src/hotspot/share/prims/jvm.cpp, line 1306]
Event: 1.224 Thread 0x00000240790e7000 Exception <a 'sun/nio/fs/WindowsException'{0x00000007101eb808}> (0x00000007101eb808) thrown at [./src/hotspot/share/prims/jni.cpp, line 615]
Event: 1.224 Thread 0x00000240790e7000 Exception <a 'sun/nio/fs/WindowsException'{0x00000007101eb888}> (0x00000007101eb888) thrown at [./src/hotspot/share/prims/jni.cpp, line 615]
Event: 1.225 Thread 0x00000240790e7000 Exception <a 'sun/nio/fs/WindowsException'{0x00000007101ec3b8}> (0x00000007101ec3b8) thrown at [./src/hotspot/share/prims/jni.cpp, line 615]
Event: 1.225 Thread 0x00000240790e7000 Exception <a 'sun/nio/fs/WindowsException'{0x00000007101f3738}> (0x00000007101f3738) thrown at [./src/hotspot/share/prims/jni.cpp, line 615]
Event: 1.228 Thread 0x00000240790e7000 Exception <a 'sun/nio/fs/WindowsException'{0x00000007101f6430}> (0x00000007101f6430) thrown at [./src/hotspot/share/prims/jni.cpp, line 615]
Event: 1.228 Thread 0x00000240790e7000 Exception <a 'sun/nio/fs/WindowsException'{0x00000007101f64b0}> (0x00000007101f64b0) thrown at [./src/hotspot/share/prims/jni.cpp, line 615]
Event: 1.232 Thread 0x00000240790e7000 Exception <a 'sun/nio/fs/WindowsException'{0x0000000710029940}> (0x0000000710029940) thrown at [./src/hotspot/share/prims/jni.cpp, line 615]
Event: 1.233 Thread 0x00000240790e7000 Exception <a 'sun/nio/fs/WindowsException'{0x00000007100299c0}> (0x00000007100299c0) thrown at [./src/hotspot/share/prims/jni.cpp, line 615]
Event: 1.292 Thread 0x00000240790e7000 Exception <a 'java/security/PrivilegedActionException'{0x000000070ffc1c40}> (0x000000070ffc1c40) thrown at [./src/hotspot/share/prims/jvm.cpp, line 1306]
Event: 1.292 Thread 0x00000240790e7000 Exception <a 'java/security/PrivilegedActionException'{0x000000070ffc1f10}> (0x000000070ffc1f10) thrown at [./src/hotspot/share/prims/jvm.cpp, line 1306]
Event: 1.771 Thread 0x00000240790e7000 Exception <a 'java/security/PrivilegedActionException'{0x000000070e69d458}> (0x000000070e69d458) thrown at [./src/hotspot/share/prims/jvm.cpp, line 1306]
Event: 1.771 Thread 0x00000240790e7000 Exception <a 'java/security/PrivilegedActionException'{0x000000070e69d728}> (0x000000070e69d728) thrown at [./src/hotspot/share/prims/jvm.cpp, line 1306]
Event: 8.871 Thread 0x000002401b1dd800 Implicit null exception at 0x0000024007ae75f4 to 0x0000024007ae7b90
Event: 9.028 Thread 0x000002401b697800 Implicit null exception at 0x0000024007ae30f4 to 0x0000024007ae3668
Event: 10.647 Thread 0x000002401b697800 Exception <a 'java/lang/NullPointerException'{0x000000070e4d8b58}> (0x000000070e4d8b58) thrown at [./src/hotspot/share/interpreter/linkResolver.cpp, line 1358]
Event: 11.637 Thread 0x00000240790e7000 Implicit null exception at 0x0000024007bb3a4e to 0x0000024007bb3d00

Events (20 events):
Event: 11.653 loading class com/tanks_2d/ParticleEffect/Garbage
Event: 11.653 loading class com/tanks_2d/ParticleEffect/Garbage done
Event: 11.653 loading class com/tanks_2d/ParticleEffect/StereoSmoke/Point_of_fire
Event: 11.653 loading class com/tanks_2d/ParticleEffect/StereoSmoke/Point_of_fire done
Event: 11.654 loading class com/tanks_2d/ParticleEffect/StereoSmoke/Falling_element
Event: 11.654 loading class com/tanks_2d/ParticleEffect/StereoSmoke/Falling_element done
Event: 11.654 loading class com/tanks_2d/ParticleEffect/StereoSmoke/Smoke_element
Event: 11.654 loading class com/tanks_2d/ParticleEffect/StereoSmoke/Smoke_element done
Event: 11.654 loading class com/tanks_2d/ParticleEffect/Explosion_Death
Event: 11.654 loading class com/tanks_2d/ParticleEffect/Explosion_Death done
Event: 11.655 loading class com/tanks_2d/ParticleEffect/ParticleSmoke
Event: 11.655 loading class com/tanks_2d/ParticleEffect/ParticleSmoke done
Event: 11.655 loading class com/tanks_2d/ParticleEffect/PasricalExplosion
Event: 11.655 loading class com/tanks_2d/ParticleEffect/PasricalExplosion done
Event: 11.655 loading class com/tanks_2d/ParticleEffect/PasricalExplosionBigParameter
Event: 11.655 loading class com/tanks_2d/ParticleEffect/PasricalExplosionBigParameter done
Event: 11.656 loading class com/tanks_2d/ParticleEffect/StereoSmoke/PasricalDeathSmoke
Event: 11.656 loading class com/tanks_2d/ParticleEffect/StereoSmoke/PasricalDeathSmoke done
Event: 11.656 loading class com/tanks_2d/ParticleEffect/StereoSmoke/Flying_stereo_elements_base
Event: 11.656 loading class com/tanks_2d/ParticleEffect/StereoSmoke/Flying_stereo_elements_base done


Dynamic libraries:
0x00007ff608fc0000 - 0x00007ff608fca000 	C:\Program Files\Android\Android Studio\jre\bin\java.exe
0x00007ff818c10000 - 0x00007ff818e05000 	C:\Windows\SYSTEM32\ntdll.dll
0x00007ff8173f0000 - 0x00007ff8174ad000 	C:\Windows\System32\KERNEL32.DLL
0x00007ff816350000 - 0x00007ff816618000 	C:\Windows\System32\KERNELBASE.dll
0x00007ff816820000 - 0x00007ff816920000 	C:\Windows\System32\ucrtbase.dll
0x00007ffffb410000 - 0x00007ffffb429000 	C:\Program Files\Android\Android Studio\jre\bin\jli.dll
0x00007ff80ea00000 - 0x00007ff80ea17000 	C:\Program Files\Android\Android Studio\jre\bin\VCRUNTIME140.dll
0x00007ff817950000 - 0x00007ff817af0000 	C:\Windows\System32\USER32.dll
0x00007ff816af0000 - 0x00007ff816b12000 	C:\Windows\System32\win32u.dll
0x00007ff800ea0000 - 0x00007ff80113a000 	C:\Windows\WinSxS\amd64_microsoft.windows.common-controls_6595b64144ccf1df_6.0.19041.1052_none_60b8f8fd71f5e8cb\COMCTL32.dll
0x00007ff817f60000 - 0x00007ff817f8a000 	C:\Windows\System32\GDI32.dll
0x00007ff8169e0000 - 0x00007ff816aeb000 	C:\Windows\System32\gdi32full.dll
0x00007ff8184d0000 - 0x00007ff81856e000 	C:\Windows\System32\msvcrt.dll
0x00007ff816620000 - 0x00007ff8166bd000 	C:\Windows\System32\msvcp_win.dll
0x00007ff816c80000 - 0x00007ff816cb0000 	C:\Windows\System32\IMM32.DLL
0x00007ffff0910000 - 0x00007ffff09ad000 	C:\Program Files\Android\Android Studio\jre\bin\msvcp140.dll
0x00007fffedaf0000 - 0x00007fffee5d5000 	C:\Program Files\Android\Android Studio\jre\bin\server\jvm.dll
0x00007ff8178a0000 - 0x00007ff81794c000 	C:\Windows\System32\ADVAPI32.dll
0x00007ff818b30000 - 0x00007ff818bcb000 	C:\Windows\System32\sechost.dll
0x00007ff818660000 - 0x00007ff81878b000 	C:\Windows\System32\RPCRT4.dll
0x00007ff818570000 - 0x00007ff818578000 	C:\Windows\System32\PSAPI.DLL
0x00007ff808150000 - 0x00007ff808177000 	C:\Windows\SYSTEM32\WINMM.dll
0x00007ff80db10000 - 0x00007ff80db19000 	C:\Windows\SYSTEM32\WSOCK32.dll
0x00007ff817f90000 - 0x00007ff817ffb000 	C:\Windows\System32\WS2_32.dll
0x00007ff811480000 - 0x00007ff81148a000 	C:\Windows\SYSTEM32\VERSION.dll
0x00007ff8142c0000 - 0x00007ff8142d2000 	C:\Windows\SYSTEM32\kernel.appcore.dll
0x00007ff809a70000 - 0x00007ff809a81000 	C:\Program Files\Android\Android Studio\jre\bin\verify.dll
0x00007ff805610000 - 0x00007ff8057f4000 	C:\Windows\SYSTEM32\DBGHELP.DLL
0x00007ffffe600000 - 0x00007ffffe62c000 	C:\Windows\SYSTEM32\dbgcore.DLL
0x00007ff816920000 - 0x00007ff8169a3000 	C:\Windows\System32\bcryptPrimitives.dll
0x00007ff801390000 - 0x00007ff8013b9000 	C:\Program Files\Android\Android Studio\jre\bin\java.dll
0x00007ff809a60000 - 0x00007ff809a6b000 	C:\Program Files\Android\Android Studio\jre\bin\jimage.dll
0x00007fffffc30000 - 0x00007fffffc48000 	C:\Program Files\Android\Android Studio\jre\bin\zip.dll
0x00007ff816cb0000 - 0x00007ff8173ef000 	C:\Windows\System32\SHELL32.dll
0x00007ff8144c0000 - 0x00007ff814c50000 	C:\Windows\SYSTEM32\windows.storage.dll
0x00007ff817540000 - 0x00007ff817895000 	C:\Windows\System32\combase.dll
0x00007ff815cf0000 - 0x00007ff815d1c000 	C:\Windows\SYSTEM32\Wldp.dll
0x00007ff818000000 - 0x00007ff8180ae000 	C:\Windows\System32\SHCORE.dll
0x00007ff818580000 - 0x00007ff8185d5000 	C:\Windows\System32\shlwapi.dll
0x00007ff816290000 - 0x00007ff8162af000 	C:\Windows\SYSTEM32\profapi.dll
0x00007ffffc1f0000 - 0x00007ffffc20a000 	C:\Program Files\Android\Android Studio\jre\bin\net.dll
0x00007ff810bb0000 - 0x00007ff810cbb000 	C:\Windows\SYSTEM32\WINHTTP.dll
0x00007ff815a60000 - 0x00007ff815aca000 	C:\Windows\system32\mswsock.dll
0x00007ffffb790000 - 0x00007ffffb7a4000 	C:\Program Files\Android\Android Studio\jre\bin\nio.dll
0x00007ff815c30000 - 0x00007ff815c48000 	C:\Windows\SYSTEM32\CRYPTSP.dll
0x00007ff815400000 - 0x00007ff815434000 	C:\Windows\system32\rsaenh.dll
0x00007ff8169b0000 - 0x00007ff8169d7000 	C:\Windows\System32\bcrypt.dll
0x00007ff816210000 - 0x00007ff81623e000 	C:\Windows\SYSTEM32\USERENV.dll
0x00007ff815c50000 - 0x00007ff815c5c000 	C:\Windows\SYSTEM32\CRYPTBASE.dll
0x00007ff815750000 - 0x00007ff81578b000 	C:\Windows\SYSTEM32\IPHLPAPI.DLL
0x00007ff8183a0000 - 0x00007ff8183a8000 	C:\Windows\System32\NSI.dll
0x00007ff811460000 - 0x00007ff811477000 	C:\Windows\SYSTEM32\dhcpcsvc6.DLL
0x00007ff811440000 - 0x00007ff81145d000 	C:\Windows\SYSTEM32\dhcpcsvc.DLL
0x00007ff815790000 - 0x00007ff81585c000 	C:\Windows\SYSTEM32\DNSAPI.dll
0x000000006e120000 - 0x000000006e149000 	C:\Temp\libgdxvik\e787ab0a\gdx64.dll
0x00007ffff0a00000 - 0x00007ffff0a75000 	C:\Temp\lwjglvik\3.3.1-build-7\lwjgl.dll
0x00007fffed890000 - 0x00007fffedae9000 	C:\Temp\lwjglvik\3.3.1-build-7\jemalloc.dll
0x00007ffff0150000 - 0x00007ffff01b1000 	C:\Temp\lwjglvik\3.3.1-build-7\glfw.dll
0x00007ffff59e0000 - 0x00007ffff5a25000 	C:\Windows\SYSTEM32\dinput8.dll
0x00007ffffb2f0000 - 0x00007ffffb301000 	C:\Windows\SYSTEM32\xinput1_4.dll
0x00007ff816c30000 - 0x00007ff816c7e000 	C:\Windows\System32\cfgmgr32.dll
0x00007ff816090000 - 0x00007ff8160bc000 	C:\Windows\SYSTEM32\DEVOBJ.dll
0x00007ff8141b0000 - 0x00007ff8141df000 	C:\Windows\SYSTEM32\dwmapi.dll
0x00007ff808290000 - 0x00007ff8083e2000 	C:\Windows\SYSTEM32\inputhost.dll
0x00007ff8181e0000 - 0x00007ff8182ad000 	C:\Windows\System32\OLEAUT32.dll
0x00007ff813ad0000 - 0x00007ff813bc2000 	C:\Windows\SYSTEM32\CoreMessaging.dll
0x00007ff8130a0000 - 0x00007ff8131f4000 	C:\Windows\SYSTEM32\wintypes.dll
0x00007ff80f1f0000 - 0x00007ff80f2e6000 	C:\Windows\SYSTEM32\PROPSYS.dll
0x00007ff813770000 - 0x00007ff813ace000 	C:\Windows\SYSTEM32\CoreUIComponents.dll
0x00007ff815090000 - 0x00007ff8150c3000 	C:\Windows\SYSTEM32\ntmarta.dll
0x00007ff813e00000 - 0x00007ff813e9e000 	C:\Windows\system32\uxtheme.dll
0x00007ff8183b0000 - 0x00007ff8184c5000 	C:\Windows\System32\MSCTF.dll
0x00007fffed1b0000 - 0x00007fffed347000 	C:\Temp\lwjglvik\3.3.1-build-7\OpenAL.dll
0x00007ff8180b0000 - 0x00007ff8181da000 	C:\Windows\System32\ole32.dll
0x00007ff818a80000 - 0x00007ff818b29000 	C:\Windows\System32\clbcatq.dll
0x00007ff811140000 - 0x00007ff8111c5000 	C:\Windows\System32\MMDevApi.dll
0x00007ff80ad20000 - 0x00007ff80aea1000 	C:\Windows\SYSTEM32\AUDIOSES.DLL
0x00007ff816110000 - 0x00007ff81615b000 	C:\Windows\SYSTEM32\powrprof.dll
0x00007ff8160f0000 - 0x00007ff816102000 	C:\Windows\SYSTEM32\UMPDC.dll
0x00007ff813ea0000 - 0x00007ff813eb4000 	C:\Windows\SYSTEM32\resourcepolicyclient.dll
0x00007ffffa990000 - 0x00007ffffaab6000 	C:\Windows\SYSTEM32\opengl32.dll
0x00007ffffb760000 - 0x00007ffffb78c000 	C:\Windows\SYSTEM32\GLU32.dll
0x00007ff811720000 - 0x00007ff811819000 	C:\Windows\System32\AppXDeploymentClient.dll
0x00007fffe48d0000 - 0x00007fffe7a89000 	C:\Windows\System32\DriverStore\FileRepository\nv_dispig.inf_amd64_47917a79b8c7fd22\nvoglv64.dll
0x00007ff817af0000 - 0x00007ff817f59000 	C:\Windows\System32\SETUPAPI.dll
0x00007ff811820000 - 0x00007ff811834000 	C:\Windows\SYSTEM32\WTSAPI32.dll
0x00007ff815ed0000 - 0x00007ff815ee2000 	C:\Windows\SYSTEM32\msasn1.dll
0x00007ff811400000 - 0x00007ff811431000 	C:\Windows\SYSTEM32\cryptnet.dll
0x00007ff8166c0000 - 0x00007ff81681f000 	C:\Windows\System32\CRYPT32.dll
0x00007ff810ff0000 - 0x00007ff81113a000 	C:\Windows\SYSTEM32\drvstore.dll
0x00007ff816bd0000 - 0x00007ff816c30000 	C:\Windows\System32\WINTRUST.dll
0x00007ff808060000 - 0x00007ff80809b000 	C:\Windows\SYSTEM32\dxcore.dll
0x00007ff815d90000 - 0x00007ff815dea000 	C:\Windows\SYSTEM32\WINSTA.dll
0x00007ffff0760000 - 0x00007ffff07bd000 	C:\Temp\lwjglvik\3.3.1-build-7\lwjgl_opengl.dll
0x00007ff8083f0000 - 0x00007ff8084e9000 	C:\Windows\SYSTEM32\textinputframework.dll

dbghelp: loaded successfully - version: 4.0.5 - missing functions: none
symbol engine: initialized successfully - sym options: 0x614 - pdb path: .;C:\Program Files\Android\Android Studio\jre\bin;C:\Windows\SYSTEM32;C:\Windows\WinSxS\amd64_microsoft.windows.common-controls_6595b64144ccf1df_6.0.19041.1052_none_60b8f8fd71f5e8cb;C:\Program Files\Android\Android Studio\jre\bin\server;C:\Temp\libgdxvik\e787ab0a;C:\Temp\lwjglvik\3.3.1-build-7;C:\Windows\System32\DriverStore\FileRepository\nv_dispig.inf_amd64_47917a79b8c7fd22

VM Arguments:
jvm_args: -Dfile.encoding=windows-1251 -Duser.country=RU -Duser.language=ru -Duser.variant 
java_command: com.tanks_2d.Pixel_4a
java_class_path (initial): C:\game_dev\2023_tank2d_reaload\desktop\build\classes\java\main;C:\game_dev\2023_tank2d_reaload\desktop\build\resources\main;C:\Users\vik\.gradle\caches\modules-2\files-2.1\com.badlogicgames.gdx\gdx-backend-lwjgl3\1.11.0\58a96db4cd349be4292d547856aa1e1c5f065f4e\gdx-backend-lwjgl3-1.11.0.jar;C:\Users\vik\.gradle\caches\modules-2\files-2.1\com.badlogicgames.gdx\gdx-platform\1.11.0\697fb13eada6d3c6ca648c9788692b0159add126\gdx-platform-1.11.0-natives-desktop.jar;C:\game_dev\2023_tank2d_reaload\core\build\libs\core-1.0.jar;C:\Users\vik\.gradle\caches\modules-2\files-2.1\com.badlogicgames.gdx\gdx\1.11.0\ffe1206d1004cd9e40027e28964be0fea0399af7\gdx-1.11.0.jar;C:\Users\vik\.gradle\caches\modules-2\files-2.1\org.lwjgl\lwjgl-glfw\3.3.1\cbac1b8d30cb4795149c1ef540f912671a8616d0\lwjgl-glfw-3.3.1.jar;C:\Users\vik\.gradle\caches\modules-2\files-2.1\org.lwjgl\lwjgl-glfw\3.3.1\81716978214ecbda15050ca394b06ef61501a49e\lwjgl-glfw-3.3.1-natives-linux.jar;C:\Users\vik\.gradle\caches\modules-2\files-2.1\org.lwjgl\lwjgl-glfw\3.3.1\816d935933f2dd743074c4e717cc25b55720f294\lwjgl-glfw-3.3.1-natives-linux-arm32.jar;C:\Users\vik\.gradle\caches\modules-2\files-2.1\org.lwjgl\lwjgl-glfw\3.3.1\513eb39b866d0fe131a18d5c517087805433b029\lwjgl-glfw-3.3.1-natives-linux-arm64.jar;C:\Users\vik\.gradle\caches\modules-2\files-2.1\org.lwjgl\lwjgl-glfw\3.3.1\9ec4ce1fc8c85fdef03ef4ff2aace6f5775fb280\lwjgl-glfw-3.3.1-natives-macos.jar;C:\Users\vik\.gradle\caches\modules-2\files-2.1\org.lwjgl\lwjgl-glfw\3.3.1\cac0d3f712a3da7641fa174735a5f315de7ffe0a\lwjgl-glfw-3.3.1-natives-macos-arm64.jar;C:\Users\vik\.gradle\caches\modules-2\files-2.1\org.lwjgl\lwjgl-glfw\3.3.1\ed892f945cf7e79c8756796f32d00fa4ceaf573b\lwjgl-glfw-3.3.1-natives-windows.jar;C:\Users\vik\.gradle\caches\modules-2\files-2.1\org.lwjgl\lwjgl-glfw\3.3.1\b997e3391d6ce8f05487e7335d95c606043884a1\lwjgl-glfw-3.3.1-natives-windows-x86.jar;C:\Users\vik\.gradle\caches\modules-2\files-2.1\org.lwjgl\lwjgl-jemalloc\3.3.1\a817bcf213d
Launcher Type: SUN_STANDARD

[Global flags]
     intx CICompilerCount                          = 4                                         {product} {ergonomic}
     uint ConcGCThreads                            = 3                                         {product} {ergonomic}
     uint G1ConcRefinementThreads                  = 10                                        {product} {ergonomic}
   size_t G1HeapRegionSize                         = 1048576                                   {product} {ergonomic}
    uintx GCDrainStackTargetSize                   = 64                                        {product} {ergonomic}
   size_t InitialHeapSize                          = 268435456                                 {product} {ergonomic}
   size_t MarkStackSize                            = 4194304                                   {product} {ergonomic}
   size_t MaxHeapSize                              = 4282384384                                {product} {ergonomic}
   size_t MaxNewSize                               = 2569011200                                {product} {ergonomic}
   size_t MinHeapDeltaBytes                        = 1048576                                   {product} {ergonomic}
    uintx NonNMethodCodeHeapSize                   = 5836300                                {pd product} {ergonomic}
    uintx NonProfiledCodeHeapSize                  = 122910970                              {pd product} {ergonomic}
    uintx ProfiledCodeHeapSize                     = 122910970                              {pd product} {ergonomic}
    uintx ReservedCodeCacheSize                    = 251658240                              {pd product} {ergonomic}
     bool SegmentedCodeCache                       = true                                      {product} {ergonomic}
     bool UseCompressedClassPointers               = true                                 {lp64_product} {ergonomic}
     bool UseCompressedOops                        = true                                 {lp64_product} {ergonomic}
     bool UseG1GC                                  = true                                      {product} {ergonomic}
     bool UseLargePagesIndividualAllocation        = false                                  {pd product} {ergonomic}

Logging:
Log output configuration:
 #0: stdout all=warning uptime,level,tags
 #1: stderr all=off uptime,level,tags

Environment Variables:
PATH=C:\Program Files\Common Files\Oracle\Java\javapath;C:\Program Files (x86)\Common Files\Oracle\Java\javapath;C:\Windows\system32;C:\Windows;C:\Windows\System32\Wbem;C:\Windows\System32\WindowsPowerShell\v1.0\;C:\Program Files\Git\cmd;C:\Program Files (x86)\NVIDIA Corporation\PhysX\Common;C:\Program Files\PuTTY\;C:\Users\vik\AppData\Local\Microsoft\WindowsApps;
USERNAME=vik
OS=Windows_NT
PROCESSOR_IDENTIFIER=AMD64 Family 23 Model 1 Stepping 1, AuthenticAMD



---------------  S Y S T E M  ---------------

OS: Windows 10 , 64 bit Build 19041 (10.0.19041.1023)
OS uptime: 0 days 2:45 hours

CPU:total 12 (initial active 12) (12 cores per cpu, 2 threads per core) family 23 model 1 stepping 1 microcode 0x0, cmov, cx8, fxsr, mmx, sse, sse2, sse3, ssse3, sse4.1, sse4.2, popcnt, avx, avx2, aes, clmul, mmxext, 3dnowpref, lzcnt, sse4a, ht, tsc, tscinvbit, tscinv, bmi1, bmi2, adx, sha, fma

Memory: 4k page, system-wide physical 16332M (10023M free)
TotalPageFile size 18764M (AvailPageFile size 10884M)
current process WorkingSet (physical memory assigned to process): 194M, peak: 211M
current process commit charge ("private bytes"): 480M, peak: 497M

vm_info: OpenJDK 64-Bit Server VM (11.0.12+7-b1504.28-7817840) for windows-amd64 JRE (11.0.12+7-b1504.28-7817840), built on Oct 13 2021 22:12:33 by "builder" with MS VC++ 14.0 (VS2015)

END.
